app/core/config.py:337: error: "PydanticDescriptorProxy[ModelValidatorDecoratorInfo]" not callable  [operator]
app/core/database.py:104: error: Unused "type: ignore" comment  [unused-ignore]
app/core/database.py:108: error: Unused "type: ignore" comment  [unused-ignore]
app/core/database.py:147: error: The return type of an async generator function should be "AsyncGenerator" or one of its supertypes  [misc]
app/core/database.py:244: error: Unsupported target for indexed assignment ("object")  [index]
app/services/admin_service.py:36: error: Non-overlapping identity check (left operand type: "Column[bool]", right operand type: "Literal[True]")  [comparison-overlap]
app/services/admin_service.py:36: error: Argument 1 to "and_" has incompatible type "bool"; expected "Literal[True] | ColumnElement[bool] | _HasClauseElement | SQLCoreOperations[bool] | ExpressionElementRole[bool] | Callable[[], ColumnElement[bool]] | LambdaElement"  [arg-type]
app/services/admin_service.py:136: error: "User" has no attribute "total_cost"  [attr-defined]
app/services/admin_service.py:144: error: Unsupported operand types for + ("None" and "int")  [operator]
app/services/admin_service.py:144: note: Left operand is of type "int | None"
app/services/admin_service.py:202: error: "AIGenerationJob" has no attribute "input_tokens"  [attr-defined]
app/services/admin_service.py:203: error: "AIGenerationJob" has no attribute "output_tokens"  [attr-defined]
app/services/admin_service.py:206: error: "AIGenerationJob" has no attribute "duration_ms"  [attr-defined]
app/services/admin_service.py:218: error: Unsupported operand types for + ("None" and "int")  [operator]
app/services/admin_service.py:218: note: Left operand is of type "int | None"
app/services/admin_service.py:299: error: Non-overlapping identity check (left operand type: "Column[bool]", right operand type: "Literal[True]")  [comparison-overlap]
app/services/admin_service.py:299: error: Argument 2 to "and_" has incompatible type "bool"; expected "ColumnElement[bool] | _HasClauseElement | SQLCoreOperations[bool] | ExpressionElementRole[bool] | Callable[[], ColumnElement[bool]] | LambdaElement"  [arg-type]
app/services/admin_service.py:305: error: Unsupported operand types for / ("int" and "None")  [operator]
app/services/admin_service.py:305: error: Unsupported operand types for / ("None" and "int")  [operator]
app/services/admin_service.py:305: error: Unsupported left operand type for / ("None")  [operator]
app/services/admin_service.py:305: note: Both left and right operands are unions
app/services/admin_service.py:305: error: Unsupported operand types for < ("int" and "None")  [operator]
app/services/admin_service.py:305: note: Left operand is of type "int | None"
app/middleware/rate_limit.py:240: error: Argument 1 to "Limiter" has incompatible type "**dict[str, object]"; expected "Callable[..., str]"  [arg-type]
app/middleware/rate_limit.py:240: error: Argument 1 to "Limiter" has incompatible type "**dict[str, object]"; expected "list[str | Callable[..., str]]"  [arg-type]
app/middleware/rate_limit.py:240: error: Argument 1 to "Limiter" has incompatible type "**dict[str, object]"; expected "bool"  [arg-type]
app/middleware/rate_limit.py:240: error: Argument 1 to "Limiter" has incompatible type "**dict[str, object]"; expected "str | None"  [arg-type]
app/middleware/rate_limit.py:240: error: Argument 1 to "Limiter" has incompatible type "**dict[str, object]"; expected "dict[str, str]"  [arg-type]
app/middleware/rate_limit.py:240: error: Argument 1 to "Limiter" has incompatible type "**dict[str, object]"; expected "str"  [arg-type]
app/middleware/rate_limit.py:240: error: Argument 1 to "Limiter" has incompatible type "**dict[str, object]"; expected "Literal['endpoint', 'url']"  [arg-type]
app/middleware/rate_limit.py:269: error: Unused "type: ignore" comment  [unused-ignore]
app/middleware/rate_limit.py:269: error: Function is missing a return type annotation  [no-untyped-def]
app/middleware/rate_limit.py:269: note: Error code "no-untyped-def" not covered by "type: ignore" comment
app/middleware/rate_limit.py:309: error: Returning Any from function declared to return "Callable[..., Any]"  [no-any-return]
app/middleware/rate_limit.py:321: error: Function is missing a return type annotation  [no-untyped-def]
app/middleware/rate_limit.py:321: error: Function is missing a type annotation for one or more arguments  [no-untyped-def]
app/middleware/csrf.py:18: error: Unused "type: ignore" comment  [unused-ignore]
app/middleware/csrf.py:18: error: Function is missing a return type annotation  [no-untyped-def]
app/middleware/csrf.py:18: note: Error code "no-untyped-def" not covered by "type: ignore" comment
app/core/logging.py:94: error: Unused "type: ignore" comment  [unused-ignore]
app/core/logging.py:94: error: Function is missing a return type annotation  [no-untyped-def]
app/core/logging.py:94: note: Error code "no-untyped-def" not covered by "type: ignore" comment
app/core/logging.py:94: error: Function is missing a type annotation for one or more arguments  [no-untyped-def]
app/services/document_service.py:277: error: "int" has no attribute "id"  [attr-defined]
app/services/document_service.py:278: error: "int" has no attribute "title"  [attr-defined]
app/services/document_service.py:279: error: "int" has no attribute "section_index"  [attr-defined]
app/services/document_service.py:280: error: "int" has no attribute "section_type"  [attr-defined]
app/services/document_service.py:281: error: "int" has no attribute "content"  [attr-defined]
app/services/document_service.py:282: error: "int" has no attribute "word_count"  [attr-defined]
app/services/document_service.py:283: error: "int" has no attribute "status"  [attr-defined]
app/services/document_service.py:284: error: "int" has no attribute "tokens_used"  [attr-defined]
app/services/document_service.py:285: error: "int" has no attribute "generation_time_seconds"  [attr-defined]
app/services/document_service.py:286: error: "int" has no attribute "created_at"  [attr-defined]
app/services/document_service.py:287: error: "int" has no attribute "completed_at"  [attr-defined]
app/services/auth_service.py:94: error: Non-overlapping identity check (left operand type: "Column[bool]", right operand type: "Literal[False]")  [comparison-overlap]
app/services/auth_service.py:94: error: Argument 2 to "where" of "Select" has incompatible type "bool"; expected "ColumnElement[bool] | _HasClauseElement | SQLCoreOperations[bool] | ExpressionElementRole[bool] | Callable[[], ColumnElement[bool]] | LambdaElement"  [arg-type]
app/services/auth_service.py:95: error: Non-overlapping identity check (left operand type: "Column[bool]", right operand type: "Literal[False]")  [comparison-overlap]
app/services/auth_service.py:95: error: Argument 3 to "where" of "Select" has incompatible type "bool"; expected "ColumnElement[bool] | _HasClauseElement | SQLCoreOperations[bool] | ExpressionElementRole[bool] | Callable[[], ColumnElement[bool]] | LambdaElement"  [arg-type]
app/services/auth_service.py:105: error: Incompatible types in assignment (expression has type "bool", variable has type "Column[bool]")  [assignment]
app/services/auth_service.py:106: error: Incompatible types in assignment (expression has type "datetime", variable has type "Column[datetime]")  [assignment]
app/services/auth_service.py:118: error: "MagicLinkToken" has no attribute "last_login"  [attr-defined]
app/services/auth_service.py:119: error: "MagicLinkToken" has no attribute "is_verified"  [attr-defined]
app/services/auth_service.py:122: error: Argument 1 to "_create_access_token" of "AuthService" has incompatible type "Column[int]"; expected "int"  [arg-type]
app/services/auth_service.py:123: error: Argument 1 to "_create_refresh_token" of "AuthService" has incompatible type "Column[int]"; expected "int"  [arg-type]
app/services/auth_service.py:143: error: "MagicLinkToken" has no attribute "full_name"  [attr-defined]
app/services/auth_service.py:144: error: "MagicLinkToken" has no attribute "is_verified"  [attr-defined]
app/services/auth_service.py:160: error: Non-overlapping identity check (left operand type: "Column[bool]", right operand type: "Literal[True]")  [comparison-overlap]
app/services/auth_service.py:160: error: Argument 2 to "where" of "Select" has incompatible type "bool"; expected "ColumnElement[bool] | _HasClauseElement | SQLCoreOperations[bool] | ExpressionElementRole[bool] | Callable[[], ColumnElement[bool]] | LambdaElement"  [arg-type]
app/services/auth_service.py:179: error: Incompatible types in assignment (expression has type "datetime", variable has type "Column[datetime]")  [assignment]
app/services/auth_service.py:182: error: Argument 1 to "_create_access_token" of "AuthService" has incompatible type "Column[int]"; expected "int"  [arg-type]
app/services/auth_service.py:192: error: "UserSession" has no attribute "email"  [attr-defined]
app/services/auth_service.py:193: error: "UserSession" has no attribute "full_name"  [attr-defined]
app/services/auth_service.py:194: error: "UserSession" has no attribute "is_verified"  [attr-defined]
app/services/auth_service.py:231: error: Returning Any from function declared to return "dict[str, Any]"  [no-any-return]
app/services/auth_service.py:298: error: Returning Any from function declared to return "str"  [no-any-return]
app/services/auth_service.py:310: error: Returning Any from function declared to return "str"  [no-any-return]
app/api/v1/endpoints/documents.py:30: error: Function is missing a return type annotation  [no-untyped-def]
app/api/v1/endpoints/documents.py:40: error: Argument "user_id" to "create_document" of "DocumentService" has incompatible type "Column[int]"; expected "int"  [arg-type]
app/api/v1/endpoints/documents.py:64: error: Function is missing a return type annotation  [no-untyped-def]
app/api/v1/endpoints/documents.py:75: error: Argument "user_id" to "get_user_documents" of "DocumentService" has incompatible type "Column[int]"; expected "int"  [arg-type]
app/api/v1/endpoints/documents.py:94: error: Function is missing a return type annotation  [no-untyped-def]
app/api/v1/endpoints/documents.py:103: error: Argument 2 to "get_document" of "DocumentService" has incompatible type "Column[int]"; expected "int"  [arg-type]
app/api/v1/endpoints/documents.py:121: error: Function is missing a return type annotation  [no-untyped-def]
app/api/v1/endpoints/documents.py:131: error: Too many arguments for "update_document" of "DocumentService"  [call-arg]
app/api/v1/endpoints/documents.py:131: error: Argument 2 to "update_document" of "DocumentService" has incompatible type "DocumentUpdate"; expected "int"  [arg-type]
app/api/v1/endpoints/documents.py:149: error: Function is missing a return type annotation  [no-untyped-def]
app/api/v1/endpoints/documents.py:158: error: Argument 2 to "delete_document" of "DocumentService" has incompatible type "Column[int]"; expected "int"  [arg-type]
app/api/v1/endpoints/documents.py:176: error: Function is missing a return type annotation  [no-untyped-def]
app/api/v1/endpoints/documents.py:189: error: Argument 3 to "export_document" of "DocumentService" has incompatible type "Column[int]"; expected "int"  [arg-type]
app/api/v1/endpoints/documents.py:206: error: Function is missing a return type annotation  [no-untyped-def]
app/api/v1/endpoints/documents.py:219: error: Argument 3 to "export_document" of "DocumentService" has incompatible type "Column[int]"; expected "int"  [arg-type]
app/api/v1/endpoints/auth.py:33: error: Function is missing a return type annotation  [no-untyped-def]
app/api/v1/endpoints/auth.py:108: error: Function is missing a return type annotation  [no-untyped-def]
app/api/v1/endpoints/auth.py:192: error: Function is missing a return type annotation  [no-untyped-def]
app/api/v1/endpoints/auth.py:276: error: Function is missing a return type annotation  [no-untyped-def]
app/api/v1/endpoints/auth.py:308: error: Argument "user_id" to "log_security_audit_event" has incompatible type "dict[str, Any]"; expected "int | None"  [arg-type]
app/api/v1/endpoints/auth.py:334: error: Function is missing a return type annotation  [no-untyped-def]
app/api/v1/endpoints/admin.py:26: error: Function is missing a return type annotation  [no-untyped-def]
app/api/v1/endpoints/admin.py:40: error: Argument "user_id" to "log_security_audit_event" has incompatible type "Column[int]"; expected "int | None"  [arg-type]
app/api/v1/endpoints/admin.py:55: error: Argument "user_id" to "log_security_audit_event" has incompatible type "Column[int]"; expected "int | None"  [arg-type]
app/api/v1/endpoints/admin.py:71: error: Function is missing a return type annotation  [no-untyped-def]
app/api/v1/endpoints/admin.py:91: error: Argument "user_id" to "log_security_audit_event" has incompatible type "Column[int]"; expected "int | None"  [arg-type]
app/api/v1/endpoints/admin.py:105: error: Argument "user_id" to "log_security_audit_event" has incompatible type "Column[int]"; expected "int | None"  [arg-type]
app/api/v1/endpoints/admin.py:121: error: Function is missing a return type annotation  [no-untyped-def]
app/api/v1/endpoints/admin.py:145: error: Argument "user_id" to "log_security_audit_event" has incompatible type "Column[int]"; expected "int | None"  [arg-type]
app/api/v1/endpoints/admin.py:159: error: Argument "user_id" to "log_security_audit_event" has incompatible type "Column[int]"; expected "int | None"  [arg-type]
app/api/v1/endpoints/admin.py:175: error: Function is missing a return type annotation  [no-untyped-def]
app/api/v1/endpoints/admin.py:195: error: Argument "user_id" to "log_security_audit_event" has incompatible type "Column[int]"; expected "int | None"  [arg-type]
app/api/v1/endpoints/admin.py:209: error: Argument "user_id" to "log_security_audit_event" has incompatible type "Column[int]"; expected "int | None"  [arg-type]
app/api/v1/endpoints/admin.py:225: error: Function is missing a return type annotation  [no-untyped-def]
app/api/v1/endpoints/admin.py:242: error: Argument "user_id" to "log_security_audit_event" has incompatible type "Column[int]"; expected "int | None"  [arg-type]
app/api/v1/endpoints/admin.py:255: error: Argument "user_id" to "log_security_audit_event" has incompatible type "Column[int]"; expected "int | None"  [arg-type]
app/api/v1/endpoints/admin.py:271: error: Function is missing a return type annotation  [no-untyped-def]
app/api/v1/endpoints/admin.py:288: error: Argument "user_id" to "log_security_audit_event" has incompatible type "Column[int]"; expected "int | None"  [arg-type]
app/api/v1/endpoints/admin.py:307: error: Argument "user_id" to "log_security_audit_event" has incompatible type "Column[int]"; expected "int | None"  [arg-type]
app/api/v1/endpoints/admin.py:323: error: Function is missing a return type annotation  [no-untyped-def]
app/api/v1/endpoints/admin.py:340: error: Argument "user_id" to "log_security_audit_event" has incompatible type "Column[int]"; expected "int | None"  [arg-type]
app/api/v1/endpoints/admin.py:354: error: Argument "user_id" to "log_security_audit_event" has incompatible type "Column[int]"; expected "int | None"  [arg-type]
app/api/v1/endpoints/admin.py:370: error: Function is missing a return type annotation  [no-untyped-def]
app/api/v1/endpoints/admin.py:390: error: Argument "user_id" to "log_security_audit_event" has incompatible type "Column[int]"; expected "int | None"  [arg-type]
app/api/v1/endpoints/admin.py:408: error: Argument "user_id" to "log_security_audit_event" has incompatible type "Column[int]"; expected "int | None"  [arg-type]
app/services/ai_pipeline/humanizer.py:137: error: "AsyncAnthropic" has no attribute "messages"  [attr-defined]
app/services/ai_pipeline/humanizer.py:147: error: Returning Any from function declared to return "str"  [no-any-return]
app/services/ai_pipeline/generator.py:209: error: "AsyncAnthropic" has no attribute "messages"  [attr-defined]
app/services/ai_pipeline/generator.py:219: error: Returning Any from function declared to return "str"  [no-any-return]
app/services/ai_service.py:53: error: Argument "provider" to "_call_ai_provider" of "AIService" has incompatible type "Column[str]"; expected "str"  [arg-type]
app/services/ai_service.py:54: error: Argument "model" to "_call_ai_provider" of "AIService" has incompatible type "Column[str]"; expected "str"  [arg-type]
app/services/ai_service.py:146: error: Argument "provider" to "generate_section" of "SectionGenerator" has incompatible type "Column[str]"; expected "str"  [arg-type]
app/services/ai_service.py:147: error: Argument "model" to "generate_section" of "SectionGenerator" has incompatible type "Column[str]"; expected "str"  [arg-type]
app/services/ai_service.py:167: error: Incompatible types in assignment (expression has type "str", variable has type "Column[str]")  [assignment]
app/services/ai_service.py:168: error: Incompatible types in assignment (expression has type "int", variable has type "Column[int]")  [assignment]
app/services/ai_service.py:169: error: Incompatible types in assignment (expression has type "int", variable has type "Column[int]")  [assignment]
app/services/ai_service.py:170: error: Incompatible types in assignment (expression has type "datetime", variable has type "Column[datetime]")  [assignment]
app/services/ai_service.py:172: error: Incompatible types in assignment (expression has type "DocumentSection", variable has type "Document | None")  [assignment]
app/services/ai_service.py:293: error: "AsyncAnthropic" has no attribute "messages"  [attr-defined]
app/services/background_jobs.py:31: error: Function is missing a return type annotation  [no-untyped-def]
app/services/background_jobs.py:73: error: Untyped decorator makes function "generate_full_document" untyped  [misc]
app/services/background_jobs.py:319: error: Untyped decorator makes function "process_custom_requirement" untyped  [misc]
app/api/v1/endpoints/generate.py:33: error: Function is missing a return type annotation  [no-untyped-def]
app/api/v1/endpoints/generate.py:44: error: Argument "user_id" to "generate_outline" of "AIService" has incompatible type "Column[int]"; expected "int"  [arg-type]
app/api/v1/endpoints/generate.py:67: error: Function is missing a return type annotation  [no-untyped-def]
app/api/v1/endpoints/generate.py:80: error: Argument "user_id" to "generate_section" of "AIService" has incompatible type "Column[int]"; expected "int"  [arg-type]
app/api/v1/endpoints/generate.py:118: error: Function is missing a return type annotation  [no-untyped-def]
app/api/v1/endpoints/generate.py:146: error: Function is missing a return type annotation  [no-untyped-def]
app/api/v1/endpoints/generate.py:196: error: Subclass of "Column[Any]" and "dict[Any, Any]" cannot exist: would have incompatible method signatures  [unreachable]
app/api/v1/endpoints/generate.py:197: error: Statement is unreachable  [unreachable]
Found 139 errors in 16 files (checked 34 source files)
