{"/Users/maxmaxvel/AI TESI/apps/web/app/error.tsx": {"path":"/Users/maxmaxvel/AI TESI/apps/web/app/error.tsx","statementMap":{"0":{"start":{"line":5,"column":24},"end":{"line":5,"column":30}},"1":{"start":{"line":3,"column":26},"end":{"line":3,"column":null}},"2":{"start":{"line":6,"column":2},"end":{"line":9,"column":null}},"3":{"start":{"line":16,"column":23},"end":{"line":16,"column":null}}},"fnMap":{"0":{"name":"Error","decl":{"start":{"line":5,"column":24},"end":{"line":5,"column":30}},"loc":{"start":{"line":5,"column":105},"end":{"line":23,"column":null}}},"1":{"name":"(anonymous_2)","decl":{"start":{"line":6,"column":12},"end":{"line":6,"column":null}},"loc":{"start":{"line":6,"column":12},"end":{"line":9,"column":5}}},"2":{"name":"(anonymous_3)","decl":{"start":{"line":16,"column":17},"end":{"line":16,"column":23}},"loc":{"start":{"line":16,"column":23},"end":{"line":16,"column":null}}}},"branchMap":{"0":{"loc":{"start":{"line":14,"column":49},"end":{"line":14,"column":null}},"type":"binary-expr","locations":[{"start":{"line":14,"column":49},"end":{"line":14,"column":67}},{"start":{"line":14,"column":67},"end":{"line":14,"column":null}}]}},"s":{"0":0,"1":0,"2":0,"3":0},"f":{"0":0,"1":0,"2":0},"b":{"0":[0,0]}}
,"/Users/maxmaxvel/AI TESI/apps/web/app/global-error.tsx": {"path":"/Users/maxmaxvel/AI TESI/apps/web/app/global-error.tsx","statementMap":{"0":{"start":{"line":3,"column":24},"end":{"line":3,"column":36}},"1":{"start":{"line":11,"column":27},"end":{"line":11,"column":null}}},"fnMap":{"0":{"name":"GlobalError","decl":{"start":{"line":3,"column":24},"end":{"line":3,"column":36}},"loc":{"start":{"line":3,"column":89},"end":{"line":20,"column":null}}},"1":{"name":"(anonymous_2)","decl":{"start":{"line":11,"column":21},"end":{"line":11,"column":27}},"loc":{"start":{"line":11,"column":27},"end":{"line":11,"column":null}}}},"branchMap":{"0":{"loc":{"start":{"line":9,"column":53},"end":{"line":9,"column":null}},"type":"binary-expr","locations":[{"start":{"line":9,"column":53},"end":{"line":9,"column":71}},{"start":{"line":9,"column":71},"end":{"line":9,"column":null}}]}},"s":{"0":0,"1":0},"f":{"0":0,"1":0},"b":{"0":[0,0]}}
,"/Users/maxmaxvel/AI TESI/apps/web/app/layout.tsx": {"path":"/Users/maxmaxvel/AI TESI/apps/web/app/layout.tsx","statementMap":{"0":{"start":{"line":21,"column":24},"end":{"line":21,"column":35}},"1":{"start":{"line":9,"column":13},"end":{"line":9,"column":21}},"2":{"start":{"line":16,"column":13},"end":{"line":16,"column":21}},"3":{"start":{"line":2,"column":22},"end":{"line":2,"column":null}},"4":{"start":{"line":3,"column":7},"end":{"line":3,"column":null}},"5":{"start":{"line":4,"column":24},"end":{"line":4,"column":null}},"6":{"start":{"line":5,"column":29},"end":{"line":5,"column":null}},"7":{"start":{"line":7,"column":14},"end":{"line":7,"column":null}},"8":{"start":{"line":9,"column":34},"end":{"line":14,"column":null}},"9":{"start":{"line":16,"column":24},"end":{"line":19,"column":null}}},"fnMap":{"0":{"name":"RootLayout","decl":{"start":{"line":21,"column":24},"end":{"line":21,"column":35}},"loc":{"start":{"line":25,"column":1},"end":{"line":59,"column":1}}}},"branchMap":{},"s":{"0":0,"1":0,"2":0,"3":0,"4":0,"5":0,"6":0,"7":0,"8":0,"9":0},"f":{"0":0},"b":{}}
,"/Users/maxmaxvel/AI TESI/apps/web/app/page.tsx": {"path":"/Users/maxmaxvel/AI TESI/apps/web/app/page.tsx","statementMap":{"0":{"start":{"line":10,"column":24},"end":{"line":10,"column":null}},"1":{"start":{"line":1,"column":25},"end":{"line":1,"column":null}},"2":{"start":{"line":2,"column":21},"end":{"line":2,"column":null}},"3":{"start":{"line":3,"column":25},"end":{"line":3,"column":null}},"4":{"start":{"line":4,"column":27},"end":{"line":4,"column":null}},"5":{"start":{"line":5,"column":24},"end":{"line":5,"column":null}},"6":{"start":{"line":6,"column":23},"end":{"line":6,"column":null}},"7":{"start":{"line":7,"column":23},"end":{"line":7,"column":null}},"8":{"start":{"line":8,"column":31},"end":{"line":8,"column":null}}},"fnMap":{"0":{"name":"HomePage","decl":{"start":{"line":10,"column":24},"end":{"line":10,"column":null}},"loc":{"start":{"line":10,"column":24},"end":{"line":25,"column":null}}}},"branchMap":{},"s":{"0":0,"1":0,"2":0,"3":0,"4":0,"5":0,"6":0,"7":0,"8":0},"f":{"0":0},"b":{}}
,"/Users/maxmaxvel/AI TESI/apps/web/app/admin/layout.tsx": {"path":"/Users/maxmaxvel/AI TESI/apps/web/app/admin/layout.tsx","statementMap":{"0":{"start":{"line":5,"column":24},"end":{"line":5,"column":43}},"1":{"start":{"line":3,"column":28},"end":{"line":3,"column":null}}},"fnMap":{"0":{"name":"AdminLayoutWrapper","decl":{"start":{"line":5,"column":24},"end":{"line":5,"column":43}},"loc":{"start":{"line":9,"column":1},"end":{"line":11,"column":null}}}},"branchMap":{},"s":{"0":0,"1":0},"f":{"0":0},"b":{}}
,"/Users/maxmaxvel/AI TESI/apps/web/app/admin/page.tsx": {"path":"/Users/maxmaxvel/AI TESI/apps/web/app/admin/page.tsx","statementMap":{"0":{"start":{"line":3,"column":24},"end":{"line":3,"column":null}},"1":{"start":{"line":1,"column":25},"end":{"line":1,"column":null}},"2":{"start":{"line":4,"column":2},"end":{"line":4,"column":null}}},"fnMap":{"0":{"name":"AdminPage","decl":{"start":{"line":3,"column":24},"end":{"line":3,"column":null}},"loc":{"start":{"line":3,"column":24},"end":{"line":5,"column":null}}}},"branchMap":{},"s":{"0":0,"1":0,"2":0},"f":{"0":0},"b":{}}
,"/Users/maxmaxvel/AI TESI/apps/web/app/admin/dashboard/page.tsx": {"path":"/Users/maxmaxvel/AI TESI/apps/web/app/admin/dashboard/page.tsx","statementMap":{"0":{"start":{"line":25,"column":24},"end":{"line":25,"column":null}},"1":{"start":{"line":3,"column":36},"end":{"line":3,"column":null}},"2":{"start":{"line":4,"column":20},"end":{"line":4,"column":null}},"3":{"start":{"line":5,"column":100},"end":{"line":5,"column":null}},"4":{"start":{"line":6,"column":31},"end":{"line":6,"column":null}},"5":{"start":{"line":7,"column":18},"end":{"line":7,"column":null}},"6":{"start":{"line":10,"column":32},"end":{"line":10,"column":null}},"7":{"start":{"line":10,"column":32},"end":{"line":10,"column":81}},"8":{"start":{"line":10,"column":94},"end":{"line":10,"column":null}},"9":{"start":{"line":11,"column":17},"end":{"line":11,"column":null}},"10":{"start":{"line":15,"column":34},"end":{"line":15,"column":null}},"11":{"start":{"line":15,"column":34},"end":{"line":15,"column":85}},"12":{"start":{"line":15,"column":98},"end":{"line":15,"column":null}},"13":{"start":{"line":16,"column":17},"end":{"line":16,"column":null}},"14":{"start":{"line":20,"column":37},"end":{"line":20,"column":null}},"15":{"start":{"line":20,"column":37},"end":{"line":20,"column":91}},"16":{"start":{"line":20,"column":104},"end":{"line":20,"column":null}},"17":{"start":{"line":21,"column":17},"end":{"line":21,"column":null}},"18":{"start":{"line":26,"column":28},"end":{"line":26,"column":null}},"19":{"start":{"line":27,"column":30},"end":{"line":27,"column":null}},"20":{"start":{"line":28,"column":34},"end":{"line":28,"column":null}},"21":{"start":{"line":29,"column":32},"end":{"line":29,"column":null}},"22":{"start":{"line":30,"column":36},"end":{"line":30,"column":null}},"23":{"start":{"line":31,"column":30},"end":{"line":31,"column":null}},"24":{"start":{"line":33,"column":2},"end":{"line":56,"column":null}},"25":{"start":{"line":34,"column":31},"end":{"line":53,"column":null}},"26":{"start":{"line":35,"column":6},"end":{"line":52,"column":null}},"27":{"start":{"line":36,"column":8},"end":{"line":36,"column":null}},"28":{"start":{"line":37,"column":67},"end":{"line":42,"column":null}},"29":{"start":{"line":43,"column":8},"end":{"line":43,"column":null}},"30":{"start":{"line":44,"column":8},"end":{"line":44,"column":null}},"31":{"start":{"line":45,"column":8},"end":{"line":45,"column":null}},"32":{"start":{"line":46,"column":8},"end":{"line":46,"column":null}},"33":{"start":{"line":48,"column":8},"end":{"line":48,"column":null}},"34":{"start":{"line":49,"column":8},"end":{"line":49,"column":null}},"35":{"start":{"line":51,"column":8},"end":{"line":51,"column":null}},"36":{"start":{"line":55,"column":4},"end":{"line":55,"column":null}},"37":{"start":{"line":58,"column":2},"end":{"line":64,"column":null}},"38":{"start":{"line":66,"column":2},"end":{"line":72,"column":null}},"39":{"start":{"line":87,"column":14},"end":{"line":87,"column":null}},"40":{"start":{"line":94,"column":12},"end":{"line":95,"column":null}},"41":{"start":{"line":96,"column":29},"end":{"line":96,"column":null}},"42":{"start":{"line":153,"column":45},"end":{"line":153,"column":null}},"43":{"start":{"line":158,"column":43},"end":{"line":158,"column":null}},"44":{"start":{"line":163,"column":47},"end":{"line":163,"column":null}}},"fnMap":{"0":{"name":"(anonymous_5)","decl":{"start":{"line":10,"column":26},"end":{"line":10,"column":32}},"loc":{"start":{"line":10,"column":32},"end":{"line":10,"column":null}}},"1":{"name":"(anonymous_6)","decl":{"start":{"line":10,"column":32},"end":{"line":10,"column":39}},"loc":{"start":{"line":10,"column":32},"end":{"line":10,"column":81}}},"2":{"name":"(anonymous_7)","decl":{"start":{"line":10,"column":86},"end":{"line":10,"column":94}},"loc":{"start":{"line":10,"column":94},"end":{"line":10,"column":null}}},"3":{"name":"(anonymous_9)","decl":{"start":{"line":11,"column":11},"end":{"line":11,"column":17}},"loc":{"start":{"line":11,"column":17},"end":{"line":11,"column":null}}},"4":{"name":"(anonymous_10)","decl":{"start":{"line":15,"column":28},"end":{"line":15,"column":34}},"loc":{"start":{"line":15,"column":34},"end":{"line":15,"column":null}}},"5":{"name":"(anonymous_11)","decl":{"start":{"line":15,"column":34},"end":{"line":15,"column":41}},"loc":{"start":{"line":15,"column":34},"end":{"line":15,"column":85}}},"6":{"name":"(anonymous_12)","decl":{"start":{"line":15,"column":90},"end":{"line":15,"column":98}},"loc":{"start":{"line":15,"column":98},"end":{"line":15,"column":null}}},"7":{"name":"(anonymous_14)","decl":{"start":{"line":16,"column":11},"end":{"line":16,"column":17}},"loc":{"start":{"line":16,"column":17},"end":{"line":16,"column":null}}},"8":{"name":"(anonymous_15)","decl":{"start":{"line":20,"column":31},"end":{"line":20,"column":37}},"loc":{"start":{"line":20,"column":37},"end":{"line":20,"column":null}}},"9":{"name":"(anonymous_16)","decl":{"start":{"line":20,"column":37},"end":{"line":20,"column":44}},"loc":{"start":{"line":20,"column":37},"end":{"line":20,"column":91}}},"10":{"name":"(anonymous_17)","decl":{"start":{"line":20,"column":96},"end":{"line":20,"column":104}},"loc":{"start":{"line":20,"column":104},"end":{"line":20,"column":null}}},"11":{"name":"(anonymous_19)","decl":{"start":{"line":21,"column":11},"end":{"line":21,"column":17}},"loc":{"start":{"line":21,"column":17},"end":{"line":21,"column":null}}},"12":{"name":"AdminDashboardPage","decl":{"start":{"line":25,"column":24},"end":{"line":25,"column":null}},"loc":{"start":{"line":25,"column":24},"end":{"line":173,"column":null}}},"13":{"name":"(anonymous_21)","decl":{"start":{"line":33,"column":12},"end":{"line":33,"column":null}},"loc":{"start":{"line":33,"column":12},"end":{"line":56,"column":5}}},"14":{"name":"(anonymous_22)","decl":{"start":{"line":34,"column":31},"end":{"line":34,"column":null}},"loc":{"start":{"line":34,"column":31},"end":{"line":53,"column":null}}},"15":{"name":"(anonymous_23)","decl":{"start":{"line":85,"column":21},"end":{"line":85,"column":null}},"loc":{"start":{"line":85,"column":21},"end":{"line":88,"column":null}}},"16":{"name":"(anonymous_24)","decl":{"start":{"line":93,"column":59},"end":{"line":93,"column":60}},"loc":{"start":{"line":94,"column":12},"end":{"line":95,"column":null}}},"17":{"name":"(anonymous_25)","decl":{"start":{"line":96,"column":23},"end":{"line":96,"column":29}},"loc":{"start":{"line":96,"column":29},"end":{"line":96,"column":null}}},"18":{"name":"(anonymous_26)","decl":{"start":{"line":153,"column":37},"end":{"line":153,"column":38}},"loc":{"start":{"line":153,"column":45},"end":{"line":153,"column":null}}},"19":{"name":"(anonymous_27)","decl":{"start":{"line":158,"column":35},"end":{"line":158,"column":36}},"loc":{"start":{"line":158,"column":43},"end":{"line":158,"column":null}}},"20":{"name":"(anonymous_28)","decl":{"start":{"line":163,"column":39},"end":{"line":163,"column":40}},"loc":{"start":{"line":163,"column":47},"end":{"line":163,"column":null}}}},"branchMap":{"0":{"loc":{"start":{"line":58,"column":2},"end":{"line":64,"column":null}},"type":"if","locations":[{"start":{"line":58,"column":2},"end":{"line":64,"column":null}},{"start":{},"end":{}}]},"1":{"loc":{"start":{"line":66,"column":2},"end":{"line":72,"column":null}},"type":"if","locations":[{"start":{"line":66,"column":2},"end":{"line":72,"column":null}},{"start":{},"end":{}}]},"2":{"loc":{"start":{"line":98,"column":16},"end":{"line":100,"column":null}},"type":"cond-expr","locations":[{"start":{"line":99,"column":20},"end":{"line":99,"column":null}},{"start":{"line":100,"column":20},"end":{"line":100,"column":null}}]},"3":{"loc":{"start":{"line":113,"column":7},"end":{"line":113,"column":null}},"type":"binary-expr","locations":[{"start":{"line":113,"column":7},"end":{"line":113,"column":null}}]},"4":{"loc":{"start":{"line":149,"column":7},"end":{"line":149,"column":null}},"type":"binary-expr","locations":[{"start":{"line":149,"column":7},"end":{"line":149,"column":null}}]},"5":{"loc":{"start":{"line":153,"column":68},"end":{"line":153,"column":82}},"type":"binary-expr","locations":[{"start":{"line":153,"column":68},"end":{"line":153,"column":76}},{"start":{"line":153,"column":80},"end":{"line":153,"column":82}}]},"6":{"loc":{"start":{"line":158,"column":66},"end":{"line":158,"column":79}},"type":"binary-expr","locations":[{"start":{"line":158,"column":66},"end":{"line":158,"column":73}},{"start":{"line":158,"column":77},"end":{"line":158,"column":79}}]},"7":{"loc":{"start":{"line":163,"column":70},"end":{"line":163,"column":83}},"type":"binary-expr","locations":[{"start":{"line":163,"column":70},"end":{"line":163,"column":77}},{"start":{"line":163,"column":81},"end":{"line":163,"column":83}}]},"8":{"loc":{"start":{"line":170,"column":7},"end":{"line":170,"column":19}},"type":"binary-expr","locations":[{"start":{"line":170,"column":7},"end":{"line":170,"column":19}}]}},"s":{"0":0,"1":0,"2":0,"3":0,"4":0,"5":0,"6":0,"7":0,"8":0,"9":0,"10":0,"11":0,"12":0,"13":0,"14":0,"15":0,"16":0,"17":0,"18":0,"19":0,"20":0,"21":0,"22":0,"23":0,"24":0,"25":0,"26":0,"27":0,"28":0,"29":0,"30":0,"31":0,"32":0,"33":0,"34":0,"35":0,"36":0,"37":0,"38":0,"39":0,"40":0,"41":0,"42":0,"43":0,"44":0},"f":{"0":0,"1":0,"2":0,"3":0,"4":0,"5":0,"6":0,"7":0,"8":0,"9":0,"10":0,"11":0,"12":0,"13":0,"14":0,"15":0,"16":0,"17":0,"18":0,"19":0,"20":0},"b":{"0":[0,0],"1":[0,0],"2":[0,0],"3":[0],"4":[0],"5":[0,0],"6":[0,0],"7":[0,0],"8":[0]}}
,"/Users/maxmaxvel/AI TESI/apps/web/app/admin/documents/page.tsx": {"path":"/Users/maxmaxvel/AI TESI/apps/web/app/admin/documents/page.tsx","statementMap":{"0":{"start":{"line":28,"column":24},"end":{"line":28,"column":null}},"1":{"start":{"line":3,"column":49},"end":{"line":3,"column":null}},"2":{"start":{"line":4,"column":26},"end":{"line":4,"column":null}},"3":{"start":{"line":5,"column":31},"end":{"line":5,"column":null}},"4":{"start":{"line":6,"column":31},"end":{"line":6,"column":null}},"5":{"start":{"line":7,"column":32},"end":{"line":7,"column":null}},"6":{"start":{"line":8,"column":31},"end":{"line":8,"column":null}},"7":{"start":{"line":9,"column":30},"end":{"line":9,"column":null}},"8":{"start":{"line":10,"column":18},"end":{"line":10,"column":null}},"9":{"start":{"line":29,"column":17},"end":{"line":29,"column":null}},"10":{"start":{"line":30,"column":36},"end":{"line":30,"column":null}},"11":{"start":{"line":31,"column":36},"end":{"line":31,"column":null}},"12":{"start":{"line":32,"column":26},"end":{"line":32,"column":null}},"13":{"start":{"line":33,"column":32},"end":{"line":33,"column":null}},"14":{"start":{"line":34,"column":28},"end":{"line":34,"column":null}},"15":{"start":{"line":35,"column":32},"end":{"line":40,"column":null}},"16":{"start":{"line":41,"column":50},"end":{"line":41,"column":null}},"17":{"start":{"line":42,"column":54},"end":{"line":42,"column":null}},"18":{"start":{"line":44,"column":25},"end":{"line":64,"column":null}},"19":{"start":{"line":45,"column":4},"end":{"line":63,"column":null}},"20":{"start":{"line":46,"column":6},"end":{"line":46,"column":null}},"21":{"start":{"line":47,"column":26},"end":{"line":50,"column":null}},"22":{"start":{"line":51,"column":6},"end":{"line":51,"column":null}},"23":{"start":{"line":51,"column":26},"end":{"line":51,"column":null}},"24":{"start":{"line":52,"column":6},"end":{"line":52,"column":null}},"25":{"start":{"line":52,"column":28},"end":{"line":52,"column":null}},"26":{"start":{"line":53,"column":6},"end":{"line":53,"column":null}},"27":{"start":{"line":53,"column":27},"end":{"line":53,"column":null}},"28":{"start":{"line":55,"column":23},"end":{"line":55,"column":null}},"29":{"start":{"line":56,"column":6},"end":{"line":56,"column":null}},"30":{"start":{"line":57,"column":6},"end":{"line":57,"column":null}},"31":{"start":{"line":59,"column":6},"end":{"line":59,"column":null}},"32":{"start":{"line":60,"column":6},"end":{"line":60,"column":null}},"33":{"start":{"line":62,"column":6},"end":{"line":62,"column":null}},"34":{"start":{"line":66,"column":2},"end":{"line":68,"column":null}},"35":{"start":{"line":67,"column":4},"end":{"line":67,"column":null}},"36":{"start":{"line":70,"column":30},"end":{"line":72,"column":null}},"37":{"start":{"line":71,"column":4},"end":{"line":71,"column":null}},"38":{"start":{"line":74,"column":23},"end":{"line":87,"column":null}},"39":{"start":{"line":75,"column":4},"end":{"line":75,"column":null}},"40":{"start":{"line":75,"column":29},"end":{"line":75,"column":null}},"41":{"start":{"line":77,"column":4},"end":{"line":86,"column":null}},"42":{"start":{"line":78,"column":6},"end":{"line":78,"column":null}},"43":{"start":{"line":79,"column":6},"end":{"line":79,"column":null}},"44":{"start":{"line":80,"column":6},"end":{"line":80,"column":null}},"45":{"start":{"line":81,"column":6},"end":{"line":81,"column":null}},"46":{"start":{"line":82,"column":6},"end":{"line":82,"column":null}},"47":{"start":{"line":84,"column":6},"end":{"line":84,"column":null}},"48":{"start":{"line":85,"column":6},"end":{"line":85,"column":null}},"49":{"start":{"line":89,"column":22},"end":{"line":98,"column":null}},"50":{"start":{"line":90,"column":4},"end":{"line":97,"column":null}},"51":{"start":{"line":91,"column":6},"end":{"line":91,"column":null}},"52":{"start":{"line":92,"column":6},"end":{"line":92,"column":null}},"53":{"start":{"line":93,"column":6},"end":{"line":93,"column":null}},"54":{"start":{"line":95,"column":6},"end":{"line":95,"column":null}},"55":{"start":{"line":96,"column":6},"end":{"line":96,"column":null}},"56":{"start":{"line":100,"column":33},"end":{"line":103,"column":null}},"57":{"start":{"line":101,"column":4},"end":{"line":101,"column":null}},"58":{"start":{"line":102,"column":4},"end":{"line":102,"column":null}},"59":{"start":{"line":142,"column":33},"end":{"line":142,"column":null}},"60":{"start":{"line":149,"column":33},"end":{"line":149,"column":null}}},"fnMap":{"0":{"name":"AdminDocumentsPage","decl":{"start":{"line":28,"column":24},"end":{"line":28,"column":null}},"loc":{"start":{"line":28,"column":24},"end":{"line":172,"column":null}}},"1":{"name":"(anonymous_3)","decl":{"start":{"line":44,"column":37},"end":{"line":44,"column":null}},"loc":{"start":{"line":44,"column":37},"end":{"line":64,"column":5}}},"2":{"name":"(anonymous_4)","decl":{"start":{"line":66,"column":12},"end":{"line":66,"column":null}},"loc":{"start":{"line":66,"column":12},"end":{"line":68,"column":5}}},"3":{"name":"(anonymous_5)","decl":{"start":{"line":70,"column":30},"end":{"line":70,"column":31}},"loc":{"start":{"line":70,"column":31},"end":{"line":72,"column":null}}},"4":{"name":"(anonymous_6)","decl":{"start":{"line":74,"column":23},"end":{"line":74,"column":null}},"loc":{"start":{"line":74,"column":23},"end":{"line":87,"column":null}}},"5":{"name":"(anonymous_7)","decl":{"start":{"line":89,"column":22},"end":{"line":89,"column":29}},"loc":{"start":{"line":89,"column":29},"end":{"line":98,"column":null}}},"6":{"name":"(anonymous_8)","decl":{"start":{"line":100,"column":33},"end":{"line":100,"column":34}},"loc":{"start":{"line":100,"column":34},"end":{"line":103,"column":null}}},"7":{"name":"(anonymous_9)","decl":{"start":{"line":142,"column":27},"end":{"line":142,"column":33}},"loc":{"start":{"line":142,"column":33},"end":{"line":142,"column":null}}},"8":{"name":"(anonymous_10)","decl":{"start":{"line":149,"column":27},"end":{"line":149,"column":33}},"loc":{"start":{"line":149,"column":33},"end":{"line":149,"column":null}}}},"branchMap":{"0":{"loc":{"start":{"line":51,"column":6},"end":{"line":51,"column":null}},"type":"if","locations":[{"start":{"line":51,"column":6},"end":{"line":51,"column":null}},{"start":{},"end":{}}]},"1":{"loc":{"start":{"line":52,"column":6},"end":{"line":52,"column":null}},"type":"if","locations":[{"start":{"line":52,"column":6},"end":{"line":52,"column":null}},{"start":{},"end":{}}]},"2":{"loc":{"start":{"line":53,"column":6},"end":{"line":53,"column":null}},"type":"if","locations":[{"start":{"line":53,"column":6},"end":{"line":53,"column":null}},{"start":{},"end":{}}]},"3":{"loc":{"start":{"line":56,"column":19},"end":{"line":56,"column":43}},"type":"binary-expr","locations":[{"start":{"line":56,"column":19},"end":{"line":56,"column":37}},{"start":{"line":56,"column":41},"end":{"line":56,"column":43}}]},"4":{"loc":{"start":{"line":57,"column":15},"end":{"line":57,"column":null}},"type":"binary-expr","locations":[{"start":{"line":57,"column":15},"end":{"line":57,"column":29}},{"start":{"line":57,"column":33},"end":{"line":57,"column":null}}]},"5":{"loc":{"start":{"line":75,"column":4},"end":{"line":75,"column":null}},"type":"if","locations":[{"start":{"line":75,"column":4},"end":{"line":75,"column":null}},{"start":{},"end":{}}]},"6":{"loc":{"start":{"line":120,"column":8},"end":{"line":124,"column":null}},"type":"cond-expr","locations":[{"start":{"line":120,"column":8},"end":{"line":124,"column":null}}]},"7":{"loc":{"start":{"line":134,"column":11},"end":{"line":134,"column":null}},"type":"binary-expr","locations":[{"start":{"line":134,"column":11},"end":{"line":134,"column":null}}]}},"s":{"0":0,"1":0,"2":0,"3":0,"4":0,"5":0,"6":0,"7":0,"8":0,"9":0,"10":0,"11":0,"12":0,"13":0,"14":0,"15":0,"16":0,"17":0,"18":0,"19":0,"20":0,"21":0,"22":0,"23":0,"24":0,"25":0,"26":0,"27":0,"28":0,"29":0,"30":0,"31":0,"32":0,"33":0,"34":0,"35":0,"36":0,"37":0,"38":0,"39":0,"40":0,"41":0,"42":0,"43":0,"44":0,"45":0,"46":0,"47":0,"48":0,"49":0,"50":0,"51":0,"52":0,"53":0,"54":0,"55":0,"56":0,"57":0,"58":0,"59":0,"60":0},"f":{"0":0,"1":0,"2":0,"3":0,"4":0,"5":0,"6":0,"7":0,"8":0},"b":{"0":[0,0],"1":[0,0],"2":[0,0],"3":[0,0],"4":[0,0],"5":[0,0],"6":[0],"7":[0]}}
,"/Users/maxmaxvel/AI TESI/apps/web/app/admin/documents/[id]/page.tsx": {"path":"/Users/maxmaxvel/AI TESI/apps/web/app/admin/documents/[id]/page.tsx","statementMap":{"0":{"start":{"line":38,"column":24},"end":{"line":38,"column":null}},"1":{"start":{"line":3,"column":49},"end":{"line":3,"column":null}},"2":{"start":{"line":4,"column":37},"end":{"line":4,"column":null}},"3":{"start":{"line":5,"column":46},"end":{"line":5,"column":null}},"4":{"start":{"line":6,"column":31},"end":{"line":6,"column":null}},"5":{"start":{"line":7,"column":31},"end":{"line":7,"column":null}},"6":{"start":{"line":15,"column":7},"end":{"line":15,"column":null}},"7":{"start":{"line":16,"column":18},"end":{"line":16,"column":null}},"8":{"start":{"line":39,"column":17},"end":{"line":39,"column":null}},"9":{"start":{"line":40,"column":17},"end":{"line":40,"column":null}},"10":{"start":{"line":41,"column":21},"end":{"line":41,"column":null}},"11":{"start":{"line":42,"column":34},"end":{"line":42,"column":null}},"12":{"start":{"line":43,"column":26},"end":{"line":43,"column":null}},"13":{"start":{"line":44,"column":36},"end":{"line":44,"column":null}},"14":{"start":{"line":45,"column":36},"end":{"line":45,"column":null}},"15":{"start":{"line":47,"column":31},"end":{"line":59,"column":null}},"16":{"start":{"line":48,"column":4},"end":{"line":58,"column":null}},"17":{"start":{"line":49,"column":6},"end":{"line":49,"column":null}},"18":{"start":{"line":50,"column":27},"end":{"line":50,"column":null}},"19":{"start":{"line":51,"column":6},"end":{"line":51,"column":null}},"20":{"start":{"line":53,"column":6},"end":{"line":53,"column":null}},"21":{"start":{"line":54,"column":6},"end":{"line":54,"column":null}},"22":{"start":{"line":55,"column":6},"end":{"line":55,"column":null}},"23":{"start":{"line":57,"column":6},"end":{"line":57,"column":null}},"24":{"start":{"line":61,"column":28},"end":{"line":68,"column":null}},"25":{"start":{"line":62,"column":4},"end":{"line":67,"column":null}},"26":{"start":{"line":63,"column":23},"end":{"line":63,"column":null}},"27":{"start":{"line":64,"column":6},"end":{"line":64,"column":null}},"28":{"start":{"line":66,"column":6},"end":{"line":66,"column":null}},"29":{"start":{"line":70,"column":2},"end":{"line":75,"column":null}},"30":{"start":{"line":71,"column":4},"end":{"line":74,"column":null}},"31":{"start":{"line":72,"column":6},"end":{"line":72,"column":null}},"32":{"start":{"line":73,"column":6},"end":{"line":73,"column":null}},"33":{"start":{"line":77,"column":22},"end":{"line":88,"column":null}},"34":{"start":{"line":78,"column":4},"end":{"line":78,"column":null}},"35":{"start":{"line":78,"column":19},"end":{"line":78,"column":null}},"36":{"start":{"line":80,"column":4},"end":{"line":87,"column":null}},"37":{"start":{"line":81,"column":6},"end":{"line":81,"column":null}},"38":{"start":{"line":82,"column":6},"end":{"line":82,"column":null}},"39":{"start":{"line":83,"column":6},"end":{"line":83,"column":null}},"40":{"start":{"line":85,"column":6},"end":{"line":85,"column":null}},"41":{"start":{"line":86,"column":6},"end":{"line":86,"column":null}},"42":{"start":{"line":90,"column":23},"end":{"line":105,"column":null}},"43":{"start":{"line":91,"column":4},"end":{"line":91,"column":null}},"44":{"start":{"line":91,"column":19},"end":{"line":91,"column":null}},"45":{"start":{"line":93,"column":4},"end":{"line":95,"column":null}},"46":{"start":{"line":94,"column":6},"end":{"line":94,"column":null}},"47":{"start":{"line":97,"column":4},"end":{"line":104,"column":null}},"48":{"start":{"line":98,"column":6},"end":{"line":98,"column":null}},"49":{"start":{"line":99,"column":6},"end":{"line":99,"column":null}},"50":{"start":{"line":100,"column":6},"end":{"line":100,"column":null}},"51":{"start":{"line":102,"column":6},"end":{"line":102,"column":null}},"52":{"start":{"line":103,"column":6},"end":{"line":103,"column":null}},"53":{"start":{"line":107,"column":2},"end":{"line":113,"column":null}},"54":{"start":{"line":115,"column":2},"end":{"line":121,"column":null}},"55":{"start":{"line":123,"column":25},"end":{"line":154,"column":null}},"56":{"start":{"line":124,"column":98},"end":{"line":145,"column":null}},"57":{"start":{"line":147,"column":19},"end":{"line":147,"column":61}},"58":{"start":{"line":161,"column":27},"end":{"line":161,"column":null}},"59":{"start":{"line":200,"column":14},"end":{"line":201,"column":null}},"60":{"start":{"line":202,"column":31},"end":{"line":202,"column":null}},"61":{"start":{"line":273,"column":18},"end":{"line":273,"column":36}}},"fnMap":{"0":{"name":"AdminDocumentDetailsPage","decl":{"start":{"line":38,"column":24},"end":{"line":38,"column":null}},"loc":{"start":{"line":38,"column":24},"end":{"line":327,"column":null}}},"1":{"name":"(anonymous_3)","decl":{"start":{"line":47,"column":43},"end":{"line":47,"column":null}},"loc":{"start":{"line":47,"column":43},"end":{"line":59,"column":5}}},"2":{"name":"(anonymous_4)","decl":{"start":{"line":61,"column":40},"end":{"line":61,"column":null}},"loc":{"start":{"line":61,"column":40},"end":{"line":68,"column":5}}},"3":{"name":"(anonymous_5)","decl":{"start":{"line":70,"column":12},"end":{"line":70,"column":null}},"loc":{"start":{"line":70,"column":12},"end":{"line":75,"column":5}}},"4":{"name":"(anonymous_6)","decl":{"start":{"line":77,"column":22},"end":{"line":77,"column":null}},"loc":{"start":{"line":77,"column":22},"end":{"line":88,"column":null}}},"5":{"name":"(anonymous_7)","decl":{"start":{"line":90,"column":23},"end":{"line":90,"column":null}},"loc":{"start":{"line":90,"column":23},"end":{"line":105,"column":null}}},"6":{"name":"(anonymous_8)","decl":{"start":{"line":123,"column":25},"end":{"line":123,"column":26}},"loc":{"start":{"line":123,"column":26},"end":{"line":154,"column":null}}},"7":{"name":"(anonymous_9)","decl":{"start":{"line":161,"column":21},"end":{"line":161,"column":27}},"loc":{"start":{"line":161,"column":27},"end":{"line":161,"column":null}}},"8":{"name":"(anonymous_10)","decl":{"start":{"line":199,"column":48},"end":{"line":199,"column":49}},"loc":{"start":{"line":200,"column":14},"end":{"line":201,"column":null}}},"9":{"name":"(anonymous_11)","decl":{"start":{"line":202,"column":25},"end":{"line":202,"column":31}},"loc":{"start":{"line":202,"column":31},"end":{"line":202,"column":null}}},"10":{"name":"(anonymous_12)","decl":{"start":{"line":272,"column":31},"end":{"line":272,"column":32}},"loc":{"start":{"line":273,"column":18},"end":{"line":273,"column":36}}}},"branchMap":{"0":{"loc":{"start":{"line":71,"column":4},"end":{"line":74,"column":null}},"type":"if","locations":[{"start":{"line":71,"column":4},"end":{"line":74,"column":null}},{"start":{},"end":{}}]},"1":{"loc":{"start":{"line":78,"column":4},"end":{"line":78,"column":null}},"type":"if","locations":[{"start":{"line":78,"column":4},"end":{"line":78,"column":null}},{"start":{},"end":{}}]},"2":{"loc":{"start":{"line":91,"column":4},"end":{"line":91,"column":null}},"type":"if","locations":[{"start":{"line":91,"column":4},"end":{"line":91,"column":null}},{"start":{},"end":{}}]},"3":{"loc":{"start":{"line":93,"column":4},"end":{"line":95,"column":null}},"type":"if","locations":[{"start":{"line":93,"column":4},"end":{"line":95,"column":null}},{"start":{},"end":{}}]},"4":{"loc":{"start":{"line":107,"column":2},"end":{"line":113,"column":null}},"type":"if","locations":[{"start":{"line":107,"column":2},"end":{"line":113,"column":null}},{"start":{},"end":{}}]},"5":{"loc":{"start":{"line":115,"column":2},"end":{"line":121,"column":null}},"type":"if","locations":[{"start":{"line":115,"column":2},"end":{"line":121,"column":null}},{"start":{},"end":{}}]},"6":{"loc":{"start":{"line":147,"column":19},"end":{"line":147,"column":61}},"type":"binary-expr","locations":[{"start":{"line":147,"column":19},"end":{"line":147,"column":39}},{"start":{"line":147,"column":43},"end":{"line":147,"column":61}}]},"7":{"loc":{"start":{"line":169,"column":11},"end":{"line":169,"column":null}},"type":"binary-expr","locations":[{"start":{"line":169,"column":11},"end":{"line":169,"column":null}}]},"8":{"loc":{"start":{"line":204,"column":18},"end":{"line":206,"column":null}},"type":"cond-expr","locations":[{"start":{"line":205,"column":22},"end":{"line":205,"column":null}},{"start":{"line":206,"column":22},"end":{"line":206,"column":null}}]},"9":{"loc":{"start":{"line":216,"column":9},"end":{"line":216,"column":null}},"type":"binary-expr","locations":[{"start":{"line":216,"column":9},"end":{"line":216,"column":null}}]},"10":{"loc":{"start":{"line":223,"column":53},"end":{"line":223,"column":null}},"type":"binary-expr","locations":[{"start":{"line":223,"column":53},"end":{"line":223,"column":72}},{"start":{"line":223,"column":76},"end":{"line":223,"column":null}}]},"11":{"loc":{"start":{"line":233,"column":30},"end":{"line":233,"column":null}},"type":"binary-expr","locations":[{"start":{"line":233,"column":30},"end":{"line":233,"column":66}},{"start":{"line":233,"column":66},"end":{"line":233,"column":null}}]},"12":{"loc":{"start":{"line":235,"column":33},"end":{"line":235,"column":null}},"type":"binary-expr","locations":[{"start":{"line":235,"column":33},"end":{"line":235,"column":53}},{"start":{"line":235,"column":57},"end":{"line":235,"column":null}}]},"13":{"loc":{"start":{"line":236,"column":30},"end":{"line":236,"column":null}},"type":"binary-expr","locations":[{"start":{"line":236,"column":30},"end":{"line":236,"column":47}},{"start":{"line":236,"column":51},"end":{"line":236,"column":null}}]},"14":{"loc":{"start":{"line":246,"column":33},"end":{"line":246,"column":null}},"type":"binary-expr","locations":[{"start":{"line":246,"column":33},"end":{"line":246,"column":75}},{"start":{"line":246,"column":75},"end":{"line":246,"column":null}}]},"15":{"loc":{"start":{"line":247,"column":37},"end":{"line":247,"column":75}},"type":"binary-expr","locations":[{"start":{"line":247,"column":37},"end":{"line":247,"column":69}},{"start":{"line":247,"column":73},"end":{"line":247,"column":75}}]},"16":{"loc":{"start":{"line":249,"column":17},"end":{"line":249,"column":38}},"type":"binary-expr","locations":[{"start":{"line":249,"column":17},"end":{"line":249,"column":38}}]},"17":{"loc":{"start":{"line":255,"column":13},"end":{"line":255,"column":29}},"type":"binary-expr","locations":[{"start":{"line":255,"column":13},"end":{"line":255,"column":29}}]},"18":{"loc":{"start":{"line":267,"column":9},"end":{"line":267,"column":null}},"type":"binary-expr","locations":[{"start":{"line":267,"column":9},"end":{"line":267,"column":null}}]},"19":{"loc":{"start":{"line":271,"column":14},"end":{"line":304,"column":15}},"type":"cond-expr","locations":[{"start":{"line":271,"column":14},"end":{"line":304,"column":15}}]},"20":{"loc":{"start":{"line":270,"column":13},"end":{"line":270,"column":null}},"type":"binary-expr","locations":[{"start":{"line":270,"column":13},"end":{"line":270,"column":21}},{"start":{"line":270,"column":21},"end":{"line":270,"column":30}},{"start":{"line":270,"column":34},"end":{"line":270,"column":null}}]},"21":{"loc":{"start":{"line":288,"column":72},"end":{"line":288,"column":null}},"type":"binary-expr","locations":[{"start":{"line":288,"column":72},"end":{"line":288,"column":87}},{"start":{"line":288,"column":91},"end":{"line":288,"column":null}}]},"22":{"loc":{"start":{"line":292,"column":27},"end":{"line":292,"column":50}},"type":"binary-expr","locations":[{"start":{"line":292,"column":27},"end":{"line":292,"column":41}},{"start":{"line":292,"column":45},"end":{"line":292,"column":50}}]},"23":{"loc":{"start":{"line":295,"column":21},"end":{"line":295,"column":38}},"type":"binary-expr","locations":[{"start":{"line":295,"column":21},"end":{"line":295,"column":38}}]},"24":{"loc":{"start":{"line":310,"column":9},"end":{"line":310,"column":null}},"type":"binary-expr","locations":[{"start":{"line":310,"column":9},"end":{"line":310,"column":null}}]},"25":{"loc":{"start":{"line":314,"column":14},"end":{"line":320,"column":15}},"type":"cond-expr","locations":[{"start":{"line":314,"column":14},"end":{"line":320,"column":15}}]}},"s":{"0":0,"1":0,"2":0,"3":0,"4":0,"5":0,"6":0,"7":0,"8":0,"9":0,"10":0,"11":0,"12":0,"13":0,"14":0,"15":0,"16":0,"17":0,"18":0,"19":0,"20":0,"21":0,"22":0,"23":0,"24":0,"25":0,"26":0,"27":0,"28":0,"29":0,"30":0,"31":0,"32":0,"33":0,"34":0,"35":0,"36":0,"37":0,"38":0,"39":0,"40":0,"41":0,"42":0,"43":0,"44":0,"45":0,"46":0,"47":0,"48":0,"49":0,"50":0,"51":0,"52":0,"53":0,"54":0,"55":0,"56":0,"57":0,"58":0,"59":0,"60":0,"61":0},"f":{"0":0,"1":0,"2":0,"3":0,"4":0,"5":0,"6":0,"7":0,"8":0,"9":0,"10":0},"b":{"0":[0,0],"1":[0,0],"2":[0,0],"3":[0,0],"4":[0,0],"5":[0,0],"6":[0,0],"7":[0],"8":[0,0],"9":[0],"10":[0,0],"11":[0,0],"12":[0,0],"13":[0,0],"14":[0,0],"15":[0,0],"16":[0],"17":[0],"18":[0],"19":[0],"20":[0,0,0],"21":[0,0],"22":[0,0],"23":[0],"24":[0],"25":[0]}}
,"/Users/maxmaxvel/AI TESI/apps/web/app/admin/login/page.tsx": {"path":"/Users/maxmaxvel/AI TESI/apps/web/app/admin/login/page.tsx","statementMap":{"0":{"start":{"line":10,"column":24},"end":{"line":10,"column":null}},"1":{"start":{"line":3,"column":25},"end":{"line":3,"column":null}},"2":{"start":{"line":4,"column":26},"end":{"line":4,"column":null}},"3":{"start":{"line":5,"column":17},"end":{"line":5,"column":null}},"4":{"start":{"line":6,"column":31},"end":{"line":6,"column":null}},"5":{"start":{"line":7,"column":26},"end":{"line":7,"column":null}},"6":{"start":{"line":8,"column":18},"end":{"line":8,"column":null}},"7":{"start":{"line":11,"column":28},"end":{"line":11,"column":null}},"8":{"start":{"line":12,"column":34},"end":{"line":12,"column":null}},"9":{"start":{"line":13,"column":36},"end":{"line":13,"column":null}},"10":{"start":{"line":14,"column":17},"end":{"line":14,"column":null}},"11":{"start":{"line":16,"column":23},"end":{"line":50,"column":null}},"12":{"start":{"line":17,"column":4},"end":{"line":17,"column":null}},"13":{"start":{"line":19,"column":4},"end":{"line":22,"column":null}},"14":{"start":{"line":20,"column":6},"end":{"line":20,"column":null}},"15":{"start":{"line":21,"column":6},"end":{"line":21,"column":null}},"16":{"start":{"line":24,"column":4},"end":{"line":27,"column":null}},"17":{"start":{"line":25,"column":6},"end":{"line":25,"column":null}},"18":{"start":{"line":26,"column":6},"end":{"line":26,"column":null}},"19":{"start":{"line":29,"column":4},"end":{"line":29,"column":null}},"20":{"start":{"line":31,"column":4},"end":{"line":49,"column":null}},"21":{"start":{"line":33,"column":23},"end":{"line":33,"column":null}},"22":{"start":{"line":36,"column":6},"end":{"line":36,"column":null}},"23":{"start":{"line":39,"column":6},"end":{"line":39,"column":null}},"24":{"start":{"line":40,"column":6},"end":{"line":40,"column":null}},"25":{"start":{"line":42,"column":6},"end":{"line":42,"column":null}},"26":{"start":{"line":43,"column":6},"end":{"line":43,"column":null}},"27":{"start":{"line":45,"column":6},"end":{"line":45,"column":null}},"28":{"start":{"line":46,"column":6},"end":{"line":46,"column":null}},"29":{"start":{"line":48,"column":6},"end":{"line":48,"column":null}},"30":{"start":{"line":81,"column":31},"end":{"line":81,"column":null}},"31":{"start":{"line":98,"column":31},"end":{"line":98,"column":null}}},"fnMap":{"0":{"name":"AdminLoginPage","decl":{"start":{"line":10,"column":24},"end":{"line":10,"column":null}},"loc":{"start":{"line":10,"column":24},"end":{"line":126,"column":null}}},"1":{"name":"(anonymous_3)","decl":{"start":{"line":16,"column":23},"end":{"line":16,"column":30}},"loc":{"start":{"line":16,"column":30},"end":{"line":50,"column":null}}},"2":{"name":"(anonymous_4)","decl":{"start":{"line":81,"column":24},"end":{"line":81,"column":25}},"loc":{"start":{"line":81,"column":31},"end":{"line":81,"column":null}}},"3":{"name":"(anonymous_5)","decl":{"start":{"line":98,"column":24},"end":{"line":98,"column":25}},"loc":{"start":{"line":98,"column":31},"end":{"line":98,"column":null}}}},"branchMap":{"0":{"loc":{"start":{"line":19,"column":4},"end":{"line":22,"column":null}},"type":"if","locations":[{"start":{"line":19,"column":4},"end":{"line":22,"column":null}},{"start":{},"end":{}}]},"1":{"loc":{"start":{"line":24,"column":4},"end":{"line":27,"column":null}},"type":"if","locations":[{"start":{"line":24,"column":4},"end":{"line":27,"column":null}},{"start":{},"end":{}}]},"2":{"loc":{"start":{"line":36,"column":39},"end":{"line":36,"column":null}},"type":"binary-expr","locations":[{"start":{"line":36,"column":39},"end":{"line":36,"column":61}},{"start":{"line":36,"column":65},"end":{"line":36,"column":null}}]},"3":{"loc":{"start":{"line":46,"column":18},"end":{"line":46,"column":null}},"type":"binary-expr","locations":[{"start":{"line":46,"column":18},"end":{"line":46,"column":31}},{"start":{"line":46,"column":35},"end":{"line":46,"column":null}}]},"4":{"loc":{"start":{"line":110,"column":15},"end":{"line":110,"column":null}},"type":"cond-expr","locations":[{"start":{"line":110,"column":27},"end":{"line":110,"column":45}},{"start":{"line":110,"column":45},"end":{"line":110,"column":null}}]}},"s":{"0":0,"1":0,"2":0,"3":0,"4":0,"5":0,"6":0,"7":0,"8":0,"9":0,"10":0,"11":0,"12":0,"13":0,"14":0,"15":0,"16":0,"17":0,"18":0,"19":0,"20":0,"21":0,"22":0,"23":0,"24":0,"25":0,"26":0,"27":0,"28":0,"29":0,"30":0,"31":0},"f":{"0":0,"1":0,"2":0,"3":0},"b":{"0":[0,0],"1":[0,0],"2":[0,0],"3":[0,0],"4":[0,0]}}
,"/Users/maxmaxvel/AI TESI/apps/web/app/admin/payments/page.tsx": {"path":"/Users/maxmaxvel/AI TESI/apps/web/app/admin/payments/page.tsx","statementMap":{"0":{"start":{"line":26,"column":24},"end":{"line":26,"column":null}},"1":{"start":{"line":3,"column":49},"end":{"line":3,"column":null}},"2":{"start":{"line":4,"column":26},"end":{"line":4,"column":null}},"3":{"start":{"line":5,"column":31},"end":{"line":5,"column":null}},"4":{"start":{"line":6,"column":30},"end":{"line":6,"column":null}},"5":{"start":{"line":7,"column":31},"end":{"line":7,"column":null}},"6":{"start":{"line":8,"column":31},"end":{"line":8,"column":null}},"7":{"start":{"line":9,"column":34},"end":{"line":9,"column":null}},"8":{"start":{"line":10,"column":18},"end":{"line":10,"column":null}},"9":{"start":{"line":27,"column":17},"end":{"line":27,"column":null}},"10":{"start":{"line":28,"column":34},"end":{"line":28,"column":null}},"11":{"start":{"line":29,"column":36},"end":{"line":29,"column":null}},"12":{"start":{"line":30,"column":26},"end":{"line":30,"column":null}},"13":{"start":{"line":31,"column":32},"end":{"line":31,"column":null}},"14":{"start":{"line":32,"column":28},"end":{"line":32,"column":null}},"15":{"start":{"line":33,"column":32},"end":{"line":38,"column":null}},"16":{"start":{"line":40,"column":24},"end":{"line":61,"column":null}},"17":{"start":{"line":41,"column":4},"end":{"line":60,"column":null}},"18":{"start":{"line":42,"column":6},"end":{"line":42,"column":null}},"19":{"start":{"line":43,"column":26},"end":{"line":46,"column":null}},"20":{"start":{"line":47,"column":6},"end":{"line":47,"column":null}},"21":{"start":{"line":47,"column":26},"end":{"line":47,"column":null}},"22":{"start":{"line":48,"column":6},"end":{"line":48,"column":null}},"23":{"start":{"line":48,"column":27},"end":{"line":48,"column":null}},"24":{"start":{"line":49,"column":6},"end":{"line":49,"column":null}},"25":{"start":{"line":49,"column":30},"end":{"line":49,"column":null}},"26":{"start":{"line":50,"column":6},"end":{"line":50,"column":null}},"27":{"start":{"line":50,"column":30},"end":{"line":50,"column":null}},"28":{"start":{"line":52,"column":23},"end":{"line":52,"column":null}},"29":{"start":{"line":53,"column":6},"end":{"line":53,"column":null}},"30":{"start":{"line":54,"column":6},"end":{"line":54,"column":null}},"31":{"start":{"line":56,"column":6},"end":{"line":56,"column":null}},"32":{"start":{"line":57,"column":6},"end":{"line":57,"column":null}},"33":{"start":{"line":59,"column":6},"end":{"line":59,"column":null}},"34":{"start":{"line":63,"column":2},"end":{"line":65,"column":null}},"35":{"start":{"line":64,"column":4},"end":{"line":64,"column":null}},"36":{"start":{"line":67,"column":29},"end":{"line":69,"column":null}},"37":{"start":{"line":68,"column":4},"end":{"line":68,"column":null}},"38":{"start":{"line":71,"column":23},"end":{"line":84,"column":null}},"39":{"start":{"line":72,"column":4},"end":{"line":74,"column":null}},"40":{"start":{"line":73,"column":6},"end":{"line":73,"column":null}},"41":{"start":{"line":76,"column":4},"end":{"line":83,"column":null}},"42":{"start":{"line":77,"column":6},"end":{"line":77,"column":null}},"43":{"start":{"line":78,"column":6},"end":{"line":78,"column":null}},"44":{"start":{"line":79,"column":6},"end":{"line":79,"column":null}},"45":{"start":{"line":81,"column":6},"end":{"line":81,"column":null}},"46":{"start":{"line":82,"column":6},"end":{"line":82,"column":null}},"47":{"start":{"line":86,"column":23},"end":{"line":104,"column":null}},"48":{"start":{"line":87,"column":4},"end":{"line":103,"column":null}},"49":{"start":{"line":88,"column":19},"end":{"line":90,"column":null}},"50":{"start":{"line":91,"column":18},"end":{"line":91,"column":null}},"51":{"start":{"line":92,"column":16},"end":{"line":92,"column":null}},"52":{"start":{"line":93,"column":6},"end":{"line":93,"column":null}},"53":{"start":{"line":94,"column":6},"end":{"line":94,"column":null}},"54":{"start":{"line":95,"column":6},"end":{"line":95,"column":null}},"55":{"start":{"line":96,"column":6},"end":{"line":96,"column":null}},"56":{"start":{"line":97,"column":6},"end":{"line":97,"column":null}},"57":{"start":{"line":98,"column":6},"end":{"line":98,"column":null}},"58":{"start":{"line":99,"column":6},"end":{"line":99,"column":null}},"59":{"start":{"line":101,"column":6},"end":{"line":101,"column":null}},"60":{"start":{"line":102,"column":6},"end":{"line":102,"column":null}},"61":{"start":{"line":148,"column":33},"end":{"line":148,"column":null}},"62":{"start":{"line":155,"column":33},"end":{"line":155,"column":null}}},"fnMap":{"0":{"name":"AdminPaymentsPage","decl":{"start":{"line":26,"column":24},"end":{"line":26,"column":null}},"loc":{"start":{"line":26,"column":24},"end":{"line":168,"column":null}}},"1":{"name":"(anonymous_3)","decl":{"start":{"line":40,"column":36},"end":{"line":40,"column":null}},"loc":{"start":{"line":40,"column":36},"end":{"line":61,"column":5}}},"2":{"name":"(anonymous_4)","decl":{"start":{"line":63,"column":12},"end":{"line":63,"column":null}},"loc":{"start":{"line":63,"column":12},"end":{"line":65,"column":5}}},"3":{"name":"(anonymous_5)","decl":{"start":{"line":67,"column":29},"end":{"line":67,"column":30}},"loc":{"start":{"line":67,"column":30},"end":{"line":69,"column":null}}},"4":{"name":"(anonymous_6)","decl":{"start":{"line":71,"column":23},"end":{"line":71,"column":30}},"loc":{"start":{"line":71,"column":30},"end":{"line":84,"column":null}}},"5":{"name":"(anonymous_7)","decl":{"start":{"line":86,"column":23},"end":{"line":86,"column":null}},"loc":{"start":{"line":86,"column":23},"end":{"line":104,"column":null}}},"6":{"name":"(anonymous_8)","decl":{"start":{"line":148,"column":27},"end":{"line":148,"column":33}},"loc":{"start":{"line":148,"column":33},"end":{"line":148,"column":null}}},"7":{"name":"(anonymous_9)","decl":{"start":{"line":155,"column":27},"end":{"line":155,"column":33}},"loc":{"start":{"line":155,"column":33},"end":{"line":155,"column":null}}}},"branchMap":{"0":{"loc":{"start":{"line":47,"column":6},"end":{"line":47,"column":null}},"type":"if","locations":[{"start":{"line":47,"column":6},"end":{"line":47,"column":null}},{"start":{},"end":{}}]},"1":{"loc":{"start":{"line":48,"column":6},"end":{"line":48,"column":null}},"type":"if","locations":[{"start":{"line":48,"column":6},"end":{"line":48,"column":null}},{"start":{},"end":{}}]},"2":{"loc":{"start":{"line":49,"column":6},"end":{"line":49,"column":null}},"type":"if","locations":[{"start":{"line":49,"column":6},"end":{"line":49,"column":null}},{"start":{},"end":{}}]},"3":{"loc":{"start":{"line":50,"column":6},"end":{"line":50,"column":null}},"type":"if","locations":[{"start":{"line":50,"column":6},"end":{"line":50,"column":null}},{"start":{},"end":{}}]},"4":{"loc":{"start":{"line":53,"column":18},"end":{"line":53,"column":41}},"type":"binary-expr","locations":[{"start":{"line":53,"column":18},"end":{"line":53,"column":35}},{"start":{"line":53,"column":39},"end":{"line":53,"column":41}}]},"5":{"loc":{"start":{"line":54,"column":15},"end":{"line":54,"column":null}},"type":"binary-expr","locations":[{"start":{"line":54,"column":15},"end":{"line":54,"column":29}},{"start":{"line":54,"column":33},"end":{"line":54,"column":null}}]},"6":{"loc":{"start":{"line":72,"column":4},"end":{"line":74,"column":null}},"type":"if","locations":[{"start":{"line":72,"column":4},"end":{"line":74,"column":null}},{"start":{},"end":{}}]},"7":{"loc":{"start":{"line":127,"column":8},"end":{"line":131,"column":null}},"type":"cond-expr","locations":[{"start":{"line":127,"column":8},"end":{"line":131,"column":null}}]},"8":{"loc":{"start":{"line":140,"column":11},"end":{"line":140,"column":null}},"type":"binary-expr","locations":[{"start":{"line":140,"column":11},"end":{"line":140,"column":null}}]}},"s":{"0":0,"1":0,"2":0,"3":0,"4":0,"5":0,"6":0,"7":0,"8":0,"9":0,"10":0,"11":0,"12":0,"13":0,"14":0,"15":0,"16":0,"17":0,"18":0,"19":0,"20":0,"21":0,"22":0,"23":0,"24":0,"25":0,"26":0,"27":0,"28":0,"29":0,"30":0,"31":0,"32":0,"33":0,"34":0,"35":0,"36":0,"37":0,"38":0,"39":0,"40":0,"41":0,"42":0,"43":0,"44":0,"45":0,"46":0,"47":0,"48":0,"49":0,"50":0,"51":0,"52":0,"53":0,"54":0,"55":0,"56":0,"57":0,"58":0,"59":0,"60":0,"61":0,"62":0},"f":{"0":0,"1":0,"2":0,"3":0,"4":0,"5":0,"6":0,"7":0},"b":{"0":[0,0],"1":[0,0],"2":[0,0],"3":[0,0],"4":[0,0],"5":[0,0],"6":[0,0],"7":[0],"8":[0]}}
,"/Users/maxmaxvel/AI TESI/apps/web/app/admin/payments/[id]/page.tsx": {"path":"/Users/maxmaxvel/AI TESI/apps/web/app/admin/payments/[id]/page.tsx","statementMap":{"0":{"start":{"line":39,"column":24},"end":{"line":39,"column":null}},"1":{"start":{"line":3,"column":49},"end":{"line":3,"column":null}},"2":{"start":{"line":4,"column":37},"end":{"line":4,"column":null}},"3":{"start":{"line":5,"column":31},"end":{"line":5,"column":null}},"4":{"start":{"line":6,"column":31},"end":{"line":6,"column":null}},"5":{"start":{"line":7,"column":31},"end":{"line":7,"column":null}},"6":{"start":{"line":17,"column":7},"end":{"line":17,"column":null}},"7":{"start":{"line":18,"column":18},"end":{"line":18,"column":null}},"8":{"start":{"line":40,"column":17},"end":{"line":40,"column":null}},"9":{"start":{"line":41,"column":17},"end":{"line":41,"column":null}},"10":{"start":{"line":42,"column":20},"end":{"line":42,"column":null}},"11":{"start":{"line":43,"column":32},"end":{"line":43,"column":null}},"12":{"start":{"line":44,"column":38},"end":{"line":44,"column":null}},"13":{"start":{"line":45,"column":36},"end":{"line":45,"column":null}},"14":{"start":{"line":47,"column":30},"end":{"line":59,"column":null}},"15":{"start":{"line":48,"column":4},"end":{"line":58,"column":null}},"16":{"start":{"line":49,"column":6},"end":{"line":49,"column":null}},"17":{"start":{"line":50,"column":26},"end":{"line":50,"column":null}},"18":{"start":{"line":51,"column":6},"end":{"line":51,"column":null}},"19":{"start":{"line":53,"column":6},"end":{"line":53,"column":null}},"20":{"start":{"line":54,"column":6},"end":{"line":54,"column":null}},"21":{"start":{"line":55,"column":6},"end":{"line":55,"column":null}},"22":{"start":{"line":57,"column":6},"end":{"line":57,"column":null}},"23":{"start":{"line":61,"column":26},"end":{"line":68,"column":null}},"24":{"start":{"line":62,"column":4},"end":{"line":67,"column":null}},"25":{"start":{"line":63,"column":23},"end":{"line":63,"column":null}},"26":{"start":{"line":64,"column":6},"end":{"line":64,"column":null}},"27":{"start":{"line":66,"column":6},"end":{"line":66,"column":null}},"28":{"start":{"line":70,"column":2},"end":{"line":75,"column":null}},"29":{"start":{"line":71,"column":4},"end":{"line":74,"column":null}},"30":{"start":{"line":72,"column":6},"end":{"line":72,"column":null}},"31":{"start":{"line":73,"column":6},"end":{"line":73,"column":null}},"32":{"start":{"line":77,"column":23},"end":{"line":92,"column":null}},"33":{"start":{"line":78,"column":4},"end":{"line":78,"column":null}},"34":{"start":{"line":78,"column":18},"end":{"line":78,"column":null}},"35":{"start":{"line":80,"column":4},"end":{"line":82,"column":null}},"36":{"start":{"line":81,"column":6},"end":{"line":81,"column":null}},"37":{"start":{"line":84,"column":4},"end":{"line":91,"column":null}},"38":{"start":{"line":85,"column":6},"end":{"line":85,"column":null}},"39":{"start":{"line":86,"column":6},"end":{"line":86,"column":null}},"40":{"start":{"line":87,"column":6},"end":{"line":87,"column":null}},"41":{"start":{"line":89,"column":6},"end":{"line":89,"column":null}},"42":{"start":{"line":90,"column":6},"end":{"line":90,"column":null}},"43":{"start":{"line":94,"column":2},"end":{"line":100,"column":null}},"44":{"start":{"line":102,"column":2},"end":{"line":108,"column":null}},"45":{"start":{"line":110,"column":25},"end":{"line":141,"column":null}},"46":{"start":{"line":111,"column":98},"end":{"line":132,"column":null}},"47":{"start":{"line":134,"column":19},"end":{"line":134,"column":63}},"48":{"start":{"line":148,"column":27},"end":{"line":148,"column":null}}},"fnMap":{"0":{"name":"AdminPaymentDetailsPage","decl":{"start":{"line":39,"column":24},"end":{"line":39,"column":null}},"loc":{"start":{"line":39,"column":24},"end":{"line":301,"column":null}}},"1":{"name":"(anonymous_3)","decl":{"start":{"line":47,"column":42},"end":{"line":47,"column":null}},"loc":{"start":{"line":47,"column":42},"end":{"line":59,"column":5}}},"2":{"name":"(anonymous_4)","decl":{"start":{"line":61,"column":38},"end":{"line":61,"column":null}},"loc":{"start":{"line":61,"column":38},"end":{"line":68,"column":5}}},"3":{"name":"(anonymous_5)","decl":{"start":{"line":70,"column":12},"end":{"line":70,"column":null}},"loc":{"start":{"line":70,"column":12},"end":{"line":75,"column":5}}},"4":{"name":"(anonymous_6)","decl":{"start":{"line":77,"column":23},"end":{"line":77,"column":null}},"loc":{"start":{"line":77,"column":23},"end":{"line":92,"column":null}}},"5":{"name":"(anonymous_7)","decl":{"start":{"line":110,"column":25},"end":{"line":110,"column":26}},"loc":{"start":{"line":110,"column":26},"end":{"line":141,"column":null}}},"6":{"name":"(anonymous_8)","decl":{"start":{"line":148,"column":21},"end":{"line":148,"column":27}},"loc":{"start":{"line":148,"column":27},"end":{"line":148,"column":null}}}},"branchMap":{"0":{"loc":{"start":{"line":64,"column":20},"end":{"line":64,"column":null}},"type":"binary-expr","locations":[{"start":{"line":64,"column":20},"end":{"line":64,"column":40}},{"start":{"line":64,"column":44},"end":{"line":64,"column":null}}]},"1":{"loc":{"start":{"line":71,"column":4},"end":{"line":74,"column":null}},"type":"if","locations":[{"start":{"line":71,"column":4},"end":{"line":74,"column":null}},{"start":{},"end":{}}]},"2":{"loc":{"start":{"line":78,"column":4},"end":{"line":78,"column":null}},"type":"if","locations":[{"start":{"line":78,"column":4},"end":{"line":78,"column":null}},{"start":{},"end":{}}]},"3":{"loc":{"start":{"line":80,"column":4},"end":{"line":82,"column":null}},"type":"if","locations":[{"start":{"line":80,"column":4},"end":{"line":82,"column":null}},{"start":{},"end":{}}]},"4":{"loc":{"start":{"line":94,"column":2},"end":{"line":100,"column":null}},"type":"if","locations":[{"start":{"line":94,"column":2},"end":{"line":100,"column":null}},{"start":{},"end":{}}]},"5":{"loc":{"start":{"line":102,"column":2},"end":{"line":108,"column":null}},"type":"if","locations":[{"start":{"line":102,"column":2},"end":{"line":108,"column":null}},{"start":{},"end":{}}]},"6":{"loc":{"start":{"line":134,"column":19},"end":{"line":134,"column":63}},"type":"binary-expr","locations":[{"start":{"line":134,"column":19},"end":{"line":134,"column":39}},{"start":{"line":134,"column":43},"end":{"line":134,"column":63}}]},"7":{"loc":{"start":{"line":156,"column":11},"end":{"line":156,"column":null}},"type":"binary-expr","locations":[{"start":{"line":156,"column":11},"end":{"line":156,"column":null}}]},"8":{"loc":{"start":{"line":165,"column":11},"end":{"line":165,"column":null}},"type":"binary-expr","locations":[{"start":{"line":165,"column":11},"end":{"line":165,"column":null}}]},"9":{"loc":{"start":{"line":200,"column":51},"end":{"line":200,"column":null}},"type":"binary-expr","locations":[{"start":{"line":200,"column":51},"end":{"line":200,"column":69}},{"start":{"line":200,"column":73},"end":{"line":200,"column":null}}]},"10":{"loc":{"start":{"line":211,"column":14},"end":{"line":213,"column":15}},"type":"cond-expr","locations":[{"start":{"line":211,"column":14},"end":{"line":213,"column":15}}]},"11":{"loc":{"start":{"line":223,"column":57},"end":{"line":223,"column":null}},"type":"binary-expr","locations":[{"start":{"line":223,"column":57},"end":{"line":223,"column":79}},{"start":{"line":223,"column":83},"end":{"line":223,"column":null}}]},"12":{"loc":{"start":{"line":225,"column":15},"end":{"line":225,"column":36}},"type":"binary-expr","locations":[{"start":{"line":225,"column":15},"end":{"line":225,"column":36}}]},"13":{"loc":{"start":{"line":231,"column":15},"end":{"line":231,"column":38}},"type":"binary-expr","locations":[{"start":{"line":231,"column":15},"end":{"line":231,"column":38}}]},"14":{"loc":{"start":{"line":246,"column":15},"end":{"line":246,"column":47}},"type":"binary-expr","locations":[{"start":{"line":246,"column":15},"end":{"line":246,"column":47}}]},"15":{"loc":{"start":{"line":254,"column":15},"end":{"line":254,"column":40}},"type":"binary-expr","locations":[{"start":{"line":254,"column":15},"end":{"line":254,"column":40}}]},"16":{"loc":{"start":{"line":262,"column":15},"end":{"line":262,"column":41}},"type":"binary-expr","locations":[{"start":{"line":262,"column":15},"end":{"line":262,"column":41}}]},"17":{"loc":{"start":{"line":281,"column":15},"end":{"line":281,"column":35}},"type":"binary-expr","locations":[{"start":{"line":281,"column":15},"end":{"line":281,"column":35}}]},"18":{"loc":{"start":{"line":291,"column":11},"end":{"line":291,"column":33}},"type":"binary-expr","locations":[{"start":{"line":291,"column":11},"end":{"line":291,"column":33}}]}},"s":{"0":0,"1":0,"2":0,"3":0,"4":0,"5":0,"6":0,"7":0,"8":0,"9":0,"10":0,"11":0,"12":0,"13":0,"14":0,"15":0,"16":0,"17":0,"18":0,"19":0,"20":0,"21":0,"22":0,"23":0,"24":0,"25":0,"26":0,"27":0,"28":0,"29":0,"30":0,"31":0,"32":0,"33":0,"34":0,"35":0,"36":0,"37":0,"38":0,"39":0,"40":0,"41":0,"42":0,"43":0,"44":0,"45":0,"46":0,"47":0,"48":0},"f":{"0":0,"1":0,"2":0,"3":0,"4":0,"5":0,"6":0},"b":{"0":[0,0],"1":[0,0],"2":[0,0],"3":[0,0],"4":[0,0],"5":[0,0],"6":[0,0],"7":[0],"8":[0],"9":[0,0],"10":[0],"11":[0,0],"12":[0],"13":[0],"14":[0],"15":[0],"16":[0],"17":[0],"18":[0]}}
,"/Users/maxmaxvel/AI TESI/apps/web/app/admin/refunds/page.tsx": {"path":"/Users/maxmaxvel/AI TESI/apps/web/app/admin/refunds/page.tsx","statementMap":{"0":{"start":{"line":13,"column":24},"end":{"line":13,"column":null}},"1":{"start":{"line":3,"column":49},"end":{"line":3,"column":null}},"2":{"start":{"line":4,"column":26},"end":{"line":4,"column":null}},"3":{"start":{"line":5,"column":59},"end":{"line":5,"column":null}},"4":{"start":{"line":6,"column":29},"end":{"line":6,"column":null}},"5":{"start":{"line":7,"column":52},"end":{"line":7,"column":null}},"6":{"start":{"line":8,"column":31},"end":{"line":8,"column":null}},"7":{"start":{"line":9,"column":18},"end":{"line":9,"column":null}},"8":{"start":{"line":14,"column":17},"end":{"line":14,"column":null}},"9":{"start":{"line":15,"column":32},"end":{"line":15,"column":null}},"10":{"start":{"line":16,"column":28},"end":{"line":16,"column":null}},"11":{"start":{"line":17,"column":36},"end":{"line":17,"column":null}},"12":{"start":{"line":18,"column":36},"end":{"line":18,"column":null}},"13":{"start":{"line":19,"column":26},"end":{"line":19,"column":null}},"14":{"start":{"line":20,"column":32},"end":{"line":20,"column":null}},"15":{"start":{"line":21,"column":28},"end":{"line":21,"column":null}},"16":{"start":{"line":22,"column":42},"end":{"line":22,"column":null}},"17":{"start":{"line":24,"column":20},"end":{"line":45,"column":null}},"18":{"start":{"line":25,"column":4},"end":{"line":44,"column":null}},"19":{"start":{"line":26,"column":6},"end":{"line":26,"column":null}},"20":{"start":{"line":27,"column":21},"end":{"line":27,"column":null}},"21":{"start":{"line":29,"column":64},"end":{"line":33,"column":null}},"22":{"start":{"line":31,"column":52},"end":{"line":31,"column":null}},"23":{"start":{"line":32,"column":56},"end":{"line":32,"column":null}},"24":{"start":{"line":35,"column":6},"end":{"line":35,"column":null}},"25":{"start":{"line":36,"column":6},"end":{"line":36,"column":null}},"26":{"start":{"line":37,"column":6},"end":{"line":37,"column":null}},"27":{"start":{"line":38,"column":6},"end":{"line":38,"column":null}},"28":{"start":{"line":40,"column":6},"end":{"line":40,"column":null}},"29":{"start":{"line":41,"column":6},"end":{"line":41,"column":null}},"30":{"start":{"line":43,"column":6},"end":{"line":43,"column":null}},"31":{"start":{"line":47,"column":28},"end":{"line":55,"column":null}},"32":{"start":{"line":48,"column":4},"end":{"line":54,"column":null}},"33":{"start":{"line":49,"column":23},"end":{"line":49,"column":null}},"34":{"start":{"line":50,"column":6},"end":{"line":50,"column":null}},"35":{"start":{"line":53,"column":6},"end":{"line":53,"column":null}},"36":{"start":{"line":57,"column":2},"end":{"line":64,"column":null}},"37":{"start":{"line":58,"column":4},"end":{"line":58,"column":null}},"38":{"start":{"line":59,"column":21},"end":{"line":61,"column":14}},"39":{"start":{"line":60,"column":6},"end":{"line":60,"column":null}},"40":{"start":{"line":63,"column":4},"end":{"line":63,"column":null}},"41":{"start":{"line":63,"column":17},"end":{"line":63,"column":null}},"42":{"start":{"line":66,"column":28},"end":{"line":68,"column":null}},"43":{"start":{"line":67,"column":4},"end":{"line":67,"column":null}},"44":{"start":{"line":70,"column":15},"end":{"line":79,"column":null}},"45":{"start":{"line":97,"column":12},"end":{"line":98,"column":null}},"46":{"start":{"line":100,"column":16},"end":{"line":100,"column":null}},"47":{"start":{"line":101,"column":16},"end":{"line":101,"column":null}},"48":{"start":{"line":142,"column":33},"end":{"line":142,"column":null}},"49":{"start":{"line":149,"column":33},"end":{"line":149,"column":null}}},"fnMap":{"0":{"name":"AdminRefundsPage","decl":{"start":{"line":13,"column":24},"end":{"line":13,"column":null}},"loc":{"start":{"line":13,"column":24},"end":{"line":162,"column":null}}},"1":{"name":"(anonymous_3)","decl":{"start":{"line":24,"column":32},"end":{"line":24,"column":null}},"loc":{"start":{"line":24,"column":32},"end":{"line":45,"column":5}}},"2":{"name":"(anonymous_4)","decl":{"start":{"line":31,"column":46},"end":{"line":31,"column":52}},"loc":{"start":{"line":31,"column":52},"end":{"line":31,"column":null}}},"3":{"name":"(anonymous_5)","decl":{"start":{"line":32,"column":49},"end":{"line":32,"column":56}},"loc":{"start":{"line":32,"column":56},"end":{"line":32,"column":null}}},"4":{"name":"(anonymous_6)","decl":{"start":{"line":47,"column":40},"end":{"line":47,"column":null}},"loc":{"start":{"line":47,"column":40},"end":{"line":55,"column":5}}},"5":{"name":"(anonymous_7)","decl":{"start":{"line":57,"column":12},"end":{"line":57,"column":null}},"loc":{"start":{"line":57,"column":12},"end":{"line":64,"column":5}}},"6":{"name":"(anonymous_8)","decl":{"start":{"line":59,"column":33},"end":{"line":59,"column":null}},"loc":{"start":{"line":59,"column":33},"end":{"line":61,"column":7}}},"7":{"name":"(anonymous_9)","decl":{"start":{"line":63,"column":11},"end":{"line":63,"column":17}},"loc":{"start":{"line":63,"column":17},"end":{"line":63,"column":null}}},"8":{"name":"(anonymous_10)","decl":{"start":{"line":66,"column":28},"end":{"line":66,"column":29}},"loc":{"start":{"line":66,"column":29},"end":{"line":68,"column":null}}},"9":{"name":"(anonymous_11)","decl":{"start":{"line":96,"column":20},"end":{"line":96,"column":21}},"loc":{"start":{"line":97,"column":12},"end":{"line":98,"column":null}}},"10":{"name":"(anonymous_12)","decl":{"start":{"line":99,"column":23},"end":{"line":99,"column":null}},"loc":{"start":{"line":99,"column":23},"end":{"line":102,"column":null}}},"11":{"name":"(anonymous_13)","decl":{"start":{"line":142,"column":27},"end":{"line":142,"column":33}},"loc":{"start":{"line":142,"column":33},"end":{"line":142,"column":null}}},"12":{"name":"(anonymous_14)","decl":{"start":{"line":149,"column":27},"end":{"line":149,"column":33}},"loc":{"start":{"line":149,"column":33},"end":{"line":149,"column":null}}}},"branchMap":{"0":{"loc":{"start":{"line":27,"column":21},"end":{"line":27,"column":null}},"type":"cond-expr","locations":[{"start":{"line":27,"column":43},"end":{"line":27,"column":55}},{"start":{"line":27,"column":55},"end":{"line":27,"column":null}}]},"1":{"loc":{"start":{"line":35,"column":17},"end":{"line":35,"column":46}},"type":"binary-expr","locations":[{"start":{"line":35,"column":17},"end":{"line":35,"column":40}},{"start":{"line":35,"column":44},"end":{"line":35,"column":46}}]},"2":{"loc":{"start":{"line":36,"column":15},"end":{"line":36,"column":null}},"type":"binary-expr","locations":[{"start":{"line":36,"column":15},"end":{"line":36,"column":36}},{"start":{"line":36,"column":40},"end":{"line":36,"column":null}}]},"3":{"loc":{"start":{"line":38,"column":22},"end":{"line":38,"column":null}},"type":"binary-expr","locations":[{"start":{"line":38,"column":22},"end":{"line":38,"column":43}},{"start":{"line":38,"column":47},"end":{"line":38,"column":null}}]},"4":{"loc":{"start":{"line":50,"column":22},"end":{"line":50,"column":null}},"type":"binary-expr","locations":[{"start":{"line":50,"column":22},"end":{"line":50,"column":36}},{"start":{"line":50,"column":40},"end":{"line":50,"column":null}}]},"5":{"loc":{"start":{"line":91,"column":7},"end":{"line":91,"column":16}},"type":"binary-expr","locations":[{"start":{"line":91,"column":7},"end":{"line":91,"column":16}}]},"6":{"loc":{"start":{"line":104,"column":16},"end":{"line":106,"column":null}},"type":"cond-expr","locations":[{"start":{"line":105,"column":20},"end":{"line":105,"column":null}},{"start":{"line":106,"column":20},"end":{"line":106,"column":null}}]},"7":{"loc":{"start":{"line":110,"column":15},"end":{"line":110,"column":37}},"type":"binary-expr","locations":[{"start":{"line":110,"column":15},"end":{"line":110,"column":37}},{"start":{"line":110,"column":37},"end":{"line":110,"column":null}}]},"8":{"loc":{"start":{"line":122,"column":8},"end":{"line":126,"column":null}},"type":"cond-expr","locations":[{"start":{"line":122,"column":8},"end":{"line":126,"column":null}}]},"9":{"loc":{"start":{"line":134,"column":11},"end":{"line":134,"column":null}},"type":"binary-expr","locations":[{"start":{"line":134,"column":11},"end":{"line":134,"column":null}}]}},"s":{"0":0,"1":0,"2":0,"3":0,"4":0,"5":0,"6":0,"7":0,"8":0,"9":0,"10":0,"11":0,"12":0,"13":0,"14":0,"15":0,"16":0,"17":0,"18":0,"19":0,"20":0,"21":0,"22":0,"23":0,"24":0,"25":0,"26":0,"27":0,"28":0,"29":0,"30":0,"31":0,"32":0,"33":0,"34":0,"35":0,"36":0,"37":0,"38":0,"39":0,"40":0,"41":0,"42":0,"43":0,"44":0,"45":0,"46":0,"47":0,"48":0,"49":0},"f":{"0":0,"1":0,"2":0,"3":0,"4":0,"5":0,"6":0,"7":0,"8":0,"9":0,"10":0,"11":0,"12":0},"b":{"0":[0,0],"1":[0,0],"2":[0,0],"3":[0,0],"4":[0,0],"5":[0],"6":[0,0],"7":[0,0],"8":[0],"9":[0]}}
,"/Users/maxmaxvel/AI TESI/apps/web/app/admin/refunds/[id]/page.tsx": {"path":"/Users/maxmaxvel/AI TESI/apps/web/app/admin/refunds/[id]/page.tsx","statementMap":{"0":{"start":{"line":10,"column":24},"end":{"line":10,"column":null}},"1":{"start":{"line":3,"column":49},"end":{"line":3,"column":null}},"2":{"start":{"line":4,"column":37},"end":{"line":4,"column":null}},"3":{"start":{"line":5,"column":46},"end":{"line":5,"column":null}},"4":{"start":{"line":6,"column":33},"end":{"line":6,"column":null}},"5":{"start":{"line":7,"column":31},"end":{"line":7,"column":null}},"6":{"start":{"line":8,"column":18},"end":{"line":8,"column":null}},"7":{"start":{"line":11,"column":17},"end":{"line":11,"column":null}},"8":{"start":{"line":12,"column":17},"end":{"line":12,"column":null}},"9":{"start":{"line":13,"column":19},"end":{"line":13,"column":null}},"10":{"start":{"line":14,"column":30},"end":{"line":14,"column":null}},"11":{"start":{"line":15,"column":36},"end":{"line":15,"column":null}},"12":{"start":{"line":17,"column":29},"end":{"line":29,"column":null}},"13":{"start":{"line":18,"column":4},"end":{"line":28,"column":null}},"14":{"start":{"line":19,"column":6},"end":{"line":19,"column":null}},"15":{"start":{"line":20,"column":25},"end":{"line":20,"column":null}},"16":{"start":{"line":21,"column":6},"end":{"line":21,"column":null}},"17":{"start":{"line":23,"column":6},"end":{"line":23,"column":null}},"18":{"start":{"line":24,"column":6},"end":{"line":24,"column":null}},"19":{"start":{"line":25,"column":6},"end":{"line":25,"column":null}},"20":{"start":{"line":27,"column":6},"end":{"line":27,"column":null}},"21":{"start":{"line":31,"column":2},"end":{"line":35,"column":null}},"22":{"start":{"line":32,"column":4},"end":{"line":34,"column":null}},"23":{"start":{"line":33,"column":6},"end":{"line":33,"column":null}},"24":{"start":{"line":37,"column":24},"end":{"line":52,"column":null}},"25":{"start":{"line":38,"column":4},"end":{"line":38,"column":null}},"26":{"start":{"line":38,"column":17},"end":{"line":38,"column":null}},"27":{"start":{"line":40,"column":4},"end":{"line":51,"column":null}},"28":{"start":{"line":46,"column":6},"end":{"line":46,"column":null}},"29":{"start":{"line":47,"column":6},"end":{"line":47,"column":null}},"30":{"start":{"line":49,"column":6},"end":{"line":49,"column":null}},"31":{"start":{"line":50,"column":6},"end":{"line":50,"column":null}},"32":{"start":{"line":54,"column":23},"end":{"line":65,"column":null}},"33":{"start":{"line":55,"column":4},"end":{"line":55,"column":null}},"34":{"start":{"line":55,"column":17},"end":{"line":55,"column":null}},"35":{"start":{"line":57,"column":4},"end":{"line":64,"column":null}},"36":{"start":{"line":58,"column":6},"end":{"line":58,"column":null}},"37":{"start":{"line":59,"column":6},"end":{"line":59,"column":null}},"38":{"start":{"line":60,"column":6},"end":{"line":60,"column":null}},"39":{"start":{"line":62,"column":6},"end":{"line":62,"column":null}},"40":{"start":{"line":63,"column":6},"end":{"line":63,"column":null}},"41":{"start":{"line":67,"column":24},"end":{"line":79,"column":null}},"42":{"start":{"line":68,"column":4},"end":{"line":68,"column":null}},"43":{"start":{"line":68,"column":17},"end":{"line":68,"column":null}},"44":{"start":{"line":70,"column":4},"end":{"line":78,"column":null}},"45":{"start":{"line":71,"column":23},"end":{"line":71,"column":null}},"46":{"start":{"line":73,"column":6},"end":{"line":73,"column":null}},"47":{"start":{"line":74,"column":6},"end":{"line":74,"column":null}},"48":{"start":{"line":76,"column":6},"end":{"line":76,"column":null}},"49":{"start":{"line":77,"column":6},"end":{"line":77,"column":null}},"50":{"start":{"line":81,"column":2},"end":{"line":87,"column":null}},"51":{"start":{"line":89,"column":2},"end":{"line":95,"column":null}},"52":{"start":{"line":102,"column":27},"end":{"line":102,"column":null}}},"fnMap":{"0":{"name":"AdminRefundDetailsPage","decl":{"start":{"line":10,"column":24},"end":{"line":10,"column":null}},"loc":{"start":{"line":10,"column":24},"end":{"line":119,"column":null}}},"1":{"name":"(anonymous_3)","decl":{"start":{"line":17,"column":41},"end":{"line":17,"column":null}},"loc":{"start":{"line":17,"column":41},"end":{"line":29,"column":5}}},"2":{"name":"(anonymous_4)","decl":{"start":{"line":31,"column":12},"end":{"line":31,"column":null}},"loc":{"start":{"line":31,"column":12},"end":{"line":35,"column":5}}},"3":{"name":"(anonymous_5)","decl":{"start":{"line":37,"column":24},"end":{"line":37,"column":31}},"loc":{"start":{"line":37,"column":60},"end":{"line":52,"column":null}}},"4":{"name":"(anonymous_6)","decl":{"start":{"line":54,"column":23},"end":{"line":54,"column":30}},"loc":{"start":{"line":54,"column":30},"end":{"line":65,"column":null}}},"5":{"name":"(anonymous_7)","decl":{"start":{"line":67,"column":24},"end":{"line":67,"column":null}},"loc":{"start":{"line":67,"column":24},"end":{"line":79,"column":null}}},"6":{"name":"(anonymous_8)","decl":{"start":{"line":102,"column":21},"end":{"line":102,"column":27}},"loc":{"start":{"line":102,"column":27},"end":{"line":102,"column":null}}}},"branchMap":{"0":{"loc":{"start":{"line":32,"column":4},"end":{"line":34,"column":null}},"type":"if","locations":[{"start":{"line":32,"column":4},"end":{"line":34,"column":null}},{"start":{},"end":{}}]},"1":{"loc":{"start":{"line":38,"column":4},"end":{"line":38,"column":null}},"type":"if","locations":[{"start":{"line":38,"column":4},"end":{"line":38,"column":null}},{"start":{},"end":{}}]},"2":{"loc":{"start":{"line":55,"column":4},"end":{"line":55,"column":null}},"type":"if","locations":[{"start":{"line":55,"column":4},"end":{"line":55,"column":null}},{"start":{},"end":{}}]},"3":{"loc":{"start":{"line":68,"column":4},"end":{"line":68,"column":null}},"type":"if","locations":[{"start":{"line":68,"column":4},"end":{"line":68,"column":null}},{"start":{},"end":{}}]},"4":{"loc":{"start":{"line":81,"column":2},"end":{"line":87,"column":null}},"type":"if","locations":[{"start":{"line":81,"column":2},"end":{"line":87,"column":null}},{"start":{},"end":{}}]},"5":{"loc":{"start":{"line":89,"column":2},"end":{"line":95,"column":null}},"type":"if","locations":[{"start":{"line":89,"column":2},"end":{"line":95,"column":null}},{"start":{},"end":{}}]}},"s":{"0":0,"1":0,"2":0,"3":0,"4":0,"5":0,"6":0,"7":0,"8":0,"9":0,"10":0,"11":0,"12":0,"13":0,"14":0,"15":0,"16":0,"17":0,"18":0,"19":0,"20":0,"21":0,"22":0,"23":0,"24":0,"25":0,"26":0,"27":0,"28":0,"29":0,"30":0,"31":0,"32":0,"33":0,"34":0,"35":0,"36":0,"37":0,"38":0,"39":0,"40":0,"41":0,"42":0,"43":0,"44":0,"45":0,"46":0,"47":0,"48":0,"49":0,"50":0,"51":0,"52":0},"f":{"0":0,"1":0,"2":0,"3":0,"4":0,"5":0,"6":0},"b":{"0":[0,0],"1":[0,0],"2":[0,0],"3":[0,0],"4":[0,0],"5":[0,0]}}
,"/Users/maxmaxvel/AI TESI/apps/web/app/admin/settings/page.tsx": {"path":"/Users/maxmaxvel/AI TESI/apps/web/app/admin/settings/page.tsx","statementMap":{"0":{"start":{"line":15,"column":24},"end":{"line":15,"column":null}},"1":{"start":{"line":3,"column":36},"end":{"line":3,"column":null}},"2":{"start":{"line":4,"column":96},"end":{"line":4,"column":null}},"3":{"start":{"line":5,"column":36},"end":{"line":5,"column":null}},"4":{"start":{"line":6,"column":31},"end":{"line":6,"column":null}},"5":{"start":{"line":7,"column":34},"end":{"line":7,"column":null}},"6":{"start":{"line":8,"column":40},"end":{"line":8,"column":null}},"7":{"start":{"line":9,"column":31},"end":{"line":9,"column":null}},"8":{"start":{"line":10,"column":30},"end":{"line":10,"column":null}},"9":{"start":{"line":11,"column":18},"end":{"line":11,"column":null}},"10":{"start":{"line":16,"column":36},"end":{"line":16,"column":null}},"11":{"start":{"line":17,"column":36},"end":{"line":17,"column":null}},"12":{"start":{"line":18,"column":34},"end":{"line":18,"column":null}},"13":{"start":{"line":19,"column":48},"end":{"line":19,"column":null}},"14":{"start":{"line":20,"column":38},"end":{"line":20,"column":null}},"15":{"start":{"line":21,"column":44},"end":{"line":21,"column":null}},"16":{"start":{"line":22,"column":56},"end":{"line":22,"column":null}},"17":{"start":{"line":23,"column":52},"end":{"line":23,"column":null}},"18":{"start":{"line":24,"column":40},"end":{"line":24,"column":null}},"19":{"start":{"line":25,"column":46},"end":{"line":25,"column":null}},"20":{"start":{"line":27,"column":2},"end":{"line":29,"column":null}},"21":{"start":{"line":28,"column":4},"end":{"line":28,"column":null}},"22":{"start":{"line":31,"column":24},"end":{"line":92,"column":null}},"23":{"start":{"line":32,"column":4},"end":{"line":91,"column":null}},"24":{"start":{"line":33,"column":6},"end":{"line":33,"column":null}},"25":{"start":{"line":34,"column":26},"end":{"line":34,"column":null}},"26":{"start":{"line":38,"column":22},"end":{"line":38,"column":null}},"27":{"start":{"line":39,"column":6},"end":{"line":47,"column":null}},"28":{"start":{"line":40,"column":8},"end":{"line":46,"column":null}},"29":{"start":{"line":49,"column":17},"end":{"line":49,"column":null}},"30":{"start":{"line":50,"column":6},"end":{"line":62,"column":null}},"31":{"start":{"line":51,"column":8},"end":{"line":61,"column":null}},"32":{"start":{"line":64,"column":21},"end":{"line":64,"column":null}},"33":{"start":{"line":65,"column":6},"end":{"line":73,"column":null}},"34":{"start":{"line":66,"column":8},"end":{"line":72,"column":null}},"35":{"start":{"line":75,"column":26},"end":{"line":75,"column":null}},"36":{"start":{"line":76,"column":6},"end":{"line":85,"column":null}},"37":{"start":{"line":77,"column":8},"end":{"line":84,"column":null}},"38":{"start":{"line":87,"column":6},"end":{"line":87,"column":null}},"39":{"start":{"line":88,"column":6},"end":{"line":88,"column":null}},"40":{"start":{"line":90,"column":6},"end":{"line":90,"column":null}},"41":{"start":{"line":94,"column":28},"end":{"line":111,"column":null}},"42":{"start":{"line":95,"column":4},"end":{"line":95,"column":null}},"43":{"start":{"line":96,"column":4},"end":{"line":109,"column":null}},"44":{"start":{"line":96,"column":25},"end":{"line":109,"column":null}},"45":{"start":{"line":97,"column":6},"end":{"line":108,"column":null}},"46":{"start":{"line":98,"column":8},"end":{"line":98,"column":null}},"47":{"start":{"line":99,"column":8},"end":{"line":99,"column":null}},"48":{"start":{"line":100,"column":8},"end":{"line":100,"column":null}},"49":{"start":{"line":101,"column":8},"end":{"line":101,"column":null}},"50":{"start":{"line":103,"column":8},"end":{"line":103,"column":null}},"51":{"start":{"line":104,"column":8},"end":{"line":104,"column":null}},"52":{"start":{"line":105,"column":8},"end":{"line":105,"column":null}},"53":{"start":{"line":107,"column":8},"end":{"line":107,"column":null}},"54":{"start":{"line":110,"column":4},"end":{"line":110,"column":null}},"55":{"start":{"line":113,"column":23},"end":{"line":130,"column":null}},"56":{"start":{"line":114,"column":4},"end":{"line":114,"column":null}},"57":{"start":{"line":115,"column":4},"end":{"line":128,"column":null}},"58":{"start":{"line":115,"column":25},"end":{"line":128,"column":null}},"59":{"start":{"line":116,"column":6},"end":{"line":127,"column":null}},"60":{"start":{"line":117,"column":8},"end":{"line":117,"column":null}},"61":{"start":{"line":118,"column":8},"end":{"line":118,"column":null}},"62":{"start":{"line":119,"column":8},"end":{"line":119,"column":null}},"63":{"start":{"line":120,"column":8},"end":{"line":120,"column":null}},"64":{"start":{"line":122,"column":8},"end":{"line":122,"column":null}},"65":{"start":{"line":123,"column":8},"end":{"line":123,"column":null}},"66":{"start":{"line":124,"column":8},"end":{"line":124,"column":null}},"67":{"start":{"line":126,"column":8},"end":{"line":126,"column":null}},"68":{"start":{"line":129,"column":4},"end":{"line":129,"column":null}},"69":{"start":{"line":132,"column":27},"end":{"line":149,"column":null}},"70":{"start":{"line":133,"column":4},"end":{"line":133,"column":null}},"71":{"start":{"line":134,"column":4},"end":{"line":147,"column":null}},"72":{"start":{"line":134,"column":25},"end":{"line":147,"column":null}},"73":{"start":{"line":135,"column":6},"end":{"line":146,"column":null}},"74":{"start":{"line":136,"column":8},"end":{"line":136,"column":null}},"75":{"start":{"line":137,"column":8},"end":{"line":137,"column":null}},"76":{"start":{"line":138,"column":8},"end":{"line":138,"column":null}},"77":{"start":{"line":139,"column":8},"end":{"line":139,"column":null}},"78":{"start":{"line":141,"column":8},"end":{"line":141,"column":null}},"79":{"start":{"line":142,"column":8},"end":{"line":142,"column":null}},"80":{"start":{"line":143,"column":8},"end":{"line":143,"column":null}},"81":{"start":{"line":145,"column":8},"end":{"line":145,"column":null}},"82":{"start":{"line":148,"column":4},"end":{"line":148,"column":null}},"83":{"start":{"line":151,"column":32},"end":{"line":172,"column":null}},"84":{"start":{"line":152,"column":4},"end":{"line":156,"column":null}},"85":{"start":{"line":153,"column":6},"end":{"line":153,"column":null}},"86":{"start":{"line":155,"column":6},"end":{"line":155,"column":null}},"87":{"start":{"line":157,"column":4},"end":{"line":170,"column":null}},"88":{"start":{"line":157,"column":25},"end":{"line":170,"column":null}},"89":{"start":{"line":158,"column":6},"end":{"line":169,"column":null}},"90":{"start":{"line":159,"column":8},"end":{"line":159,"column":null}},"
[...]
n":30}},"loc":{"start":{"line":47,"column":73},"end":{"line":57,"column":null}}},"3":{"name":"formatDateOnly","decl":{"start":{"line":63,"column":16},"end":{"line":63,"column":30}},"loc":{"start":{"line":63,"column":73},"end":{"line":71,"column":null}}},"4":{"name":"sanitizeText","decl":{"start":{"line":86,"column":16},"end":{"line":86,"column":28}},"loc":{"start":{"line":86,"column":41},"end":{"line":90,"column":null}}},"5":{"name":"truncate","decl":{"start":{"line":102,"column":16},"end":{"line":102,"column":24}},"loc":{"start":{"line":102,"column":53},"end":{"line":105,"column":null}}},"6":{"name":"formatCurrency","decl":{"start":{"line":118,"column":16},"end":{"line":118,"column":30}},"loc":{"start":{"line":118,"column":63},"end":{"line":123,"column":null}}},"7":{"name":"sleep","decl":{"start":{"line":128,"column":16},"end":{"line":128,"column":21}},"loc":{"start":{"line":128,"column":32},"end":{"line":130,"column":null}}},"8":{"name":"(anonymous_17)","decl":{"start":{"line":129,"column":21},"end":{"line":129,"column":32}},"loc":{"start":{"line":129,"column":32},"end":{"line":129,"column":null}}}},"branchMap":{"0":{"loc":{"start":{"line":28,"column":12},"end":{"line":28,"column":null}},"type":"cond-expr","locations":[{"start":{"line":28,"column":39},"end":{"line":28,"column":56}},{"start":{"line":28,"column":56},"end":{"line":28,"column":null}}]},"1":{"loc":{"start":{"line":47,"column":59},"end":{"line":47,"column":73}},"type":"default-arg","locations":[{"start":{"line":47,"column":70},"end":{"line":47,"column":73}}]},"2":{"loc":{"start":{"line":48,"column":2},"end":{"line":48,"column":null}},"type":"if","locations":[{"start":{"line":48,"column":2},"end":{"line":48,"column":null}},{"start":{},"end":{}}]},"3":{"loc":{"start":{"line":49,"column":12},"end":{"line":49,"column":null}},"type":"cond-expr","locations":[{"start":{"line":49,"column":39},"end":{"line":49,"column":56}},{"start":{"line":49,"column":56},"end":{"line":49,"column":null}}]},"4":{"loc":{"start":{"line":63,"column":59},"end":{"line":63,"column":73}},"type":"default-arg","locations":[{"start":{"line":63,"column":70},"end":{"line":63,"column":73}}]},"5":{"loc":{"start":{"line":64,"column":2},"end":{"line":64,"column":null}},"type":"if","locations":[{"start":{"line":64,"column":2},"end":{"line":64,"column":null}},{"start":{},"end":{}}]},"6":{"loc":{"start":{"line":65,"column":12},"end":{"line":65,"column":null}},"type":"cond-expr","locations":[{"start":{"line":65,"column":39},"end":{"line":65,"column":56}},{"start":{"line":65,"column":56},"end":{"line":65,"column":null}}]},"7":{"loc":{"start":{"line":103,"column":2},"end":{"line":103,"column":null}},"type":"if","locations":[{"start":{"line":103,"column":2},"end":{"line":103,"column":null}},{"start":{},"end":{}}]},"8":{"loc":{"start":{"line":118,"column":47},"end":{"line":118,"column":63}},"type":"default-arg","locations":[{"start":{"line":118,"column":58},"end":{"line":118,"column":63}}]}},"s":{"0":106,"1":0,"2":14,"3":86,"4":11,"5":28,"6":0,"7":0,"8":106,"9":14,"10":14,"11":11,"12":0,"13":11,"14":11,"15":86,"16":14,"17":72,"18":72,"19":28,"20":28,"21":28,"22":0,"23":0,"24":0,"25":0,"26":0,"27":0},"f":{"0":106,"1":14,"2":11,"3":86,"4":28,"5":0,"6":0,"7":0,"8":0},"b":{"0":[14,0],"1":[11],"2":[0,11],"3":[11,0],"4":[43],"5":[14,72],"6":[72,0],"7":[0,0],"8":[0]}}
,"/Users/maxmaxvel/AI TESI/apps/web/lib/api/admin.ts": {"path":"/Users/maxmaxvel/AI TESI/apps/web/lib/api/admin.ts","statementMap":{"0":{"start":{"line":207,"column":13},"end":{"line":207,"column":30}},"1":{"start":{"line":192,"column":26},"end":{"line":192,"column":null}},"2":{"start":{"line":195,"column":27},"end":{"line":205,"column":null}},"3":{"start":{"line":196,"column":2},"end":{"line":196,"column":null}},"4":{"start":{"line":196,"column":15},"end":{"line":196,"column":null}},"5":{"start":{"line":197,"column":23},"end":{"line":197,"column":null}},"6":{"start":{"line":198,"column":2},"end":{"line":202,"column":null}},"7":{"start":{"line":199,"column":4},"end":{"line":201,"column":null}},"8":{"start":{"line":200,"column":6},"end":{"line":200,"column":null}},"9":{"start":{"line":203,"column":22},"end":{"line":203,"column":null}},"10":{"start":{"line":204,"column":2},"end":{"line":204,"column":null}},"11":{"start":{"line":207,"column":30},"end":{"line":395,"column":null}},"12":{"start":{"line":215,"column":21},"end":{"line":215,"column":null}},"13":{"start":{"line":216,"column":4},"end":{"line":216,"column":null}},"14":{"start":{"line":220,"column":4},"end":{"line":220,"column":null}},"15":{"start":{"line":225,"column":21},"end":{"line":225,"column":null}},"16":{"start":{"line":226,"column":4},"end":{"line":226,"column":null}},"17":{"start":{"line":230,"column":16},"end":{"line":230,"column":null}},"18":{"start":{"line":231,"column":21},"end":{"line":231,"column":null}},"19":{"start":{"line":232,"column":4},"end":{"line":232,"column":null}},"20":{"start":{"line":236,"column":16},"end":{"line":236,"column":null}},"21":{"start":{"line":237,"column":21},"end":{"line":237,"column":null}},"22":{"start":{"line":238,"column":4},"end":{"line":238,"column":null}},"23":{"start":{"line":242,"column":21},"end":{"line":242,"column":null}},"24":{"start":{"line":243,"column":4},"end":{"line":243,"column":null}},"25":{"start":{"line":248,"column":16},"end":{"line":248,"column":null}},"26":{"start":{"line":249,"column":4},"end":{"line":249,"column":null}},"27":{"start":{"line":253,"column":21},"end":{"line":253,"column":null}},"28":{"start":{"line":254,"column":4},"end":{"line":254,"column":null}},"29":{"start":{"line":258,"column":4},"end":{"line":258,"column":null}},"30":{"start":{"line":262,"column":4},"end":{"line":262,"column":null}},"31":{"start":{"line":266,"column":4},"end":{"line":266,"column":null}},"32":{"start":{"line":270,"column":4},"end":{"line":270,"column":null}},"33":{"start":{"line":274,"column":4},"end":{"line":274,"column":null}},"34":{"start":{"line":279,"column":16},"end":{"line":279,"column":null}},"35":{"start":{"line":280,"column":4},"end":{"line":280,"column":null}},"36":{"start":{"line":284,"column":21},"end":{"line":284,"column":null}},"37":{"start":{"line":285,"column":4},"end":{"line":285,"column":null}},"38":{"start":{"line":289,"column":21},"end":{"line":289,"column":null}},"39":{"start":{"line":290,"column":4},"end":{"line":290,"column":null}},"40":{"start":{"line":294,"column":4},"end":{"line":294,"column":null}},"41":{"start":{"line":298,"column":4},"end":{"line":298,"column":null}},"42":{"start":{"line":302,"column":16},"end":{"line":302,"column":null}},"43":{"start":{"line":303,"column":4},"end":{"line":303,"column":null}},"44":{"start":{"line":308,"column":16},"end":{"line":308,"column":null}},"45":{"start":{"line":309,"column":4},"end":{"line":309,"column":null}},"46":{"start":{"line":313,"column":16},"end":{"line":313,"column":null}},"47":{"start":{"line":314,"column":4},"end":{"line":314,"column":null}},"48":{"start":{"line":318,"column":21},"end":{"line":318,"column":null}},"49":{"start":{"line":319,"column":4},"end":{"line":319,"column":null}},"50":{"start":{"line":323,"column":21},"end":{"line":323,"column":null}},"51":{"start":{"line":324,"column":4},"end":{"line":324,"column":null}},"52":{"start":{"line":328,"column":4},"end":{"line":328,"column":null}},"53":{"start":{"line":332,"column":16},"end":{"line":332,"column":null}},"54":{"start":{"line":333,"column":21},"end":{"line":333,"column":null}},"55":{"start":{"line":334,"column":4},"end":{"line":334,"column":null}},"56":{"start":{"line":339,"column":16},"end":{"line":339,"column":null}},"57":{"start":{"line":340,"column":4},"end":{"line":340,"column":null}},"58":{"start":{"line":344,"column":21},"end":{"line":344,"column":null}},"59":{"start":{"line":345,"column":4},"end":{"line":345,"column":null}},"60":{"start":{"line":349,"column":21},"end":{"line":349,"column":null}},"61":{"start":{"line":350,"column":4},"end":{"line":350,"column":null}},"62":{"start":{"line":354,"column":21},"end":{"line":354,"column":null}},"63":{"start":{"line":355,"column":4},"end":{"line":355,"column":null}},"64":{"start":{"line":359,"column":4},"end":{"line":362,"column":null}},"65":{"start":{"line":366,"column":4},"end":{"line":366,"column":null}},"66":{"start":{"line":370,"column":21},"end":{"line":370,"column":null}},"67":{"start":{"line":371,"column":4},"end":{"line":371,"column":null}},"68":{"start":{"line":376,"column":21},"end":{"line":376,"column":null}},"69":{"start":{"line":377,"column":4},"end":{"line":377,"column":null}},"70":{"start":{"line":381,"column":4},"end":{"line":381,"column":null}},"71":{"start":{"line":385,"column":4},"end":{"line":385,"column":null}},"72":{"start":{"line":389,"column":4},"end":{"line":389,"column":null}},"73":{"start":{"line":393,"column":4},"end":{"line":393,"column":null}}},"fnMap":{"0":{"name":"(anonymous_1)","decl":{"start":{"line":195,"column":27},"end":{"line":195,"column":28}},"loc":{"start":{"line":195,"column":45},"end":{"line":205,"column":null}}},"1":{"name":"(anonymous_2)","decl":{"start":{"line":198,"column":33},"end":{"line":198,"column":34}},"loc":{"start":{"line":198,"column":46},"end":{"line":202,"column":null}}},"2":{"name":"(anonymous_3)","decl":{"start":{"line":214,"column":2},"end":{"line":214,"column":8}},"loc":{"start":{"line":214,"column":51},"end":{"line":217,"column":null}}},"3":{"name":"(anonymous_4)","decl":{"start":{"line":219,"column":2},"end":{"line":219,"column":8}},"loc":{"start":{"line":219,"column":8},"end":{"line":221,"column":null}}},"4":{"name":"(anonymous_5)","decl":{"start":{"line":224,"column":2},"end":{"line":224,"column":8}},"loc":{"start":{"line":224,"column":8},"end":{"line":227,"column":null}}},"5":{"name":"(anonymous_6)","decl":{"start":{"line":229,"column":2},"end":{"line":229,"column":8}},"loc":{"start":{"line":229,"column":32},"end":{"line":233,"column":null}}},"6":{"name":"(anonymous_7)","decl":{"start":{"line":235,"column":2},"end":{"line":235,"column":8}},"loc":{"start":{"line":235,"column":47},"end":{"line":239,"column":null}}},"7":{"name":"(anonymous_8)","decl":{"start":{"line":241,"column":2},"end":{"line":241,"column":8}},"loc":{"start":{"line":241,"column":8},"end":{"line":244,"column":null}}},"8":{"name":"(anonymous_9)","decl":{"start":{"line":247,"column":2},"end":{"line":247,"column":8}},"loc":{"start":{"line":247,"column":28},"end":{"line":250,"column":null}}},"9":{"name":"(anonymous_10)","decl":{"start":{"line":252,"column":2},"end":{"line":252,"column":8}},"loc":{"start":{"line":252,"column":26},"end":{"line":255,"column":null}}},"10":{"name":"(anonymous_11)","decl":{"start":{"line":257,"column":2},"end":{"line":257,"column":8}},"loc":{"start":{"line":257,"column":28},"end":{"line":259,"column":null}}},"11":{"name":"(anonymous_12)","decl":{"start":{"line":261,"column":2},"end":{"line":261,"column":8}},"loc":{"start":{"line":261,"column":30},"end":{"line":263,"column":null}}},"12":{"name":"(anonymous_13)","decl":{"start":{"line":265,"column":2},"end":{"line":265,"column":8}},"loc":{"start":{"line":265,"column":29},"end":{"line":267,"column":null}}},"13":{"name":"(anonymous_14)","decl":{"start":{"line":269,"column":2},"end":{"line":269,"column":8}},"loc":{"start":{"line":269,"column":69},"end":{"line":271,"column":null}}},"14":{"name":"(anonymous_15)","decl":{"start":{"line":273,"column":2},"end":{"line":273,"column":8}},"loc":{"start":{"line":273,"column":52},"end":{"line":275,"column":null}}},"15":{"name":"(anonymous_16)","decl":{"start":{"line":278,"column":2},"end":{"line":278,"column":8}},"loc":{"start":{"line":278,"column":32},"end":{"line":281,"column":null}}},"16":{"name":"(anonymous_17)","decl":{"start":{"line":283,"column":2},"end":{"line":283,"column":8}},"loc":{"start":{"line":283,"column":30},"end":{"line":286,"column":null}}},"17":{"name":"(anonymous_18)","decl":{"start":{"line":288,"column":2},"end":{"line":288,"column":8}},"loc":{"start":{"line":288,"column":34},"end":{"line":291,"column":null}}},"18":{"name":"(anonymous_19)","decl":{"start":{"line":293,"column":2},"end":{"line":293,"column":8}},"loc":{"start":{"line":293,"column":33},"end":{"line":295,"column":null}}},"19":{"name":"(anonymous_20)","decl":{"start":{"line":297,"column":2},"end":{"line":297,"column":8}},"loc":{"start":{"line":297,"column":32},"end":{"line":299,"column":null}}},"20":{"name":"(anonymous_21)","decl":{"start":{"line":301,"column":2},"end":{"line":301,"column":8}},"loc":{"start":{"line":301,"column":61},"end":{"line":304,"column":null}}},"21":{"name":"(anonymous_22)","decl":{"start":{"line":307,"column":2},"end":{"line":307,"column":8}},"loc":{"start":{"line":307,"column":31},"end":{"line":310,"column":null}}},"22":{"name":"(anonymous_23)","decl":{"start":{"line":312,"column":2},"end":{"line":312,"column":8}},"loc":{"start":{"line":312,"column":60},"end":{"line":315,"column":null}}},"23":{"name":"(anonymous_24)","decl":{"start":{"line":317,"column":2},"end":{"line":317,"column":8}},"loc":{"start":{"line":317,"column":29},"end":{"line":320,"column":null}}},"24":{"name":"(anonymous_25)","decl":{"start":{"line":322,"column":2},"end":{"line":322,"column":8}},"loc":{"start":{"line":322,"column":39},"end":{"line":325,"column":null}}},"25":{"name":"(anonymous_26)","decl":{"start":{"line":327,"column":2},"end":{"line":327,"column":8}},"loc":{"start":{"line":327,"column":40},"end":{"line":329,"column":null}}},"26":{"name":"(anonymous_27)","decl":{"start":{"line":331,"column":2},"end":{"line":331,"column":8}},"loc":{"start":{"line":331,"column":50},"end":{"line":335,"column":null}}},"27":{"name":"(anonymous_28)","decl":{"start":{"line":338,"column":2},"end":{"line":338,"column":8}},"loc":{"start":{"line":338,"column":30},"end":{"line":341,"column":null}}},"28":{"name":"(anonymous_29)","decl":{"start":{"line":343,"column":2},"end":{"line":343,"column":8}},"loc":{"start":{"line":343,"column":28},"end":{"line":346,"column":null}}},"29":{"name":"(anonymous_30)","decl":{"start":{"line":348,"column":2},"end":{"line":348,"column":8}},"loc":{"start":{"line":348,"column":8},"end":{"line":351,"column":null}}},"30":{"name":"(anonymous_31)","decl":{"start":{"line":353,"column":2},"end":{"line":353,"column":8}},"loc":{"start":{"line":353,"column":8},"end":{"line":356,"column":null}}},"31":{"name":"(anonymous_32)","decl":{"start":{"line":358,"column":2},"end":{"line":358,"column":8}},"loc":{"start":{"line":358,"column":83},"end":{"line":363,"column":null}}},"32":{"name":"(anonymous_33)","decl":{"start":{"line":365,"column":2},"end":{"line":365,"column":8}},"loc":{"start":{"line":365,"column":53},"end":{"line":367,"column":null}}},"33":{"name":"(anonymous_34)","decl":{"start":{"line":369,"column":2},"end":{"line":369,"column":8}},"loc":{"start":{"line":369,"column":32},"end":{"line":372,"column":null}}},"34":{"name":"(anonymous_35)","decl":{"start":{"line":375,"column":2},"end":{"line":375,"column":8}},"loc":{"start":{"line":375,"column":8},"end":{"line":378,"column":null}}},"35":{"name":"(anonymous_36)","decl":{"start":{"line":380,"column":2},"end":{"line":380,"column":8}},"loc":{"start":{"line":380,"column":43},"end":{"line":382,"column":null}}},"36":{"name":"(anonymous_37)","decl":{"start":{"line":384,"column":2},"end":{"line":384,"column":8}},"loc":{"start":{"line":384,"column":38},"end":{"line":386,"column":null}}},"37":{"name":"(anonymous_38)","decl":{"start":{"line":388,"column":2},"end":{"line":388,"column":8}},"loc":{"start":{"line":388,"column":41},"end":{"line":390,"column":null}}},"38":{"name":"(anonymous_39)","decl":{"start":{"line":392,"column":2},"end":{"line":392,"column":8}},"loc":{"start":{"line":392,"column":47},"end":{"line":394,"column":null}}}},"branchMap":{"0":{"loc":{"start":{"line":196,"column":2},"end":{"line":196,"column":null}},"type":"if","locations":[{"start":{"line":196,"column":2},"end":{"line":196,"column":null}},{"start":{},"end":{}}]},"1":{"loc":{"start":{"line":199,"column":4},"end":{"line":201,"column":null}},"type":"if","locations":[{"start":{"line":199,"column":4},"end":{"line":201,"column":null}},{"start":{},"end":{}}]},"2":{"loc":{"start":{"line":199,"column":8},"end":{"line":199,"column":47}},"type":"binary-expr","locations":[{"start":{"line":199,"column":8},"end":{"line":199,"column":31}},{"start":{"line":199,"column":31},"end":{"line":199,"column":47}}]},"3":{"loc":{"start":{"line":204,"column":9},"end":{"line":204,"column":null}},"type":"cond-expr","locations":[{"start":{"line":204,"column":23},"end":{"line":204,"column":50}},{"start":{"line":204,"column":53},"end":{"line":204,"column":null}}]},"4":{"loc":{"start":{"line":301,"column":41},"end":{"line":301,"column":49}},"type":"default-arg","locations":[{"start":{"line":301,"column":48},"end":{"line":301,"column":49}}]},"5":{"loc":{"start":{"line":301,"column":51},"end":{"line":301,"column":61}},"type":"default-arg","locations":[{"start":{"line":301,"column":59},"end":{"line":301,"column":61}}]},"6":{"loc":{"start":{"line":312,"column":40},"end":{"line":312,"column":48}},"type":"default-arg","locations":[{"start":{"line":312,"column":47},"end":{"line":312,"column":48}}]},"7":{"loc":{"start":{"line":312,"column":50},"end":{"line":312,"column":60}},"type":"default-arg","locations":[{"start":{"line":312,"column":58},"end":{"line":312,"column":60}}]}},"s":{"0":0,"1":0,"2":0,"3":0,"4":0,"5":0,"6":0,"7":0,"8":0,"9":0,"10":0,"11":0,"12":0,"13":0,"14":0,"15":0,"16":0,"17":0,"18":0,"19":0,"20":0,"21":0,"22":0,"23":0,"24":0,"25":0,"26":0,"27":0,"28":0,"29":0,"30":0,"31":0,"32":0,"33":0,"34":0,"35":0,"36":0,"37":0,"38":0,"39":0,"40":0,"41":0,"42":0,"43":0,"44":0,"45":0,"46":0,"47":0,"48":0,"49":0,"50":0,"51":0,"52":0,"53":0,"54":0,"55":0,"56":0,"57":0,"58":0,"59":0,"60":0,"61":0,"62":0,"63":0,"64":0,"65":0,"66":0,"67":0,"68":0,"69":0,"70":0,"71":0,"72":0,"73":0},"f":{"0":0,"1":0,"2":0,"3":0,"4":0,"5":0,"6":0,"7":0,"8":0,"9":0,"10":0,"11":0,"12":0,"13":0,"14":0,"15":0,"16":0,"17":0,"18":0,"19":0,"20":0,"21":0,"22":0,"23":0,"24":0,"25":0,"26":0,"27":0,"28":0,"29":0,"30":0,"31":0,"32":0,"33":0,"34":0,"35":0,"36":0,"37":0,"38":0},"b":{"0":[0,0],"1":[0,0],"2":[0,0],"3":[0,0],"4":[0],"5":[0],"6":[0],"7":[0]}}
,"/Users/maxmaxvel/AI TESI/apps/web/lib/api/refunds.ts": {"path":"/Users/maxmaxvel/AI TESI/apps/web/lib/api/refunds.ts","statementMap":{"0":{"start":{"line":54,"column":13},"end":{"line":54,"column":32}},"1":{"start":{"line":19,"column":26},"end":{"line":19,"column":null}},"2":{"start":{"line":54,"column":32},"end":{"line":78,"column":null}},"3":{"start":{"line":59,"column":21},"end":{"line":59,"column":null}},"4":{"start":{"line":60,"column":4},"end":{"line":60,"column":null}},"5":{"start":{"line":67,"column":21},"end":{"line":67,"column":null}},"6":{"start":{"line":68,"column":4},"end":{"line":68,"column":null}},"7":{"start":{"line":75,"column":21},"end":{"line":75,"column":null}},"8":{"start":{"line":76,"column":4},"end":{"line":76,"column":null}}},"fnMap":{"0":{"name":"(anonymous_1)","decl":{"start":{"line":58,"column":2},"end":{"line":58,"column":8}},"loc":{"start":{"line":58,"column":53},"end":{"line":61,"column":null}}},"1":{"name":"(anonymous_2)","decl":{"start":{"line":66,"column":2},"end":{"line":66,"column":8}},"loc":{"start":{"line":66,"column":35},"end":{"line":69,"column":null}}},"2":{"name":"(anonymous_3)","decl":{"start":{"line":74,"column":2},"end":{"line":74,"column":8}},"loc":{"start":{"line":74,"column":8},"end":{"line":77,"column":null}}}},"branchMap":{},"s":{"0":0,"1":0,"2":0,"3":0,"4":0,"5":0,"6":0,"7":0,"8":0},"f":{"0":0,"1":0,"2":0},"b":{}}
,"/Users/maxmaxvel/AI TESI/apps/web/lib/utils/date.ts": {"path":"/Users/maxmaxvel/AI TESI/apps/web/lib/utils/date.ts","statementMap":{"0":{"start":{"line":6,"column":9},"end":{"line":6,"column":21}},"1":{"start":{"line":6,"column":37},"end":{"line":6,"column":59}},"2":{"start":{"line":6,"column":21},"end":{"line":6,"column":37}},"3":{"start":{"line":6,"column":59},"end":{"line":6,"column":null}}},"fnMap":{},"branchMap":{},"s":{"0":0,"1":0,"2":0,"3":0},"f":{},"b":{}}
}
