TN:
SF:app/error.tsx
FN:5,Error
FN:6,(anonymous_2)
FN:16,(anonymous_3)
FNF:3
FNH:0
FNDA:0,Error
FNDA:0,(anonymous_2)
FNDA:0,(anonymous_3)
DA:3,0
DA:5,0
DA:6,0
DA:16,0
LF:4
LH:0
BRDA:14,0,0,0
BRDA:14,0,1,0
BRF:2
BRH:0
end_of_record
TN:
SF:app/global-error.tsx
FN:3,GlobalError
FN:11,(anonymous_2)
FNF:2
FNH:0
FNDA:0,GlobalError
FNDA:0,(anonymous_2)
DA:3,0
DA:11,0
LF:2
LH:0
BRDA:9,0,0,0
BRDA:9,0,1,0
BRF:2
BRH:0
end_of_record
TN:
SF:app/layout.tsx
FN:21,RootLayout
FNF:1
FNH:0
FNDA:0,RootLayout
DA:2,0
DA:3,0
DA:4,0
DA:5,0
DA:7,0
DA:9,0
DA:16,0
DA:21,0
LF:8
LH:0
BRF:0
BRH:0
end_of_record
TN:
SF:app/page.tsx
FN:10,HomePage
FNF:1
FNH:0
FNDA:0,HomePage
DA:1,0
DA:2,0
DA:3,0
DA:4,0
DA:5,0
DA:6,0
DA:7,0
DA:8,0
DA:10,0
LF:9
LH:0
BRF:0
BRH:0
end_of_record
TN:
SF:app/admin/layout.tsx
FN:5,AdminLayoutWrapper
FNF:1
FNH:0
FNDA:0,AdminLayoutWrapper
DA:3,0
DA:5,0
LF:2
LH:0
BRF:0
BRH:0
end_of_record
TN:
SF:app/admin/page.tsx
FN:3,AdminPage
FNF:1
FNH:0
FNDA:0,AdminPage
DA:1,0
DA:3,0
DA:4,0
LF:3
LH:0
BRF:0
BRH:0
end_of_record
TN:
SF:app/admin/dashboard/page.tsx
FN:10,(anonymous_5)
FN:10,(anonymous_6)
FN:10,(anonymous_7)
FN:11,(anonymous_9)
FN:15,(anonymous_10)
FN:15,(anonymous_11)
FN:15,(anonymous_12)
FN:16,(anonymous_14)
FN:20,(anonymous_15)
FN:20,(anonymous_16)
FN:20,(anonymous_17)
FN:21,(anonymous_19)
FN:25,AdminDashboardPage
FN:33,(anonymous_21)
FN:34,(anonymous_22)
FN:85,(anonymous_23)
FN:93,(anonymous_24)
FN:96,(anonymous_25)
FN:153,(anonymous_26)
FN:158,(anonymous_27)
FN:163,(anonymous_28)
FNF:21
FNH:0
FNDA:0,(anonymous_5)
FNDA:0,(anonymous_6)
FNDA:0,(anonymous_7)
FNDA:0,(anonymous_9)
FNDA:0,(anonymous_10)
FNDA:0,(anonymous_11)
FNDA:0,(anonymous_12)
FNDA:0,(anonymous_14)
FNDA:0,(anonymous_15)
FNDA:0,(anonymous_16)
FNDA:0,(anonymous_17)
FNDA:0,(anonymous_19)
FNDA:0,AdminDashboardPage
FNDA:0,(anonymous_21)
FNDA:0,(anonymous_22)
FNDA:0,(anonymous_23)
FNDA:0,(anonymous_24)
FNDA:0,(anonymous_25)
FNDA:0,(anonymous_26)
FNDA:0,(anonymous_27)
FNDA:0,(anonymous_28)
DA:3,0
DA:4,0
DA:5,0
DA:6,0
DA:7,0
DA:10,0
DA:11,0
DA:15,0
DA:16,0
DA:20,0
DA:21,0
DA:25,0
DA:26,0
DA:27,0
DA:28,0
DA:29,0
DA:30,0
DA:31,0
DA:33,0
DA:34,0
DA:35,0
DA:36,0
DA:37,0
DA:43,0
DA:44,0
DA:45,0
DA:46,0
DA:48,0
DA:49,0
DA:51,0
DA:55,0
DA:58,0
DA:66,0
DA:87,0
DA:94,0
DA:96,0
DA:153,0
DA:158,0
DA:163,0
LF:39
LH:0
BRDA:58,0,0,0
BRDA:58,0,1,0
BRDA:66,1,0,0
BRDA:66,1,1,0
BRDA:98,2,0,0
BRDA:98,2,1,0
BRDA:113,3,0,0
BRDA:149,4,0,0
BRDA:153,5,0,0
BRDA:153,5,1,0
BRDA:158,6,0,0
BRDA:158,6,1,0
BRDA:163,7,0,0
BRDA:163,7,1,0
BRDA:170,8,0,0
BRF:15
BRH:0
end_of_record
TN:
SF:app/admin/documents/page.tsx
FN:28,AdminDocumentsPage
FN:44,(anonymous_3)
FN:66,(anonymous_4)
FN:70,(anonymous_5)
FN:74,(anonymous_6)
FN:89,(anonymous_7)
FN:100,(anonymous_8)
FN:142,(anonymous_9)
FN:149,(anonymous_10)
FNF:9
FNH:0
FNDA:0,AdminDocumentsPage
FNDA:0,(anonymous_3)
FNDA:0,(anonymous_4)
FNDA:0,(anonymous_5)
FNDA:0,(anonymous_6)
FNDA:0,(anonymous_7)
FNDA:0,(anonymous_8)
FNDA:0,(anonymous_9)
FNDA:0,(anonymous_10)
DA:3,0
DA:4,0
DA:5,0
DA:6,0
DA:7,0
DA:8,0
DA:9,0
DA:10,0
DA:28,0
DA:29,0
DA:30,0
DA:31,0
DA:32,0
DA:33,0
DA:34,0
DA:35,0
DA:41,0
DA:42,0
DA:44,0
DA:45,0
DA:46,0
DA:47,0
DA:51,0
DA:52,0
DA:53,0
DA:55,0
DA:56,0
DA:57,0
DA:59,0
DA:60,0
DA:62,0
DA:66,0
DA:67,0
DA:70,0
DA:71,0
DA:74,0
DA:75,0
DA:77,0
DA:78,0
DA:79,0
DA:80,0
DA:81,0
DA:82,0
DA:84,0
DA:85,0
DA:89,0
DA:90,0
DA:91,0
DA:92,0
DA:93,0
DA:95,0
DA:96,0
DA:100,0
DA:101,0
DA:102,0
DA:142,0
DA:149,0
LF:57
LH:0
BRDA:51,0,0,0
BRDA:51,0,1,0
BRDA:52,1,0,0
BRDA:52,1,1,0
BRDA:53,2,0,0
BRDA:53,2,1,0
BRDA:56,3,0,0
BRDA:56,3,1,0
BRDA:57,4,0,0
BRDA:57,4,1,0
BRDA:75,5,0,0
BRDA:75,5,1,0
BRDA:120,6,0,0
BRDA:134,7,0,0
BRF:14
BRH:0
end_of_record
TN:
SF:app/admin/documents/[id]/page.tsx
FN:38,AdminDocumentDetailsPage
FN:47,(anonymous_3)
FN:61,(anonymous_4)
FN:70,(anonymous_5)
FN:77,(anonymous_6)
FN:90,(anonymous_7)
FN:123,(anonymous_8)
FN:161,(anonymous_9)
FN:199,(anonymous_10)
FN:202,(anonymous_11)
FN:272,(anonymous_12)
FNF:11
FNH:0
FNDA:0,AdminDocumentDetailsPage
FNDA:0,(anonymous_3)
FNDA:0,(anonymous_4)
FNDA:0,(anonymous_5)
FNDA:0,(anonymous_6)
FNDA:0,(anonymous_7)
FNDA:0,(anonymous_8)
FNDA:0,(anonymous_9)
FNDA:0,(anonymous_10)
FNDA:0,(anonymous_11)
FNDA:0,(anonymous_12)
DA:3,0
DA:4,0
DA:5,0
DA:6,0
DA:7,0
DA:15,0
DA:16,0
DA:38,0
DA:39,0
DA:40,0
DA:41,0
DA:42,0
DA:43,0
DA:44,0
DA:45,0
DA:47,0
DA:48,0
DA:49,0
DA:50,0
DA:51,0
DA:53,0
DA:54,0
DA:55,0
DA:57,0
DA:61,0
DA:62,0
DA:63,0
DA:64,0
DA:66,0
DA:70,0
DA:71,0
DA:72,0
DA:73,0
DA:77,0
DA:78,0
DA:80,0
DA:81,0
DA:82,0
DA:83,0
DA:85,0
DA:86,0
DA:90,0
DA:91,0
DA:93,0
DA:94,0
DA:97,0
DA:98,0
DA:99,0
DA:100,0
DA:102,0
DA:103,0
DA:107,0
DA:115,0
DA:123,0
DA:124,0
DA:147,0
DA:161,0
DA:200,0
DA:202,0
DA:273,0
LF:60
LH:0
BRDA:71,0,0,0
BRDA:71,0,1,0
BRDA:78,1,0,0
BRDA:78,1,1,0
BRDA:91,2,0,0
BRDA:91,2,1,0
BRDA:93,3,0,0
BRDA:93,3,1,0
BRDA:107,4,0,0
BRDA:107,4,1,0
BRDA:115,5,0,0
BRDA:115,5,1,0
BRDA:147,6,0,0
BRDA:147,6,1,0
BRDA:169,7,0,0
BRDA:204,8,0,0
BRDA:204,8,1,0
BRDA:216,9,0,0
BRDA:223,10,0,0
BRDA:223,10,1,0
BRDA:233,11,0,0
BRDA:233,11,1,0
BRDA:235,12,0,0
BRDA:235,12,1,0
BRDA:236,13,0,0
BRDA:236,13,1,0
BRDA:246,14,0,0
BRDA:246,14,1,0
BRDA:247,15,0,0
BRDA:247,15,1,0
BRDA:249,16,0,0
BRDA:255,17,0,0
BRDA:267,18,0,0
BRDA:271,19,0,0
BRDA:270,20,0,0
BRDA:270,20,1,0
BRDA:270,20,2,0
BRDA:288,21,0,0
BRDA:288,21,1,0
BRDA:292,22,0,0
BRDA:292,22,1,0
BRDA:295,23,0,0
BRDA:310,24,0,0
BRDA:314,25,0,0
BRF:44
BRH:0
end_of_record
TN:
SF:app/admin/login/page.tsx
FN:10,AdminLoginPage
FN:16,(anonymous_3)
FN:81,(anonymous_4)
FN:98,(anonymous_5)
FNF:4
FNH:0
FNDA:0,AdminLoginPage
FNDA:0,(anonymous_3)
FNDA:0,(anonymous_4)
FNDA:0,(anonymous_5)
DA:3,0
DA:4,0
DA:5,0
DA:6,0
DA:7,0
DA:8,0
DA:10,0
DA:11,0
DA:12,0
DA:13,0
DA:14,0
DA:16,0
DA:17,0
DA:19,0
DA:20,0
DA:21,0
DA:24,0
DA:25,0
DA:26,0
DA:29,0
DA:31,0
DA:33,0
DA:36,0
DA:39,0
DA:40,0
DA:42,0
DA:43,0
DA:45,0
DA:46,0
DA:48,0
DA:81,0
DA:98,0
LF:32
LH:0
BRDA:19,0,0,0
BRDA:19,0,1,0
BRDA:24,1,0,0
BRDA:24,1,1,0
BRDA:36,2,0,0
BRDA:36,2,1,0
BRDA:46,3,0,0
BRDA:46,3,1,0
BRDA:110,4,0,0
BRDA:110,4,1,0
BRF:10
BRH:0
end_of_record
TN:
SF:app/admin/payments/page.tsx
FN:26,AdminPaymentsPage
FN:40,(anonymous_3)
FN:63,(anonymous_4)
FN:67,(anonymous_5)
FN:71,(anonymous_6)
FN:86,(anonymous_7)
FN:148,(anonymous_8)
FN:155,(anonymous_9)
FNF:8
FNH:0
FNDA:0,AdminPaymentsPage
FNDA:0,(anonymous_3)
FNDA:0,(anonymous_4)
FNDA:0,(anonymous_5)
FNDA:0,(anonymous_6)
FNDA:0,(anonymous_7)
FNDA:0,(anonymous_8)
FNDA:0,(anonymous_9)
DA:3,0
DA:4,0
DA:5,0
DA:6,0
DA:7,0
DA:8,0
DA:9,0
DA:10,0
DA:26,0
DA:27,0
DA:28,0
DA:29,0
DA:30,0
DA:31,0
DA:32,0
DA:33,0
DA:40,0
DA:41,0
DA:42,0
DA:43,0
DA:47,0
DA:48,0
DA:49,0
DA:50,0
DA:52,0
DA:53,0
DA:54,0
DA:56,0
DA:57,0
DA:59,0
DA:63,0
DA:64,0
DA:67,0
DA:68,0
DA:71,0
DA:72,0
DA:73,0
DA:76,0
DA:77,0
DA:78,0
DA:79,0
DA:81,0
DA:82,0
DA:86,0
DA:87,0
DA:88,0
DA:91,0
DA:92,0
DA:93,0
DA:94,0
DA:95,0
DA:96,0
DA:97,0
DA:98,0
DA:99,0
DA:101,0
DA:102,0
DA:148,0
DA:155,0
LF:59
LH:0
BRDA:47,0,0,0
BRDA:47,0,1,0
BRDA:48,1,0,0
BRDA:48,1,1,0
BRDA:49,2,0,0
BRDA:49,2,1,0
BRDA:50,3,0,0
BRDA:50,3,1,0
BRDA:53,4,0,0
BRDA:53,4,1,0
BRDA:54,5,0,0
BRDA:54,5,1,0
BRDA:72,6,0,0
BRDA:72,6,1,0
BRDA:127,7,0,0
BRDA:140,8,0,0
BRF:16
BRH:0
end_of_record
TN:
SF:app/admin/payments/[id]/page.tsx
FN:39,AdminPaymentDetailsPage
FN:47,(anonymous_3)
FN:61,(anonymous_4)
FN:70,(anonymous_5)
FN:77,(anonymous_6)
FN:110,(anonymous_7)
FN:148,(anonymous_8)
FNF:7
FNH:0
FNDA:0,AdminPaymentDetailsPage
FNDA:0,(anonymous_3)
FNDA:0,(anonymous_4)
FNDA:0,(anonymous_5)
FNDA:0,(anonymous_6)
FNDA:0,(anonymous_7)
FNDA:0,(anonymous_8)
DA:3,0
DA:4,0
DA:5,0
DA:6,0
DA:7,0
DA:17,0
DA:18,0
DA:39,0
DA:40,0
DA:41,0
DA:42,0
DA:43,0
DA:44,0
DA:45,0
DA:47,0
DA:48,0
DA:49,0
DA:50,0
DA:51,0
DA:53,0
DA:54,0
DA:55,0
DA:57,0
DA:61,0
DA:62,0
DA:63,0
DA:64,0
DA:66,0
DA:70,0
DA:71,0
DA:72,0
DA:73,0
DA:77,0
DA:78,0
DA:80,0
DA:81,0
DA:84,0
DA:85,0
DA:86,0
DA:87,0
DA:89,0
DA:90,0
DA:94,0
DA:102,0
DA:110,0
DA:111,0
DA:134,0
DA:148,0
LF:48
LH:0
BRDA:64,0,0,0
BRDA:64,0,1,0
BRDA:71,1,0,0
BRDA:71,1,1,0
BRDA:78,2,0,0
BRDA:78,2,1,0
BRDA:80,3,0,0
BRDA:80,3,1,0
BRDA:94,4,0,0
BRDA:94,4,1,0
BRDA:102,5,0,0
BRDA:102,5,1,0
BRDA:134,6,0,0
BRDA:134,6,1,0
BRDA:156,7,0,0
BRDA:165,8,0,0
BRDA:200,9,0,0
BRDA:200,9,1,0
BRDA:211,10,0,0
BRDA:223,11,0,0
BRDA:223,11,1,0
BRDA:225,12,0,0
BRDA:231,13,0,0
BRDA:246,14,0,0
BRDA:254,15,0,0
BRDA:262,16,0,0
BRDA:281,17,0,0
BRDA:291,18,0,0
BRF:28
BRH:0
end_of_record
TN:
SF:app/admin/refunds/page.tsx
FN:13,AdminRefundsPage
FN:24,(anonymous_3)
FN:31,(anonymous_4)
FN:32,(anonymous_5)
FN:47,(anonymous_6)
FN:57,(anonymous_7)
FN:59,(anonymous_8)
FN:63,(anonymous_9)
FN:66,(anonymous_10)
FN:96,(anonymous_11)
FN:99,(anonymous_12)
FN:142,(anonymous_13)
FN:149,(anonymous_14)
FNF:13
FNH:0
FNDA:0,AdminRefundsPage
FNDA:0,(anonymous_3)
FNDA:0,(anonymous_4)
FNDA:0,(anonymous_5)
FNDA:0,(anonymous_6)
FNDA:0,(anonymous_7)
FNDA:0,(anonymous_8)
FNDA:0,(anonymous_9)
FNDA:0,(anonymous_10)
FNDA:0,(anonymous_11)
FNDA:0,(anonymous_12)
FNDA:0,(anonymous_13)
FNDA:0,(anonymous_14)
DA:3,0
DA:4,0
DA:5,0
DA:6,0
DA:7,0
DA:8,0
DA:9,0
DA:13,0
DA:14,0
DA:15,0
DA:16,0
DA:17,0
DA:18,0
DA:19,0
DA:20,0
DA:21,0
DA:22,0
DA:24,0
DA:25,0
DA:26,0
DA:27,0
DA:29,0
DA:31,0
DA:32,0
DA:35,0
DA:36,0
DA:37,0
DA:38,0
DA:40,0
DA:41,0
DA:43,0
DA:47,0
DA:48,0
DA:49,0
DA:50,0
DA:53,0
DA:57,0
DA:58,0
DA:59,0
DA:60,0
DA:63,0
DA:66,0
DA:67,0
DA:70,0
DA:97,0
DA:100,0
DA:101,0
DA:142,0
DA:149,0
LF:49
LH:0
BRDA:27,0,0,0
BRDA:27,0,1,0
BRDA:35,1,0,0
BRDA:35,1,1,0
BRDA:36,2,0,0
BRDA:36,2,1,0
BRDA:38,3,0,0
BRDA:38,3,1,0
BRDA:50,4,0,0
BRDA:50,4,1,0
BRDA:91,5,0,0
BRDA:104,6,0,0
BRDA:104,6,1,0
BRDA:110,7,0,0
BRDA:110,7,1,0
BRDA:122,8,0,0
BRDA:134,9,0,0
BRF:17
BRH:0
end_of_record
TN:
SF:app/admin/refunds/[id]/page.tsx
FN:10,AdminRefundDetailsPage
FN:17,(anonymous_3)
FN:31,(anonymous_4)
FN:37,(anonymous_5)
FN:54,(anonymous_6)
FN:67,(anonymous_7)
FN:102,(anonymous_8)
FNF:7
FNH:0
FNDA:0,AdminRefundDetailsPage
FNDA:0,(anonymous_3)
FNDA:0,(anonymous_4)
FNDA:0,(anonymous_5)
FNDA:0,(anonymous_6)
FNDA:0,(anonymous_7)
FNDA:0,(anonymous_8)
DA:3,0
DA:4,0
DA:5,0
DA:6,0
DA:7,0
DA:8,0
DA:10,0
DA:11,0
DA:12,0
DA:13,0
DA:14,0
DA:15,0
DA:17,0
DA:18,0
DA:19,0
DA:20,0
DA:21,0
DA:23,0
DA:24,0
DA:25,0
DA:27,0
DA:31,0
DA:32,0
DA:33,0
DA:37,0
DA:38,0
DA:40,0
DA:46,0
DA:47,0
DA:49,0
DA:50,0
DA:54,0
DA:55,0
DA:57,0
DA:58,0
DA:59,0
DA:60,0
DA:62,0
DA:63,0
DA:67,0
DA:68,0
DA:70,0
DA:71,0
DA:73,0
DA:74,0
DA:76,0
DA:77,0
DA:81,0
DA:89,0
DA:102,0
LF:50
LH:0
BRDA:32,0,0,0
BRDA:32,0,1,0
BRDA:38,1,0,0
BRDA:38,1,1,0
BRDA:55,2,0,0
BRDA:55,2,1,0
BRDA:68,3,0,0
BRDA:68,3,1,0
BRDA:81,4,0,0
BRDA:81,4,1,0
BRDA:89,5,0,0
BRDA:89,5,1,0
BRF:12
BRH:0
end_of_record
TN:
SF:app/admin/settings/page.tsx
FN:15,AdminSettingsPage
FN:27,(anonymous_3)
FN:31,(anonymous_4)
FN:94,(anonymous_5)
FN:96,(anonymous_6)
FN:96,(anonymous_7)
FN:113,(anonymous_8)
FN:115,(anonymous_9)
FN:115,(anonymous_10)
FN:132,(anonymous_11)
FN:134,(anonymous_12)
FN:134,(anonymous_13)
FN:151,(anonymous_14)
FN:157,(anonymous_15)
FN:157,(anonymous_16)
FN:174,(anonymous_17)
FN:209,(anonymous_18)
FN:212,(anonymous_19)
FNF:18
FNH:0
FNDA:0,AdminSettingsPage
FNDA:0,(anonymous_3)
FNDA:0,(anonymous_4)
FNDA:0,(anonymous_5)
FNDA:0,(anonymous_6)
FNDA:0,(anonymous_7)
FNDA:0,(anonymous_8)
FNDA:0,(anonymous_9)
FNDA:0,(anonymous_10)
FNDA:0,(anonymous_11)
FNDA:0,(anonymous_12)
FNDA:0,(anonymous_13)
FNDA:0,(anonymous_14)
FNDA:0,(anonymous_15)
FNDA:0,(anonymous_16)
FNDA:0,(anonymous_17)
FNDA:0,(anonymous_18)
FNDA:0,(anonymous_19)
DA:3,0
DA:4,0
DA:5,0
DA:6,0
DA:7,0
DA:8,0
DA:9,0
DA:10,0
DA:11,0
DA:15,0
DA:16,0
DA:17,0
DA:18,0
DA:19,0
DA:20,0
DA:21,0
DA:22,0
DA:23,0
DA:24,0
DA:25,0
DA:27,0
DA:28,0
DA:31,0
DA:32,0
DA:33,0
DA:34,0
DA:38,0
DA:39,0
DA:40,0
DA:49,0
DA:50,0
DA:51,0
DA:64,0
DA:65,0
DA:66,0
DA:75,0
DA:76,0
DA:77,0
DA:87,0
DA:88,0
DA:90,0
DA:94,0
DA:95,0
DA:96,0
DA:97,0
DA:98,0
DA:99,0
DA:100,0
DA:101,0
DA:103,0
DA:104,0
DA:105,0
DA:107,0
DA:110,0
DA:113,0
DA:114,0
DA:115,0
DA:116,0
DA:117,0
DA:118,0
DA:119,0
DA:120,0
DA:122,0
DA:123,0
DA:124,0
DA:126,0
DA:129,0
DA:132,0
DA:133,0
DA:134,0
DA:135,0
DA:136,0
DA:137,0
DA:138,0
DA:139,0
DA:141,0
DA:142,0
DA:143,0
DA:145,0
DA:148,0
DA:151,0
DA:152,0
DA:153,0
DA:155,0
DA:157,0
DA:158,0
DA:159,0
DA:160,0
DA:161,0
DA:162,0
DA:164,0
DA:165,0
DA:166,0
DA:168,0
DA:171,0
DA:174,0
DA:175,0
DA:176,0
DA:177,0
DA:178,0
DA:182,0
DA:189,0
DA:210,0
DA:212,0
LF:104
LH:0
BRDA:38,0,0,0
BRDA:38,0,1,0
BRDA:39,1,0,0
BRDA:39,1,1,0
BRDA:39,2,0,0
BRDA:39,2,1,0
BRDA:41,3,0,0
BRDA:41,3,1,0
BRDA:41,3,2,0
BRDA:42,4,0,0
BRDA:42,4,1,0
BRDA:42,4,2,0
BRDA:43,5,0,0
BRDA:43,5,1,0
BRDA:43,5,2,0
BRDA:44,6,0,0
BRDA:44,6,1,0
BRDA:44,6,2,0
BRDA:45,7,0,0
BRDA:45,7,1,0
BRDA:45,7,2,0
BRDA:49,8,0,0
BRDA:49,8,1,0
BRDA:50,9,0,0
BRDA:50,9,1,0
BRDA:50,10,0,0
BRDA:50,10,1,0
BRDA:52,11,0,0
BRDA:52,11,1,0
BRDA:52,11,2,0
BRDA:53,12,0,0
BRDA:53,12,1,0
BRDA:53,12,2,0
BRDA:54,13,0,0
BRDA:54,13,1,0
BRDA:54,13,2,0
BRDA:55,14,0,0
BRDA:55,14,1,0
BRDA:55,14,2,0
BRDA:56,15,0,0
BRDA:56,15,1,0
BRDA:56,15,2,0
BRDA:57,16,0,0
BRDA:57,16,1,0
BRDA:57,16,2,0
BRDA:58,17,0,0
BRDA:58,17,1,0
BRDA:58,17,2,0
BRDA:59,18,0,0
BRDA:59,18,1,0
BRDA:59,18,2,0
BRDA:60,19,0,0
BRDA:60,19,1,0
BRDA:60,19,2,0
BRDA:64,20,0,0
BRDA:64,20,1,0
BRDA:65,21,0,0
BRDA:65,21,1,0
BRDA:65,22,0,0
BRDA:65,22,1,0
BRDA:67,23,0,0
BRDA:67,23,1,0
BRDA:67,23,2,0
BRDA:68,24,0,0
BRDA:68,24,1,0
BRDA:68,24,2,0
BRDA:69,25,0,0
BRDA:69,25,1,0
BRDA:69,25,2,0
BRDA:70,26,0,0
BRDA:70,26,1,0
BRDA:70,26,2,0
BRDA:71,27,0,0
BRDA:71,27,1,0
BRDA:71,27,2,0
BRDA:75,28,0,0
BRDA:75,28,1,0
BRDA:76,29,0,0
BRDA:76,29,1,0
BRDA:76,30,0,0
BRDA:76,30,1,0
BRDA:78,31,0,0
BRDA:78,31,1,0
BRDA:78,31,2,0
BRDA:79,32,0,0
BRDA:79,32,1,0
BRDA:79,32,2,0
BRDA:80,33,0,0
BRDA:80,33,1,0
BRDA:80,33,2,0
BRDA:81,34,0,0
BRDA:81,34,1,0
BRDA:81,34,2,0
BRDA:82,35,0,0
BRDA:82,35,1,0
BRDA:82,35,2,0
BRDA:83,36,0,0
BRDA:83,36,1,0
BRDA:83,36,2,0
BRDA:152,37,0,0
BRDA:152,37,1,0
BRDA:161,38,0,0
BRDA:161,38,1,0
BRDA:175,39,0,0
BRDA:175,39,1,0
BRDA:189,40,0,0
BRDA:189,40,1,0
BRDA:214,41,0,0
BRDA:214,41,1,0
BRDA:228,42,0,0
BRDA:230,43,0,0
BRDA:230,43,1,0
BRDA:236,44,0,0
BRDA:238,45,0,0
BRDA:238,45,1,0
BRDA:244,46,0,0
BRDA:246,47,0,0
BRDA:246,47,1,0
BRDA:246,48,0,0
BRDA:246,48,1,0
BRDA:252,49,0,0
BRDA:254,50,0,0
BRDA:254,50,1,0
BRDA:254,51,0,0
BRDA:254,51,1,0
BRF:125
BRH:0
end_of_record
TN:
SF:app/admin/users/page.tsx
FN:12,AdminUsersPage
FN:25,(anonymous_3)
FN:46,(anonymous_4)
FN:50,(anonymous_5)
FN:54,(anonymous_6)
FN:64,(anonymous_7)
FN:74,(anonymous_8)
FN:88,(anonymous_9)
FN:102,(anonymous_10)
FN:107,(anonymous_11)
FN:124,(anonymous_12)
FN:141,(anonymous_13)
FN:158,(anonymous_14)
FN:164,(anonymous_15)
FN:209,(anonymous_16)
FN:221,(anonymous_17)
FN:228,(anonymous_18)
FNF:17
FNH:0
FNDA:0,AdminUsersPage
FNDA:0,(anonymous_3)
FNDA:0,(anonymous_4)
FNDA:0,(anonymous_5)
FNDA:0,(anonymous_6)
FNDA:0,(anonymous_7)
FNDA:0,(anonymous_8)
FNDA:0,(anonymous_9)
FNDA:0,(anonymous_10)
FNDA:0,(anonymous_11)
FNDA:0,(anonymous_12)
FNDA:0,(anonymous_13)
FNDA:0,(anonymous_14)
FNDA:0,(anonymous_15)
FNDA:0,(anonymous_16)
FNDA:0,(anonymous_17)
FNDA:0,(anonymous_18)
DA:3,0
DA:4,0
DA:5,0
DA:6,0
DA:7,0
DA:8,0
DA:10,0
DA:12,0
DA:13,0
DA:14,0
DA:15,0
DA:16,0
DA:17,0
DA:18,0
DA:19,0
DA:20,0
DA:21,0
DA:22,0
DA:23,0
DA:25,0
DA:26,0
DA:27,0
DA:28,0
DA:32,0
DA:33,0
DA:35,0
DA:36,0
DA:37,0
DA:39,0
DA:40,0
DA:42,0
DA:46,0
DA:47,0
DA:50,0
DA:51,0
DA:54,0
DA:55,0
DA:56,0
DA:57,0
DA:58,0
DA:60,0
DA:64,0
DA:65,0
DA:66,0
DA:67,0
DA:68,0
DA:70,0
DA:74,0
DA:75,0
DA:76,0
DA:79,0
DA:80,0
DA:81,0
DA:82,0
DA:84,0
DA:88,0
DA:89,0
DA:90,0
DA:93,0
DA:94,0
DA:95,0
DA:96,0
DA:98,0
DA:102,0
DA:104,0
DA:107,0
DA:108,0
DA:110,0
DA:111,0
DA:114,0
DA:115,0
DA:116,0
DA:117,0
DA:118,0
DA:120,0
DA:124,0
DA:125,0
DA:127,0
DA:128,0
DA:131,0
DA:132,0
DA:133,0
DA:134,0
DA:135,0
DA:137,0
DA:141,0
DA:142,0
DA:144,0
DA:145,0
DA:148,0
DA:149,0
DA:150,0
DA:151,0
DA:152,0
DA:154,0
DA:158,0
DA:159,0
DA:160,0
DA:164,0
DA:165,0
DA:166,0
DA:167,0
DA:209,0
DA:221,0
DA:228,0
LF:105
LH:0
BRDA:32,0,0,0
BRDA:32,0,1,0
BRDA:33,1,0,0
BRDA:33,1,1,0
BRDA:75,2,0,0
BRDA:75,2,1,0
BRDA:89,3,0,0
BRDA:89,3,1,0
BRDA:108,4,0,0
BRDA:108,4,1,0
BRDA:110,5,0,0
BRDA:110,5,1,0
BRDA:125,6,0,0
BRDA:125,6,1,0
BRDA:127,7,0,0
BRDA:127,7,1,0
BRDA:142,8,0,0
BRDA:142,8,1,0
BRDA:144,9,0,0
BRDA:144,9,1,0
BRDA:189,10,0,0
BRDA:214,11,0,0
BRF:22
BRH:0
end_of_record
TN:
SF:app/admin/users/[id]/page.tsx
FN:10,AdminUserDetailsPage
FN:17,(anonymous_3)
FN:22,(anonymous_4)
FN:23,(anonymous_5)
FN:41,(anonymous_6)
FN:47,(anonymous_7)
FN:59,(anonymous_8)
FN:71,(anonymous_9)
FN:87,(anonymous_10)
FN:103,(anonymous_11)
FN:108,(anonymous_12)
FN:114,(anonymous_13)
FN:141,(anonymous_14)
FNF:13
FNH:0
FNDA:0,AdminUserDetailsPage
FNDA:0,(anonymous_3)
FNDA:0,(anonymous_4)
FNDA:0,(anonymous_5)
FNDA:0,(anonymous_6)
FNDA:0,(anonymous_7)
FNDA:0,(anonymous_8)
FNDA:0,(anonymous_9)
FNDA:0,(anonymous_10)
FNDA:0,(anonymous_11)
FNDA:0,(anonymous_12)
FNDA:0,(anonymous_13)
FNDA:0,(anonymous_14)
DA:3,0
DA:4,0
DA:5,0
DA:6,0
DA:7,0
DA:8,0
DA:10,0
DA:11,0
DA:12,0
DA:13,0
DA:14,0
DA:15,0
DA:17,0
DA:18,0
DA:19,0
DA:20,0
DA:22,0
DA:23,0
DA:27,0
DA:33,0
DA:34,0
DA:35,0
DA:37,0
DA:41,0
DA:42,0
DA:43,0
DA:47,0
DA:48,0
DA:50,0
DA:51,0
DA:52,0
DA:53,0
DA:55,0
DA:59,0
DA:60,0
DA:62,0
DA:63,0
DA:64,0
DA:65,0
DA:67,0
DA:71,0
DA:72,0
DA:74,0
DA:75,0
DA:78,0
DA:79,0
DA:80,0
DA:81,0
DA:83,0
DA:87,0
DA:88,0
DA:90,0
DA:91,0
DA:94,0
DA:95,0
DA:96,0
DA:97,0
DA:99,0
DA:103,0
DA:105,0
DA:108,0
DA:109,0
DA:110,0
DA:114,0
DA:115,0
DA:116,0
DA:120,0
DA:128,0
DA:141,0
LF:69
LH:0
BRDA:29,0,0,0
BRDA:29,0,1,0
BRDA:30,1,0,0
BRDA:30,1,1,0
BRDA:42,2,0,0
BRDA:42,2,1,0
BRDA:48,3,0,0
BRDA:48,3,1,0
BRDA:60,4,0,0
BRDA:60,4,1,0
BRDA:72,5,0,0
BRDA:72,5,1,0
BRDA:74,6,0,0
BRDA:74,6,1,0
BRDA:88,7,0,0
BRDA:88,7,1,0
BRDA:90,8,0,0
BRDA:90,8,1,0
BRDA:109,9,0,0
BRDA:109,9,1,0
BRDA:115,10,0,0
BRDA:115,10,1,0
BRDA:120,11,0,0
BRDA:120,11,1,0
BRDA:128,12,0,0
BRDA:128,12,1,0
BRF:26
BRH:0
end_of_record
TN:
SF:app/auth/login/page.tsx
FN:8,LoginPage
FN:14,(anonymous_3)
FN:46,(anonymous_4)
FN:73,(anonymous_5)
FN:96,(anonymous_6)
FNF:5
FNH:0
FNDA:0,LoginPage
FNDA:0,(anonymous_3)
FNDA:0,(anonymous_4)
FNDA:0,(anonymous_5)
FNDA:0,(anonymous_6)
DA:3,0
DA:4,0
DA:5,0
DA:6,0
DA:8,0
DA:9,0
DA:10,0
DA:11,0
DA:12,0
DA:14,0
DA:15,0
DA:16,0
DA:18,0
DA:19,0
DA:20,0
DA:21,0
DA:23,0
DA:25,0
DA:29,0
DA:46,0
DA:73,0
DA:96,0
LF:22
LH:0
BRDA:23,0,0,0
BRDA:23,0,1,0
BRDA:29,1,0,0
BRDA:29,1,1,0
BRDA:88,2,0,0
BRDA:88,2,1,0
BRF:6
BRH:0
end_of_record
TN:
SF:app/auth/register/page.tsx
FN:8,RegisterPage
FN:14,(anonymous_3)
FN:46,(anonymous_4)
FN:73,(anonymous_5)
FN:94,(anonymous_6)
FNF:5
FNH:0
FNDA:0,RegisterPage
FNDA:0,(anonymous_3)
FNDA:0,(anonymous_4)
FNDA:0,(anonymous_5)
FNDA:0,(anonymous_6)
DA:3,0
DA:4,0
DA:5,0
DA:6,0
DA:8,0
DA:9,0
DA:10,0
DA:11,0
DA:12,0
DA:14,0
DA:15,0
DA:16,0
DA:18,0
DA:19,0
DA:20,0
DA:21,0
DA:23,0
DA:25,0
DA:29,0
DA:46,0
DA:73,0
DA:94,0
LF:22
LH:0
BRDA:23,0,0,0
BRDA:23,0,1,0
BRDA:29,1,0,0
BRDA:29,1,1,0
BRDA:86,2,0,0
BRDA:86,2,1,0
BRF:6
BRH:0
end_of_record
TN:
SF:app/auth/verify/page.tsx
FN:7,VerifyMagicLinkPage
FN:15,(anonymous_2)
FN:22,(anonymous_3)
FN:34,(anonymous_4)
FN:92,(anonymous_5)
FNF:5
FNH:0
FNDA:0,VerifyMagicLinkPage
FNDA:0,(anonymous_2)
FNDA:0,(anonymous_3)
FNDA:0,(anonymous_4)
FNDA:0,(anonymous_5)
DA:3,0
DA:4,0
DA:5,0
DA:7,0
DA:8,0
DA:9,0
DA:10,0
DA:12,0
DA:13,0
DA:15,0
DA:16,0
DA:17,0
DA:18,0
DA:19,0
DA:22,0
DA:23,0
DA:24,0
DA:27,0
DA:28,0
DA:31,0
DA:34,0
DA:35,0
DA:38,0
DA:39,0
DA:40,0
DA:44,0
DA:92,0
LF:27
LH:0
BRDA:16,0,0,0
BRDA:16,0,1,0
BRDA:27,1,0,0
BRDA:27,1,1,0
BRDA:27,2,0,0
BRDA:27,2,1,0
BRDA:39,3,0,0
BRDA:39,3,1,0
BRDA:50,4,0,0
BRDA:62,5,0,0
BRDA:78,6,0,0
BRF:11
BRH:0
end_of_record
TN:
SF:app/dashboard/page.tsx
FN:13,(anonymous_5)
FN:13,(anonymous_6)
FN:13,(anonymous_7)
FN:14,(anonymous_9)
FN:18,(anonymous_10)
FN:18,(anonymous_11)
FN:18,(anonymous_12)
FN:19,(anonymous_14)
FN:23,(anonymous_15)
FN:23,(anonymous_16)
FN:23,(anonymous_17)
FN:24,(anonymous_19)
FN:28,(anonymous_20)
FN:28,(anonymous_21)
FN:28,(anonymous_22)
FN:29,(anonymous_24)
FN:33,DashboardPage
FN:36,(anonymous_26)
FNF:18
FNH:0
FNDA:0,(anonymous_5)
FNDA:0,(anonymous_6)
FNDA:0,(anonymous_7)
FNDA:0,(anonymous_9)
FNDA:0,(anonymous_10)
FNDA:0,(anonymous_11)
FNDA:0,(anonymous_12)
FNDA:0,(anonymous_14)
FNDA:0,(anonymous_15)
FNDA:0,(anonymous_16)
FNDA:0,(anonymous_17)
FNDA:0,(anonymous_19)
FNDA:0,(anonymous_20)
FNDA:0,(anonymous_21)
FNDA:0,(anonymous_22)
FNDA:0,(anonymous_24)
FNDA:0,DashboardPage
FNDA:0,(anonymous_26)
DA:3,0
DA:4,0
DA:6,0
DA:7,0
DA:8,0
DA:9,0
DA:10,0
DA:13,0
DA:14,0
DA:18,0
DA:19,0
DA:23,0
DA:24,0
DA:28,0
DA:29,0
DA:33,0
DA:34,0
DA:36,0
DA:38,0
DA:39,0
DA:40,0
DA:41,0
DA:42,0
LF:23
LH:0
BRDA:39,0,0,0
BRDA:39,0,1,0
BRF:2
BRH:0
end_of_record
TN:
SF:app/dashboard/documents/page.tsx
FN:12,DocumentsPage
FN:15,(anonymous_3)
FNF:2
FNH:0
FNDA:0,DocumentsPage
FNDA:0,(anonymous_3)
DA:3,0
DA:4,0
DA:5,0
DA:6,0
DA:7,0
DA:8,0
DA:9,0
DA:12,0
DA:13,0
DA:15,0
DA:17,0
DA:18,0
DA:19,0
DA:20,0
DA:21,0
LF:15
LH:0
BRDA:18,0,0,0
BRDA:18,0,1,0
BRF:2
BRH:0
end_of_record
TN:
SF:app/dashboard/documents/[id]/page.tsx
FN:38,DocumentDetailPage
FN:47,(anonymous_3)
FN:68,(anonymous_4)
FN:80,(anonymous_5)
FN:86,(anonymous_6)
FN:110,(anonymous_7)
FN:130,(anonymous_8)
FN:202,(anonymous_9)
FN:203,(anonymous_10)
FNF:9
FNH:0
FNDA:0,DocumentDetailPage
FNDA:0,(anonymous_3)
FNDA:0,(anonymous_4)
FNDA:0,(anonymous_5)
FNDA:0,(anonymous_6)
FNDA:0,(anonymous_7)
FNDA:0,(anonymous_8)
FNDA:0,(anonymous_9)
FNDA:0,(anonymous_10)
DA:3,0
DA:4,0
DA:5,0
DA:6,0
DA:7,0
DA:8,0
DA:9,0
DA:10,0
DA:16,0
DA:38,0
DA:39,0
DA:40,0
DA:41,0
DA:43,0
DA:44,0
DA:45,0
DA:47,0
DA:48,0
DA:49,0
DA:50,0
DA:51,0
DA:54,0
DA:55,0
DA:57,0
DA:60,0
DA:61,0
DA:62,0
DA:64,0
DA:68,0
DA:70,0
DA:71,0
DA:72,0
DA:73,0
DA:74,0
DA:77,0
DA:80,0
DA:81,0
DA:82,0
DA:86,0
DA:87,0
DA:88,0
DA:92,0
DA:102,0
DA:110,0
DA:120,0
DA:130,0
DA:202,0
DA:204,0
LF:48
LH:0
BRDA:54,0,0,0
BRDA:54,0,1,0
BRDA:54,1,0,0
BRDA:54,1,1,0
BRDA:71,2,0,0
BRDA:71,2,1,0
BRDA:92,3,0,0
BRDA:92,3,1,0
BRDA:102,4,0,0
BRDA:102,4,1,0
BRDA:120,5,0,0
BRDA:120,5,1,0
BRDA:141,6,0,0
BRDA:157,7,0,0
BRDA:157,7,1,0
BRDA:158,8,0,0
BRDA:158,8,1,0
BRDA:159,9,0,0
BRDA:159,9,1,0
BRDA:162,10,0,0
BRDA:162,10,1,0
BRDA:163,11,0,0
BRDA:163,11,1,0
BRDA:164,12,0,0
BRDA:164,12,1,0
BRDA:165,13,0,0
BRDA:165,13,1,0
BRDA:168,14,0,0
BRDA:176,15,0,0
BRDA:176,15,1,0
BRDA:176,15,2,0
BRDA:185,16,0,0
BRDA:185,16,1,0
BRDA:197,17,0,0
BRDA:197,17,1,0
BRDA:210,18,0,0
BRDA:210,18,1,0
BRDA:211,19,0,0
BRDA:211,19,1,0
BRDA:217,20,0,0
BRDA:222,21,0,0
BRDA:234,22,0,0
BRDA:234,22,1,0
BRF:43
BRH:0
end_of_record
TN:
SF:app/dashboard/profile/page.tsx
FN:25,ProfilePage
FN:31,(anonymous_2)
FN:32,(anonymous_3)
FNF:3
FNH:0
FNDA:0,ProfilePage
FNDA:0,(anonymous_2)
FNDA:0,(anonymous_3)
DA:3,0
DA:4,0
DA:5,0
DA:6,0
DA:7,0
DA:14,0
DA:25,0
DA:26,0
DA:27,0
DA:28,0
DA:29,0
DA:31,0
DA:32,0
DA:33,0
DA:35,0
DA:36,0
DA:37,0
DA:38,0
DA:39,0
DA:42,0
DA:49,0
DA:50,0
DA:53,0
DA:54,0
DA:56,0
DA:58,0
DA:62,0
DA:65,0
DA:75,0
DA:85,0
LF:30
LH:0
BRDA:33,0,0,0
BRDA:33,0,1,0
BRDA:38,1,0,0
BRDA:38,1,1,0
BRDA:49,2,0,0
BRDA:49,2,1,0
BRDA:56,3,0,0
BRDA:56,3,1,0
BRDA:65,4,0,0
BRDA:65,4,1,0
BRDA:65,5,0,0
BRDA:65,5,1,0
BRDA:75,6,0,0
BRDA:75,6,1,0
BRDA:85,7,0,0
BRDA:85,7,1,0
BRDA:109,8,0,0
BRDA:109,8,1,0
BRDA:113,9,0,0
BRDA:146,10,0,0
BRDA:146,10,1,0
BRDA:161,11,0,0
BRDA:161,11,1,0
BRDA:170,12,0,0
BRDA:170,12,1,0
BRF:25
BRH:0
end_of_record
TN:
SF:app/dashboard/settings/page.tsx
FN:9,SettingsPage
FN:13,(anonymous_3)
FN:16,(anonymous_4)
FN:80,(anonymous_5)
FNF:4
FNH:0
FNDA:0,SettingsPage
FNDA:0,(anonymous_3)
FNDA:0,(anonymous_4)
FNDA:0,(anonymous_5)
DA:3,0
DA:4,0
DA:5,0
DA:6,0
DA:7,0
DA:9,0
DA:10,0
DA:11,0
DA:13,0
DA:14,0
DA:16,0
DA:17,0
DA:18,0
DA:81,0
DA:82,0
LF:15
LH:0
BRDA:60,0,0,0
BRDA:60,0,1,0
BRF:2
BRH:0
end_of_record
TN:
SF:app/payment/[id]/refund/page.tsx
FN:22,RequestRefundPage
FN:36,(anonymous_3)
FN:64,(anonymous_4)
FN:70,(anonymous_5)
FN:74,(anonymous_6)
FN:88,(anonymous_7)
FN:90,(anonymous_8)
FN:92,(anonymous_9)
FN:100,(anonymous_10)
FN:106,(anonymous_11)
FN:107,(anonymous_12)
FN:109,(anonymous_13)
FN:110,(anonymous_14)
FN:114,(anonymous_15)
FN:213,(anonymous_16)
FN:214,(anonymous_17)
FN:235,(anonymous_18)
FN:236,(anonymous_19)
FN:275,(anonymous_20)
FN:286,(anonymous_21)
FN:300,(anonymous_22)
FNF:21
FNH:0
FNDA:0,RequestRefundPage
FNDA:0,(anonymous_3)
FNDA:0,(anonymous_4)
FNDA:0,(anonymous_5)
FNDA:0,(anonymous_6)
FNDA:0,(anonymous_7)
FNDA:0,(anonymous_8)
FNDA:0,(anonymous_9)
FNDA:0,(anonymous_10)
FNDA:0,(anonymous_11)
FNDA:0,(anonymous_12)
FNDA:0,(anonymous_13)
FNDA:0,(anonymous_14)
FNDA:0,(anonymous_15)
FNDA:0,(anonymous_16)
FNDA:0,(anonymous_17)
FNDA:0,(anonymous_18)
FNDA:0,(anonymous_19)
FNDA:0,(anonymous_20)
FNDA:0,(anonymous_21)
FNDA:0,(anonymous_22)
DA:3,0
DA:4,0
DA:5,0
DA:6,0
DA:7,0
DA:8,0
DA:10,0
DA:11,0
DA:22,0
DA:23,0
DA:24,0
DA:25,0
DA:26,0
DA:27,0
DA:28,0
DA:29,0
DA:36,0
DA:37,0
DA:38,0
DA:40,0
DA:41,0
DA:42,0
DA:43,0
DA:48,0
DA:56,0
DA:57,0
DA:58,0
DA:60,0
DA:64,0
DA:65,0
DA:66,0
DA:70,0
DA:71,0
DA:74,0
DA:75,0
DA:76,0
DA:77,0
DA:79,0
DA:80,0
DA:81,0
DA:83,0
DA:88,0
DA:89,0
DA:90,0
DA:91,0
DA:92,0
DA:97,0
DA:100,0
DA:106,0
DA:107,0
DA:109,0
DA:110,0
DA:114,0
DA:115,0
DA:117,0
DA:118,0
DA:119,0
DA:122,0
DA:123,0
DA:124,0
DA:127,0
DA:129,0
DA:130,0
DA:137,0
DA:138,0
DA:139,0
DA:141,0
DA:142,0
DA:144,0
DA:148,0
DA:158,0
DA:214,0
DA:236,0
DA:276,0
DA:286,0
DA:300,0
LF:76
LH:0
BRDA:41,0,0,0
BRDA:41,0,1,0
BRDA:65,1,0,0
BRDA:65,1,1,0
BRDA:71,2,0,0
BRDA:71,2,1,0
BRDA:75,3,0,0
BRDA:75,3,1,0
BRDA:79,4,0,0
BRDA:79,4,1,0
BRDA:117,5,0,0
BRDA:117,5,1,0
BRDA:117,6,0,0
BRDA:117,6,1,0
BRDA:122,7,0,0
BRDA:122,7,1,0
BRDA:142,8,0,0
BRDA:142,8,1,0
BRDA:148,9,0,0
BRDA:148,9,1,0
BRDA:158,10,0,0
BRDA:158,10,1,0
BRDA:273,11,0,0
BRDA:307,12,0,0
BRDA:307,12,1,0
BRDA:307,12,2,0
BRDA:310,13,0,0
BRDA:310,13,1,0
BRF:28
BRH:0
end_of_record
TN:
SF:app/payment/cancel/page.tsx
FN:10,PaymentCancelPage
FN:26,(anonymous_2)
FNF:2
FNH:0
FNDA:0,PaymentCancelPage
FNDA:0,(anonymous_2)
DA:3,0
DA:7,0
DA:8,0
DA:10,0
DA:11,0
DA:26,0
LF:6
LH:0
BRF:0
BRH:0
end_of_record
TN:
SF:app/payment/success/page.tsx
FN:13,PaymentSuccessPage
FN:20,(anonymous_3)
FN:27,(anonymous_4)
FN:47,(anonymous_5)
FN:52,(anonymous_6)
FN:119,(anonymous_7)
FN:139,(anonymous_8)
FN:145,(anonymous_9)
FNF:8
FNH:0
FNDA:0,PaymentSuccessPage
FNDA:0,(anonymous_3)
FNDA:0,(anonymous_4)
FNDA:0,(anonymous_5)
FNDA:0,(anonymous_6)
FNDA:0,(anonymous_7)
FNDA:0,(anonymous_8)
FNDA:0,(anonymous_9)
DA:3,0
DA:4,0
DA:5,0
DA:6,0
DA:7,0
DA:11,0
DA:13,0
DA:14,0
DA:15,0
DA:16,0
DA:17,0
DA:18,0
DA:20,0
DA:21,0
DA:22,0
DA:23,0
DA:24,0
DA:27,0
DA:28,0
DA:29,0
DA:30,0
DA:31,0
DA:32,0
DA:33,0
DA:36,0
DA:40,0
DA:41,0
DA:42,0
DA:43,0
DA:46,0
DA:47,0
DA:48,0
DA:52,0
DA:53,0
DA:57,0
DA:58,0
DA:61,0
DA:62,0
DA:63,0
DA:67,0
DA:119,0
DA:139,0
DA:145,0
LF:43
LH:0
BRDA:21,0,0,0
BRDA:21,0,1,0
BRDA:30,1,0,0
BRDA:30,1,1,0
BRDA:40,2,0,0
BRDA:40,2,1,0
BRDA:40,3,0,0
BRDA:40,3,1,0
BRDA:46,4,0,0
BRDA:46,4,1,0
BRDA:73,5,0,0
BRDA:85,6,0,0
BRDA:95,7,0,0
BRDA:104,8,0,0
BRDA:127,9,0,0
BRF:15
BRH:0
end_of_record
TN:
SF:app/snake/page.tsx
FN:8,SnakePage
FNF:1
FNH:0
FNDA:0,SnakePage
DA:1,0
DA:3,0
DA:8,0
DA:9,0
LF:4
LH:0
BRF:0
BRH:0
end_of_record
TN:
SF:components/GenerationProgress.tsx
FN:21,GenerationProgress
FN:30,(anonymous_2)
FN:62,(anonymous_3)
FN:63,(anonymous_4)
FN:73,(anonymous_5)
FN:86,(anonymous_6)
FN:99,(anonymous_7)
FNF:7
FNH:0
FNDA:0,GenerationProgress
FNDA:0,(anonymous_2)
FNDA:0,(anonymous_3)
FNDA:0,(anonymous_4)
FNDA:0,(anonymous_5)
FNDA:0,(anonymous_6)
FNDA:0,(anonymous_7)
DA:3,0
DA:4,0
DA:5,0
DA:21,0
DA:22,0
DA:27,0
DA:32,0
DA:33,0
DA:39,0
DA:40,0
DA:44,0
DA:45,0
DA:46,0
DA:47,0
DA:52,0
DA:53,0
DA:54,0
DA:63,0
DA:73,0
DA:74,0
DA:76,0
DA:78,0
DA:80,0
DA:82,0
DA:86,0
DA:87,0
DA:99,0
DA:100,0
DA:102,0
DA:104,0
DA:106,0
DA:108,0
DA:110,0
LF:33
LH:0
BRDA:32,0,0,0
BRDA:32,0,1,0
BRDA:35,1,0,0
BRDA:35,1,1,0
BRDA:39,2,0,0
BRDA:39,2,1,0
BRDA:45,3,0,0
BRDA:45,3,1,0
BRDA:46,4,0,0
BRDA:46,4,1,0
BRDA:49,5,0,0
BRDA:49,5,1,0
BRDA:53,6,0,0
BRDA:53,6,1,0
BRDA:56,7,0,0
BRDA:56,7,1,0
BRDA:56,7,2,0
BRDA:74,8,0,0
BRDA:74,8,1,0
BRDA:74,8,2,0
BRDA:74,8,3,0
BRDA:100,9,0,0
BRDA:100,9,1,0
BRDA:100,9,2,0
BRDA:100,9,3,0
BRDA:100,9,4,0
BRDA:126,10,0,0
BRDA:129,11,0,0
BRDA:129,11,1,0
BRDA:129,11,2,0
BRDA:132,12,0,0
BRDA:147,13,0,0
BRDA:156,14,0,0
BRDA:165,15,0,0
BRDA:178,16,0,0
BRF:35
BRH:0
end_of_record
TN:
SF:components/admin/dashboard/RecentActivity.tsx
FN:11,RecentActivity
FN:21,(anonymous_2)
FN:34,(anonymous_3)
FN:51,(anonymous_4)
FNF:4
FNH:0
FNDA:0,RecentActivity
FNDA:0,(anonymous_2)
FNDA:0,(anonymous_3)
FNDA:0,(anonymous_4)
DA:3,0
DA:5,0
DA:11,0
DA:12,0
DA:21,0
DA:22,0
DA:30,0
DA:34,0
DA:35,0
DA:37,0
DA:39,0
DA:41,0
DA:43,0
DA:52,0
LF:14
LH:0
BRDA:12,0,0,0
BRDA:12,0,1,0
BRDA:12,1,0,0
BRDA:12,1,1,0
BRDA:22,2,0,0
BRDA:35,3,0,0
BRDA:35,3,1,0
BRDA:35,3,2,0
BRDA:35,3,3,0
BRDA:59,4,0,0
BRDA:59,4,1,0
BRF:11
BRH:0
end_of_record
TN:
SF:components/admin/dashboard/SimpleChart.tsx
FN:17,SimpleChart
FN:29,(anonymous_2)
FN:30,(anonymous_3)
FN:46,(anonymous_4)
FNF:4
FNH:0
FNDA:0,SimpleChart
FNDA:0,(anonymous_2)
FNDA:0,(anonymous_3)
FNDA:0,(anonymous_4)
DA:3,0
DA:17,0
DA:18,0
DA:29,0
DA:30,0
DA:31,0
DA:33,0
DA:40,0
DA:47,0
DA:48,0
LF:10
LH:0
BRDA:17,0,0,0
BRDA:17,1,0,0
BRDA:18,2,0,0
BRDA:18,2,1,0
BRDA:18,3,0,0
BRDA:18,3,1,0
BRDA:31,4,0,0
BRDA:31,4,1,0
BRDA:40,5,0,0
BRDA:40,5,1,0
BRDA:58,6,0,0
BRDA:58,6,1,0
BRDA:70,7,0,0
BRDA:70,7,1,0
BRDA:71,8,0,0
BRDA:71,8,1,0
BRF:16
BRH:0
end_of_record
TN:
SF:components/admin/dashboard/StatsGrid.tsx
FN:9,StatsGrid
FNF:1
FNH:1
FNDA:6,StatsGrid
DA:9,6
LF:1
LH:1
BRF:0
BRH:0
end_of_record
TN:
SF:components/admin/documents/DocumentFilters.tsx
FN:21,DocumentFilters
FN:27,(anonymous_2)
FN:28,(anonymous_3)
FN:36,(anonymous_4)
FN:39,(anonymous_5)
FN:59,(anonymous_6)
FN:65,(anonymous_7)
FN:78,(anonymous_8)
FN:93,(anonymous_9)
FN:109,(anonymous_10)
FNF:10
FNH:0
FNDA:0,DocumentFilters
FNDA:0,(anonymous_2)
FNDA:0,(anonymous_3)
FNDA:0,(anonymous_4)
FNDA:0,(anonymous_5)
FNDA:0,(anonymous_6)
FNDA:0,(anonymous_7)
FNDA:0,(anonymous_8)
FNDA:0,(anonymous_9)
FNDA:0,(anonymous_10)
DA:3,0
DA:4,0
DA:21,0
DA:22,0
DA:23,0
DA:24,0
DA:25,0
DA:27,0
DA:28,0
DA:29,0
DA:36,0
DA:39,0
DA:40,0
DA:41,0
DA:42,0
DA:43,0
DA:44,0
DA:59,0
DA:65,0
DA:78,0
DA:93,0
DA:109,0
LF:22
LH:0
BRDA:22,0,0,0
BRDA:22,0,1,0
BRDA:23,1,0,0
BRDA:23,1,1,0
BRDA:24,2,0,0
BRDA:24,2,1,0
BRDA:25,3,0,0
BRDA:25,3,1,0
BRDA:30,4,0,0
BRDA:30,4,1,0
BRDA:31,5,0,0
BRDA:31,5,1,0
BRDA:32,6,0,0
BRDA:32,6,1,0
BRDA:33,7,0,0
BRDA:33,7,1,0
BRDA:63,8,0,0
BRF:17
BRH:0
end_of_record
TN:
SF:components/admin/documents/DocumentsTable.tsx
FN:38,DocumentsTable
FN:45,(anonymous_2)
FN:93,(anonymous_6)
FN:159,(anonymous_14)
FN:176,(anonymous_16)
FN:193,(anonymous_18)
FNF:6
FNH:0
FNDA:0,DocumentsTable
FNDA:0,(anonymous_2)
FNDA:0,(anonymous_6)
FNDA:0,(anonymous_14)
FNDA:0,(anonymous_16)
FNDA:0,(anonymous_18)
DA:3,0
DA:4,0
DA:11,0
DA:12,0
DA:38,0
DA:45,0
DA:46,0
DA:53,0
DA:61,0
DA:93,0
DA:160,0
DA:161,0
DA:177,0
DA:178,0
DA:194,0
DA:195,0
LF:16
LH:0
BRDA:43,0,0,0
BRDA:53,1,0,0
BRDA:53,1,1,0
BRDA:116,2,0,0
BRDA:116,2,1,0
BRDA:161,3,0,0
BRDA:161,3,1,0
BRDA:164,4,0,0
BRDA:164,4,1,0
BRDA:172,5,0,0
BRDA:178,6,0,0
BRDA:178,6,1,0
BRDA:181,7,0,0
BRDA:181,7,1,0
BRDA:195,8,0,0
BRDA:195,8,1,0
BRDA:198,9,0,0
BRDA:198,9,1,0
BRF:18
BRH:0
end_of_record
TN:
SF:components/admin/layout/AdminBreadcrumbs.tsx
FN:7,AdminBreadcrumbs
FN:15,(anonymous_3)
FN:37,(anonymous_4)
FNF:3
FNH:0
FNDA:0,AdminBreadcrumbs
FNDA:0,(anonymous_3)
FNDA:0,(anonymous_4)
DA:3,0
DA:4,0
DA:5,0
DA:7,0
DA:8,0
DA:10,0
DA:11,0
DA:14,0
DA:15,0
DA:16,0
DA:17,0
DA:19,0
DA:38,0
LF:13
LH:0
BRDA:10,0,0,0
BRDA:10,0,1,0
BRDA:41,1,0,0
BRF:3
BRH:0
end_of_record
TN:
SF:components/admin/layout/AdminHeader.tsx
FN:14,AdminHeader
FN:19,(anonymous_3)
FN:31,(anonymous_4)
FN:57,(anonymous_5)
FN:80,(anonymous_6)
FN:139,(anonymous_7)
FNF:6
FNH:0
FNDA:0,AdminHeader
FNDA:0,(anonymous_3)
FNDA:0,(anonymous_4)
FNDA:0,(anonymous_5)
FNDA:0,(anonymous_6)
FNDA:0,(anonymous_7)
DA:3,0
DA:4,0
DA:5,0
DA:6,0
DA:7,0
DA:8,0
DA:14,0
DA:15,0
DA:16,0
DA:17,0
DA:19,0
DA:21,0
DA:22,0
DA:23,0
DA:24,0
DA:26,0
DA:31,0
DA:32,0
DA:33,0
DA:34,0
DA:35,0
DA:36,0
DA:37,0
DA:38,0
DA:40,0
DA:42,0
DA:43,0
DA:44,0
DA:45,0
DA:57,0
DA:80,0
DA:139,0
LF:32
LH:0
BRDA:22,0,0,0
BRDA:22,0,1,0
BRDA:84,1,0,0
BRDA:84,1,1,0
BRDA:88,2,0,0
BRDA:88,2,1,0
BRDA:92,3,0,0
BRDA:98,4,0,0
BRDA:98,4,1,0
BRDA:143,5,0,0
BRDA:143,5,1,0
BRDA:147,6,0,0
BRDA:147,6,1,0
BRDA:151,7,0,0
BRDA:157,8,0,0
BRDA:157,8,1,0
BRF:16
BRH:0
end_of_record
TN:
SF:components/admin/layout/AdminLayout.tsx
FN:13,AdminLayout
FN:18,(anonymous_2)
FNF:2
FNH:0
FNDA:0,AdminLayout
FNDA:0,(anonymous_2)
DA:3,0
DA:4,0
DA:5,0
DA:6,0
DA:7,0
DA:13,0
DA:14,0
DA:15,0
DA:16,0
DA:18,0
DA:20,0
DA:21,0
DA:24,0
DA:25,0
DA:29,0
DA:30,0
DA:35,0
LF:17
LH:0
BRDA:24,0,0,0
BRDA:24,0,1,0
BRDA:29,1,0,0
BRDA:29,1,1,0
BRDA:29,2,0,0
BRDA:29,2,1,0
BRDA:35,3,0,0
BRDA:35,3,1,0
BRF:8
BRH:0
end_of_record
TN:
SF:components/admin/layout/AdminSidebar.tsx
FN:30,AdminSidebar
FN:34,(anonymous_3)
FN:36,(anonymous_4)
FN:49,(anonymous_5)
FN:74,(anonymous_6)
FN:81,(anonymous_7)
FN:95,(anonymous_8)
FN:139,(anonymous_9)
FNF:8
FNH:0
FNDA:0,AdminSidebar
FNDA:0,(anonymous_3)
FNDA:0,(anonymous_4)
FNDA:0,(anonymous_5)
FNDA:0,(anonymous_6)
FNDA:0,(anonymous_7)
FNDA:0,(anonymous_8)
FNDA:0,(anonymous_9)
DA:3,0
DA:4,0
DA:14,0
DA:15,0
DA:16,0
DA:30,0
DA:31,0
DA:32,0
DA:34,0
DA:36,0
DA:37,0
DA:38,0
DA:39,0
DA:41,0
DA:45,0
DA:48,0
DA:49,0
DA:52,0
DA:74,0
DA:81,0
DA:96,0
DA:97,0
DA:140,0
DA:141,0
LF:24
LH:0
BRDA:70,0,0,0
BRDA:102,1,0,0
BRDA:102,1,1,0
BRDA:109,2,0,0
BRDA:109,2,1,0
BRDA:113,3,0,0
BRDA:113,3,1,0
BRDA:113,3,2,0
BRDA:146,4,0,0
BRDA:146,4,1,0
BRDA:153,5,0,0
BRDA:153,5,1,0
BRDA:157,6,0,0
BRDA:157,6,1,0
BRDA:157,6,2,0
BRF:15
BRH:0
end_of_record
TN:
SF:components/admin/payments/PaymentFilters.tsx
FN:21,PaymentFilters
FN:27,(anonymous_2)
FN:28,(anonymous_3)
FN:36,(anonymous_4)
FN:39,(anonymous_5)
FN:54,(anonymous_6)
FN:70,(anonymous_7)
FN:82,(anonymous_8)
FN:94,(anonymous_9)
FNF:9
FNH:0
FNDA:0,PaymentFilters
FNDA:0,(anonymous_2)
FNDA:0,(anonymous_3)
FNDA:0,(anonymous_4)
FNDA:0,(anonymous_5)
FNDA:0,(anonymous_6)
FNDA:0,(anonymous_7)
FNDA:0,(anonymous_8)
FNDA:0,(anonymous_9)
DA:3,0
DA:21,0
DA:22,0
DA:23,0
DA:24,0
DA:25,0
DA:27,0
DA:28,0
DA:29,0
DA:36,0
DA:39,0
DA:40,0
DA:41,0
DA:42,0
DA:43,0
DA:44,0
DA:54,0
DA:70,0
DA:82,0
DA:94,0
LF:20
LH:0
BRDA:22,0,0,0
BRDA:22,0,1,0
BRDA:23,1,0,0
BRDA:23,1,1,0
BRDA:24,2,0,0
BRDA:24,2,1,0
BRDA:25,3,0,0
BRDA:25,3,1,0
BRDA:30,4,0,0
BRDA:30,4,1,0
BRDA:31,5,0,0
BRDA:31,5,1,0
BRDA:32,6,0,0
BRDA:32,6,1,0
BRDA:33,7,0,0
BRDA:33,7,1,0
BRF:16
BRH:0
end_of_record
TN:
SF:components/admin/payments/PaymentsTable.tsx
FN:38,PaymentsTable
FN:44,(anonymous_2)
FN:121,(anonymous_7)
FN:175,(anonymous_13)
FN:192,(anonymous_15)
FNF:5
FNH:0
FNDA:0,PaymentsTable
FNDA:0,(anonymous_2)
FNDA:0,(anonymous_7)
FNDA:0,(anonymous_13)
FNDA:0,(anonymous_15)
DA:3,0
DA:4,0
DA:14,0
DA:15,0
DA:38,0
DA:44,0
DA:45,0
DA:68,0
DA:77,0
DA:121,0
DA:176,0
DA:177,0
DA:193,0
DA:194,0
LF:14
LH:0
BRDA:42,0,0,0
BRDA:68,1,0,0
BRDA:68,1,1,0
BRDA:100,2,0,0
BRDA:100,2,1,0
BRDA:129,3,0,0
BRDA:129,3,1,0
BRDA:149,4,0,0
BRDA:149,4,1,0
BRDA:177,5,0,0
BRDA:177,5,1,0
BRDA:180,6,0,0
BRDA:180,6,1,0
BRDA:188,7,0,0
BRDA:194,8,0,0
BRDA:194,8,1,0
BRDA:197,9,0,0
BRDA:197,9,1,0
BRF:18
BRH:0
end_of_record
TN:
SF:components/admin/refunds/RefundReviewForm.tsx
FN:22,RefundReviewForm
FN:36,(anonymous_3)
FN:74,(anonymous_4)
FN:88,(anonymous_5)
FN:95,(anonymous_6)
FN:167,(anonymous_7)
FN:253,(anonymous_8)
FN:264,(anonymous_9)
FN:282,(anonymous_10)
FN:298,(anonymous_11)
FNF:10
FNH:0
FNDA:0,RefundReviewForm
FNDA:0,(anonymous_3)
FNDA:0,(anonymous_4)
FNDA:0,(anonymous_5)
FNDA:0,(anonymous_6)
FNDA:0,(anonymous_7)
FNDA:0,(anonymous_8)
FNDA:0,(anonymous_9)
FNDA:0,(anonymous_10)
FNDA:0,(anonymous_11)
DA:3,0
DA:4,0
DA:6,0
DA:12,0
DA:13,0
DA:22,0
DA:28,0
DA:29,0
DA:30,0
DA:33,0
DA:34,0
DA:36,0
DA:37,0
DA:39,0
DA:40,0
DA:41,0
DA:44,0
DA:45,0
DA:46,0
DA:49,0
DA:51,0
DA:53,0
DA:57,0
DA:58,0
DA:60,0
DA:64,0
DA:65,0
DA:66,0
DA:68,0
DA:70,0
DA:74,0
DA:75,0
DA:77,0
DA:78,0
DA:79,0
DA:80,0
DA:82,0
DA:84,0
DA:88,0
DA:89,0
DA:90,0
DA:91,0
DA:92,0
DA:95,0
DA:96,0
DA:104,0
DA:168,0
DA:253,0
DA:264,0
DA:282,0
DA:298,0
LF:51
LH:0
BRDA:31,0,0,0
BRDA:31,0,1,0
BRDA:39,1,0,0
BRDA:39,1,1,0
BRDA:39,2,0,0
BRDA:39,2,1,0
BRDA:44,3,0,0
BRDA:44,3,1,0
BRDA:44,4,0,0
BRDA:44,4,1,0
BRDA:53,5,0,0
BRDA:53,5,1,0
BRDA:53,6,0,0
BRDA:53,6,1,0
BRDA:57,7,0,0
BRDA:57,7,1,0
BRDA:66,8,0,0
BRDA:66,8,1,0
BRDA:75,9,0,0
BRDA:75,9,1,0
BRDA:89,10,0,0
BRDA:89,10,1,0
BRDA:90,11,0,0
BRDA:90,11,1,0
BRDA:91,12,0,0
BRDA:91,12,1,0
BRDA:96,13,0,0
BRDA:114,14,0,0
BRDA:114,14,1,0
BRDA:116,15,0,0
BRDA:116,15,1,0
BRDA:118,16,0,0
BRDA:118,16,1,0
BRDA:124,17,0,0
BRDA:124,17,1,0
BRDA:124,18,0,0
BRDA:124,18,1,0
BRDA:127,19,0,0
BRDA:127,19,1,0
BRDA:130,20,0,0
BRDA:130,20,1,0
BRDA:132,21,0,0
BRDA:132,21,1,0
BRDA:143,22,0,0
BRDA:143,22,1,0
BRDA:153,23,0,0
BRDA:153,23,1,0
BRDA:160,24,0,0
BRDA:160,24,1,0
BRDA:189,25,0,0
BRDA:189,25,1,0
BRDA:194,26,0,0
BRDA:198,27,0,0
BRDA:204,28,0,0
BRDA:204,28,1,0
BRDA:209,29,0,0
BRDA:217,30,0,0
BRDA:221,31,0,0
BRDA:221,31,1,0
BRDA:226,32,0,0
BRDA:226,32,1,0
BRDA:226,33,0,0
BRDA:226,33,1,0
BRDA:228,34,0,0
BRDA:228,34,1,0
BRDA:228,35,0,0
BRDA:228,35,1,0
BRDA:232,36,0,0
BRDA:232,36,1,0
BRDA:242,37,0,0
BRDA:271,38,0,0
BRDA:280,39,0,0
BRDA:280,39,1,0
BRDA:287,40,0,0
BRDA:287,40,1,0
BRDA:309,41,0,0
BRDA:309,41,1,0
BRDA:309,41,2,0
BRDA:311,42,0,0
BRDA:311,42,1,0
BRDA:316,43,0,0
BRDA:316,43,1,0
BRDA:318,44,0,0
BRDA:318,44,1,0
BRDA:327,45,0,0
BRDA:330,46,0,0
BRDA:330,46,1,0
BRDA:332,47,0,0
BRDA:337,48,0,0
BRDA:343,49,0,0
BRF:90
BRH:0
end_of_record
TN:
SF:components/admin/refunds/RefundStats.tsx
FN:10,RefundStats
FNF:1
FNH:0
FNDA:0,RefundStats
DA:4,0
DA:10,0
LF:2
LH:0
BRDA:94,0,0,0
BRDA:103,1,0,0
BRF:2
BRH:0
end_of_record
TN:
SF:components/admin/refunds/RefundsTable.tsx
FN:20,RefundsTable
FN:25,(anonymous_2)
FN:52,(anonymous_3)
FN:124,(anonymous_9)
FN:166,(anonymous_15)
FNF:5
FNH:0
FNDA:0,RefundsTable
FNDA:0,(anonymous_2)
FNDA:0,(anonymous_3)
FNDA:0,(anonymous_9)
FNDA:0,(anonymous_15)
DA:3,0
DA:5,0
DA:12,0
DA:20,0
DA:25,0
DA:26,0
DA:52,0
DA:53,0
DA:54,0
DA:58,0
DA:76,0
DA:124,0
DA:167,0
DA:168,0
LF:14
LH:0
BRDA:23,0,0,0
BRDA:26,1,0,0
BRDA:53,2,0,0
BRDA:53,2,1,0
BRDA:53,3,0,0
BRDA:53,3,1,0
BRDA:58,4,0,0
BRDA:58,4,1,0
BRDA:60,5,0,0
BRDA:60,5,1,0
BRDA:107,6,0,0
BRDA:107,6,1,0
BRDA:116,7,0,0
BRDA:116,7,1,0
BRDA:129,8,0,0
BRDA:137,9,0,0
BRDA:137,9,1,0
BRDA:157,10,0,0
BRDA:157,10,1,0
BRDA:168,11,0,0
BRDA:168,11,1,0
BRF:21
BRH:0
end_of_record
TN:
SF:components/admin/settings/AISettingsForm.tsx
FN:13,AISettingsForm
FN:32,(anonymous_2)
FN:43,(anonymous_3)
FN:50,(anonymous_4)
FN:51,(anonymous_5)
FN:54,(anonymous_6)
FN:86,(anonymous_7)
FN:105,(anonymous_8)
FN:119,(anonymous_9)
FN:127,(anonymous_10)
FN:140,(anonymous_11)
FN:168,(anonymous_12)
FN:188,(anonymous_13)
FN:211,(anonymous_14)
FNF:14
FNH:0
FNDA:0,AISettingsForm
FNDA:0,(anonymous_2)
FNDA:0,(anonymous_3)
FNDA:0,(anonymous_4)
FNDA:0,(anonymous_5)
FNDA:0,(anonymous_6)
FNDA:0,(anonymous_7)
FNDA:0,(anonymous_8)
FNDA:0,(anonymous_9)
FNDA:0,(anonymous_10)
FNDA:0,(anonymous_11)
FNDA:0,(anonymous_12)
FNDA:0,(anonymous_13)
FNDA:0,(anonymous_14)
DA:3,0
DA:4,0
DA:13,0
DA:18,0
DA:21,0
DA:22,0
DA:25,0
DA:26,0
DA:27,0
DA:30,0
DA:32,0
DA:33,0
DA:34,0
DA:35,0
DA:36,0
DA:37,0
DA:38,0
DA:39,0
DA:43,0
DA:44,0
DA:45,0
DA:46,0
DA:50,0
DA:51,0
DA:54,0
DA:55,0
DA:56,0
DA:86,0
DA:105,0
DA:120,0
DA:127,0
DA:140,0
DA:168,0
DA:188,0
DA:211,0
LF:35
LH:0
BRDA:16,0,0,0
BRDA:19,1,0,0
BRDA:19,1,1,0
BRDA:21,2,0,0
BRDA:21,2,1,0
BRDA:23,3,0,0
BRDA:23,3,1,0
BRDA:25,4,0,0
BRDA:25,4,1,0
BRDA:26,5,0,0
BRDA:26,5,1,0
BRDA:28,6,0,0
BRDA:28,6,1,0
BRDA:33,7,0,0
BRDA:33,7,1,0
BRDA:34,8,0,0
BRDA:34,8,1,0
BRDA:35,9,0,0
BRDA:35,9,1,0
BRDA:36,10,0,0
BRDA:36,10,1,0
BRDA:37,11,0,0
BRDA:37,11,1,0
BRDA:38,12,0,0
BRDA:38,12,1,0
BRDA:39,13,0,0
BRDA:39,13,1,0
BRDA:44,14,0,0
BRDA:44,14,1,0
BRDA:44,15,0,0
BRDA:44,15,1,0
BRDA:149,16,0,0
BRDA:149,16,1,0
BRDA:228,17,0,0
BRDA:228,17,1,0
BRF:35
BRH:0
end_of_record
TN:
SF:components/admin/settings/LimitSettingsForm.tsx
FN:13,LimitSettingsForm
FN:32,(anonymous_2)
FN:42,(anonymous_3)
FN:75,(anonymous_4)
FN:98,(anonymous_5)
FN:122,(anonymous_6)
FN:142,(anonymous_7)
FN:161,(anonymous_8)
FNF:8
FNH:0
FNDA:0,LimitSettingsForm
FNDA:0,(anonymous_2)
FNDA:0,(anonymous_3)
FNDA:0,(anonymous_4)
FNDA:0,(anonymous_5)
FNDA:0,(anonymous_6)
FNDA:0,(anonymous_7)
FNDA:0,(anonymous_8)
DA:3,0
DA:4,0
DA:13,0
DA:18,0
DA:21,0
DA:24,0
DA:27,0
DA:30,0
DA:32,0
DA:33,0
DA:34,0
DA:35,0
DA:36,0
DA:37,0
DA:38,0
DA:42,0
DA:43,0
DA:44,0
DA:75,0
DA:98,0
DA:122,0
DA:143,0
DA:144,0
DA:145,0
DA:161,0
LF:25
LH:0
BRDA:16,0,0,0
BRDA:19,1,0,0
BRDA:19,1,1,0
BRDA:22,2,0,0
BRDA:22,2,1,0
BRDA:25,3,0,0
BRDA:25,3,1,0
BRDA:28,4,0,0
BRDA:28,4,1,0
BRDA:33,5,0,0
BRDA:33,5,1,0
BRDA:34,6,0,0
BRDA:34,6,1,0
BRDA:37,7,0,0
BRDA:37,7,1,0
BRDA:48,8,0,0
BRDA:48,8,1,0
BRDA:144,9,0,0
BRDA:144,9,1,0
BRDA:155,10,0,0
BRDA:160,11,0,0
BRDA:160,11,1,0
BRDA:161,12,0,0
BRDA:161,12,1,0
BRDA:179,13,0,0
BRDA:179,13,1,0
BRF:26
BRH:0
end_of_record
TN:
SF:components/admin/settings/MaintenanceSettingsForm.tsx
FN:13,MaintenanceSettingsForm
FN:30,(anonymous_2)
FN:39,(anonymous_3)
FN:46,(anonymous_4)
FN:47,(anonymous_5)
FN:50,(anonymous_6)
FN:83,(anonymous_7)
FN:103,(anonymous_8)
FN:120,(anonymous_9)
FN:128,(anonymous_10)
FN:141,(anonymous_11)
FN:172,(anonymous_12)
FNF:12
FNH:0
FNDA:0,MaintenanceSettingsForm
FNDA:0,(anonymous_2)
FNDA:0,(anonymous_3)
FNDA:0,(anonymous_4)
FNDA:0,(anonymous_5)
FNDA:0,(anonymous_6)
FNDA:0,(anonymous_7)
FNDA:0,(anonymous_8)
FNDA:0,(anonymous_9)
FNDA:0,(anonymous_10)
FNDA:0,(anonymous_11)
FNDA:0,(anonymous_12)
DA:3,0
DA:4,0
DA:13,0
DA:18,0
DA:19,0
DA:22,0
DA:25,0
DA:28,0
DA:30,0
DA:31,0
DA:32,0
DA:33,0
DA:34,0
DA:35,0
DA:39,0
DA:40,0
DA:41,0
DA:42,0
DA:46,0
DA:47,0
DA:50,0
DA:51,0
DA:53,0
DA:54,0
DA:55,0
DA:58,0
DA:83,0
DA:103,0
DA:121,0
DA:128,0
DA:141,0
DA:172,0
LF:32
LH:0
BRDA:16,0,0,0
BRDA:18,1,0,0
BRDA:18,1,1,0
BRDA:20,2,0,0
BRDA:20,2,1,0
BRDA:23,3,0,0
BRDA:23,3,1,0
BRDA:26,4,0,0
BRDA:26,4,1,0
BRDA:31,5,0,0
BRDA:31,5,1,0
BRDA:32,6,0,0
BRDA:32,6,1,0
BRDA:33,7,0,0
BRDA:33,7,1,0
BRDA:34,8,0,0
BRDA:34,8,1,0
BRDA:35,9,0,0
BRDA:35,9,1,0
BRDA:40,10,0,0
BRDA:40,10,1,0
BRDA:40,11,0,0
BRDA:40,11,1,0
BRDA:53,12,0,0
BRDA:53,12,1,0
BRDA:53,13,0,0
BRDA:53,13,1,0
BRDA:64,14,0,0
BRDA:64,14,1,0
BRDA:92,15,0,0
BRDA:150,16,0,0
BRDA:150,16,1,0
BRDA:188,17,0,0
BRDA:188,17,1,0
BRDA:194,18,0,0
BRDA:194,18,1,0
BRDA:194,19,0,0
BRDA:194,19,1,0
BRF:38
BRH:0
end_of_record
TN:
SF:components/admin/settings/PricingSettingsForm.tsx
FN:13,PricingSettingsForm
FN:26,(anonymous_2)
FN:35,(anonymous_3)
FN:42,(anonymous_4)
FN:44,(anonymous_5)
FN:48,(anonymous_6)
FN:90,(anonymous_7)
FN:111,(anonymous_8)
FN:128,(anonymous_9)
FN:142,(anonymous_10)
FN:151,(anonymous_11)
FN:165,(anonymous_12)
FNF:12
FNH:0
FNDA:0,PricingSettingsForm
FNDA:0,(anonymous_2)
FNDA:0,(anonymous_3)
FNDA:0,(anonymous_4)
FNDA:0,(anonymous_5)
FNDA:0,(anonymous_6)
FNDA:0,(anonymous_7)
FNDA:0,(anonymous_8)
FNDA:0,(anonymous_9)
FNDA:0,(anonymous_10)
FNDA:0,(anonymous_11)
FNDA:0,(anonymous_12)
DA:3,0
DA:4,0
DA:13,0
DA:18,0
DA:19,0
DA:20,0
DA:21,0
DA:24,0
DA:26,0
DA:27,0
DA:28,0
DA:29,0
DA:30,0
DA:31,0
DA:35,0
DA:36,0
DA:37,0
DA:38,0
DA:42,0
DA:43,0
DA:44,0
DA:48,0
DA:49,0
DA:51,0
DA:52,0
DA:53,0
DA:56,0
DA:57,0
DA:58,0
DA:61,0
DA:90,0
DA:111,0
DA:128,0
DA:143,0
DA:151,0
DA:165,0
LF:36
LH:0
BRDA:16,0,0,0
BRDA:18,1,0,0
BRDA:18,1,1,0
BRDA:19,2,0,0
BRDA:19,2,1,0
BRDA:20,3,0,0
BRDA:20,3,1,0
BRDA:22,4,0,0
BRDA:22,4,1,0
BRDA:27,5,0,0
BRDA:27,5,1,0
BRDA:31,6,0,0
BRDA:31,6,1,0
BRDA:36,7,0,0
BRDA:36,7,1,0
BRDA:36,8,0,0
BRDA:36,8,1,0
BRDA:43,9,0,0
BRDA:43,9,1,0
BRDA:51,10,0,0
BRDA:51,10,1,0
BRDA:56,11,0,0
BRDA:56,11,1,0
BRDA:148,12,0,0
BRDA:175,13,0,0
BRDA:175,13,1,0
BRDA:189,14,0,0
BRDA:189,14,1,0
BRF:28
BRH:0
end_of_record
TN:
SF:components/admin/ui/ConfirmDialog.tsx
FN:18,ConfirmDialog
FN:35,(anonymous_2)
FN:97,(anonymous_3)
FNF:3
FNH:0
FNDA:0,ConfirmDialog
FNDA:0,(anonymous_2)
FNDA:0,(anonymous_3)
DA:3,0
DA:4,0
DA:5,0
DA:18,0
DA:28,0
DA:35,0
DA:36,0
DA:97,0
LF:8
LH:0
BRDA:24,0,0,0
BRDA:25,1,0,0
BRDA:26,2,0,0
BRDA:92,3,0,0
BRDA:92,3,1,0
BRF:5
BRH:0
end_of_record
TN:
SF:components/admin/ui/DataTable.tsx
FN:37,DataTable
FN:44,(anonymous_2)
FN:55,(anonymous_3)
FN:58,(anonymous_4)
FN:69,(anonymous_5)
FN:74,(anonymous_6)
FN:81,(anonymous_7)
FN:95,(anonymous_8)
FN:96,(anonymous_9)
FN:129,(anonymous_10)
FN:136,(anonymous_11)
FN:140,(anonymous_12)
FN:147,(anonymous_13)
FN:166,(anonymous_14)
FN:176,(anonymous_15)
FN:184,(anonymous_16)
FN:188,(anonymous_17)
FN:192,(anonymous_18)
FN:208,(anonymous_19)
FN:215,(anonymous_20)
FN:241,(anonymous_21)
FN:252,(anonymous_22)
FN:262,(anonymous_23)
FNF:23
FNH:0
FNDA:0,DataTable
FNDA:0,(anonymous_2)
FNDA:0,(anonymous_3)
FNDA:0,(anonymous_4)
FNDA:0,(anonymous_5)
FNDA:0,(anonymous_6)
FNDA:0,(anonymous_7)
FNDA:0,(anonymous_8)
FNDA:0,(anonymous_9)
FNDA:0,(anonymous_10)
FNDA:0,(anonymous_11)
FNDA:0,(anonymous_12)
FNDA:0,(anonymous_13)
FNDA:0,(anonymous_14)
FNDA:0,(anonymous_15)
FNDA:0,(anonymous_16)
FNDA:0,(anonymous_17)
FNDA:0,(anonymous_18)
FNDA:0,(anonymous_19)
FNDA:0,(anonymous_20)
FNDA:0,(anonymous_21)
FNDA:0,(anonymous_22)
FNDA:0,(anonymous_23)
DA:3,0
DA:4,0
DA:37,0
DA:44,0
DA:50,0
DA:51,0
DA:55,0
DA:56,0
DA:58,0
DA:59,0
DA:62,0
DA:64,0
DA:65,0
DA:66,0
DA:69,0
DA:70,0
DA:72,0
DA:73,0
DA:74,0
DA:75,0
DA:78,0
DA:81,0
DA:82,0
DA:84,0
DA:85,0
DA:87,0
DA:88,0
DA:90,0
DA:92,0
DA:95,0
DA:96,0
DA:98,0
DA:109,0
DA:130,0
DA:131,0
DA:132,0
DA:133,0
DA:136,0
DA:141,0
DA:147,0
DA:167,0
DA:168,0
DA:170,0
DA:176,0
DA:185,0
DA:186,0
DA:188,0
DA:193,0
DA:208,0
DA:215,0
DA:241,0
DA:252,0
DA:262,0
LF:53
LH:0
BRDA:41,0,0,0
BRDA:42,1,0,0
BRDA:44,2,0,0
BRDA:47,3,0,0
BRDA:48,4,0,0
BRDA:52,5,0,0
BRDA:52,5,1,0
BRDA:56,6,0,0
BRDA:56,6,1,0
BRDA:59,7,0,0
BRDA:59,7,1,0
BRDA:59,8,0,0
BRDA:59,8,1,0
BRDA:62,9,0,0
BRDA:62,9,1,0
BRDA:62,10,0,0
BRDA:62,10,1,0
BRDA:70,11,0,0
BRDA:70,11,1,0
BRDA:70,12,0,0
BRDA:70,12,1,0
BRDA:73,13,0,0
BRDA:73,13,1,0
BRDA:82,14,0,0
BRDA:82,14,1,0
BRDA:82,15,0,0
BRDA:82,15,1,0
BRDA:87,16,0,0
BRDA:87,16,1,0
BRDA:95,17,0,0
BRDA:95,17,1,0
BRDA:98,18,0,0
BRDA:98,18,1,0
BRDA:109,19,0,0
BRDA:109,19,1,0
BRDA:123,20,0,0
BRDA:130,21,0,0
BRDA:130,21,1,0
BRDA:130,22,0,0
BRDA:130,22,1,0
BRDA:130,22,2,0
BRDA:132,23,0,0
BRDA:132,23,1,0
BRDA:145,24,0,0
BRDA:145,24,1,0
BRDA:147,25,0,0
BRDA:147,25,1,0
BRDA:151,26,0,0
BRDA:151,26,1,0
BRDA:154,27,0,0
BRDA:174,28,0,0
BRDA:174,28,1,0
BRDA:175,29,0,0
BRDA:175,29,1,0
BRDA:176,30,0,0
BRDA:176,30,1,0
BRDA:178,31,0,0
BRDA:194,32,0,0
BRDA:194,32,1,0
BRDA:204,33,0,0
BRF:60
BRH:0
end_of_record
TN:
SF:components/admin/users/BulkActions.tsx
FN:14,BulkActions
FN:26,(anonymous_2)
FN:32,(anonymous_3)
FN:46,(anonymous_4)
FN:56,(anonymous_5)
FN:66,(anonymous_6)
FN:76,(anonymous_7)
FN:86,(anonymous_8)
FN:96,(anonymous_9)
FNF:9
FNH:0
FNDA:0,BulkActions
FNDA:0,(anonymous_2)
FNDA:0,(anonymous_3)
FNDA:0,(anonymous_4)
FNDA:0,(anonymous_5)
FNDA:0,(anonymous_6)
FNDA:0,(anonymous_7)
FNDA:0,(anonymous_8)
FNDA:0,(anonymous_9)
DA:3,0
DA:4,0
DA:14,0
DA:20,0
DA:22,0
DA:23,0
DA:26,0
DA:27,0
DA:28,0
DA:29,0
DA:31,0
DA:32,0
DA:47,0
DA:48,0
DA:56,0
DA:67,0
DA:68,0
DA:76,0
DA:87,0
DA:88,0
DA:96,0
LF:21
LH:0
BRDA:22,0,0,0
BRDA:22,0,1,0
BRDA:27,1,0,0
BRDA:27,1,1,0
BRDA:41,2,0,0
BRDA:41,2,1,0
BRDA:45,3,0,0
BRDA:65,4,0,0
BRDA:85,5,0,0
BRF:9
BRH:0
end_of_record
TN:
SF:components/admin/users/UserDetails.tsx
FN:29,UserDetails
FN:41,(anonymous_2)
FN:135,(anonymous_3)
FN:140,(anonymous_4)
FN:221,(anonymous_5)
FN:256,(anonymous_6)
FNF:6
FNH:0
FNDA:0,UserDetails
FNDA:0,(anonymous_2)
FNDA:0,(anonymous_3)
FNDA:0,(anonymous_4)
FNDA:0,(anonymous_5)
FNDA:0,(anonymous_6)
DA:3,0
DA:5,0
DA:15,0
DA:29,0
DA:39,0
DA:41,0
DA:42,0
DA:49,0
DA:136,0
DA:137,0
DA:140,0
DA:222,0
DA:257,0
LF:13
LH:0
BRDA:42,0,0,0
BRDA:42,0,1,0
BRDA:49,1,0,0
BRDA:49,1,1,0
BRDA:79,2,0,0
BRDA:79,2,1,0
BRDA:88,3,0,0
BRDA:88,3,1,0
BRDA:97,4,0,0
BRDA:97,4,1,0
BRDA:106,5,0,0
BRDA:115,6,0,0
BRDA:142,7,0,0
BRDA:142,7,1,0
BRDA:157,8,0,0
BRDA:165,9,0,0
BRDA:165,9,1,0
BRDA:182,10,0,0
BRDA:182,10,1,0
BRDA:193,11,0,0
BRDA:193,11,1,0
BRDA:197,12,0,0
BRDA:197,12,1,0
BRDA:201,13,0,0
BRDA:201,13,1,0
BRDA:206,14,0,0
BRDA:209,15,0,0
BRDA:209,15,1,0
BRDA:210,16,0,0
BRDA:220,17,0,0
BRDA:219,18,0,0
BRDA:219,18,1,0
BRDA:227,19,0,0
BRDA:227,19,1,0
BRDA:241,20,0,0
BRDA:245,21,0,0
BRDA:255,22,0,0
BRDA:254,23,0,0
BRDA:254,23,1,0
BRDA:263,24,0,0
BRDA:263,24,1,0
BRF:41
BRH:0
end_of_record
TN:
SF:components/admin/users/UserFilters.tsx
FN:14,UserFilters
FN:34,(anonymous_2)
FN:44,(anonymous_3)
FNF:3
FNH:0
FNDA:0,UserFilters
FNDA:0,(anonymous_2)
FNDA:0,(anonymous_3)
DA:4,0
DA:14,0
DA:21,0
DA:34,0
DA:44,0
LF:5
LH:0
BRDA:21,0,0,0
BRDA:21,0,1,0
BRDA:55,1,0,0
BRF:3
BRH:0
end_of_record
TN:
SF:components/admin/users/UsersTable.tsx
FN:31,UsersTable
FN:46,(anonymous_2)
FN:130,(anonymous_9)
FN:154,(anonymous_12)
FN:176,(anonymous_13)
FN:182,(anonymous_14)
FN:195,(anonymous_15)
FN:208,(anonymous_16)
FN:221,(anonymous_17)
FN:234,(anonymous_18)
FN:247,(anonymous_19)
FN:275,(anonymous_20)
FNF:12
FNH:3
FNDA:17,UsersTable
FNDA:43,(anonymous_2)
FNDA:43,(anonymous_9)
FNDA:0,(anonymous_12)
FNDA:0,(anonymous_13)
FNDA:0,(anonymous_14)
FNDA:0,(anonymous_15)
FNDA:0,(anonymous_16)
FNDA:0,(anonymous_17)
FNDA:0,(anonymous_18)
FNDA:0,(anonymous_19)
FNDA:0,(anonymous_20)
DA:3,1
DA:5,1
DA:6,1
DA:15,1
DA:31,17
DA:44,17
DA:46,17
DA:47,43
DA:54,29
DA:68,17
DA:130,43
DA:155,0
DA:156,0
DA:176,0
DA:183,0
DA:184,0
DA:185,0
DA:196,0
DA:197,0
DA:198,0
DA:209,0
DA:210,0
DA:211,0
DA:222,0
DA:223,0
DA:224,0
DA:235,0
DA:236,0
DA:237,0
DA:248,0
DA:249,0
DA:250,0
DA:275,0
LF:33
LH:11
BRDA:39,0,0,15
BRDA:40,1,0,16
BRDA:42,2,0,15
BRDA:47,3,0,14
BRDA:47,3,1,29
BRDA:54,4,0,0
BRDA:54,4,1,29
BRDA:85,5,0,43
BRDA:85,5,1,1
BRDA:113,6,0,43
BRDA:113,6,1,14
BRDA:122,7,0,43
BRDA:122,7,1,0
BRDA:138,8,0,14
BRDA:138,8,1,29
BRDA:156,9,0,0
BRDA:156,9,1,0
BRDA:172,10,0,43
BRDA:180,11,0,0
BRDA:193,12,0,0
BRDA:193,12,1,0
BRDA:206,13,0,0
BRDA:206,13,1,0
BRDA:219,14,0,0
BRDA:219,14,1,0
BRDA:232,15,0,0
BRDA:245,16,0,0
BRF:27
BRH:14
end_of_record
TN:
SF:components/dashboard/CreateDocumentForm.tsx
FN:50,CreateDocumentForm
FN:75,(anonymous_3)
FN:76,(anonymous_4)
FN:98,(anonymous_5)
FN:107,(anonymous_6)
FN:150,(anonymous_7)
FN:155,(anonymous_8)
FN:299,(anonymous_9)
FNF:8
FNH:0
FNDA:0,CreateDocumentForm
FNDA:0,(anonymous_3)
FNDA:0,(anonymous_4)
FNDA:0,(anonymous_5)
FNDA:0,(anonymous_6)
FNDA:0,(anonymous_7)
FNDA:0,(anonymous_8)
FNDA:0,(anonymous_9)
DA:3,0
DA:4,0
DA:5,0
DA:6,0
DA:7,0
DA:8,0
DA:9,0
DA:10,0
DA:11,0
DA:12,0
DA:14,0
DA:24,0
DA:50,0
DA:51,0
DA:52,0
DA:53,0
DA:54,0
DA:55,0
DA:56,0
DA:57,0
DA:64,0
DA:72,0
DA:75,0
DA:76,0
DA:77,0
DA:78,0
DA:79,0
DA:80,0
DA:82,0
DA:84,0
DA:91,0
DA:94,0
DA:98,0
DA:99,0
DA:100,0
DA:104,0
DA:105,0
DA:107,0
DA:108,0
DA:110,0
DA:111,0
DA:112,0
DA:113,0
DA:114,0
DA:118,0
DA:136,0
DA:137,0
DA:138,0
DA:139,0
DA:141,0
DA:142,0
DA:146,0
DA:150,0
DA:151,0
DA:152,0
DA:155,0
DA:156,0
DA:158,0
DA:159,0
DA:162,0
DA:163,0
DA:177,0
DA:180,0
DA:181,0
DA:182,0
DA:184,0
DA:185,0
DA:189,0
DA:191,0
DA:192,0
DA:196,0
DA:300,0
LF:72
LH:0
BRDA:99,0,0,0
BRDA:99,0,1,0
BRDA:99,1,0,0
BRDA:99,1,1,0
BRDA:104,2,0,0
BRDA:104,2,1,0
BRDA:105,3,0,0
BRDA:105,3,1,0
BRDA:112,4,0,0
BRDA:112,4,1,0
BRDA:121,5,0,0
BRDA:121,5,1,0
BRDA:143,6,0,0
BRDA:143,6,1,0
BRDA:156,7,0,0
BRDA:156,7,1,0
BRDA:184,8,0,0
BRDA:184,8,1,0
BRDA:192,9,0,0
BRDA:192,9,1,0
BRDA:196,10,0,0
BRDA:196,10,1,0
BRDA:196,11,0,0
BRDA:196,11,1,0
BRDA:258,12,0,0
BRDA:279,13,0,0
BRDA:305,14,0,0
BRDA:328,15,0,0
BRDA:332,16,0,0
BRDA:332,16,1,0
BRDA:333,17,0,0
BRDA:333,17,1,0
BRDA:362,18,0,0
BRDA:362,18,1,0
BRDA:362,19,0,0
BRDA:362,19,1,0
BRDA:366,20,0,0
BRDA:366,20,1,0
BRDA:366,21,0,0
BRDA:366,21,1,0
BRDA:378,22,0,0
BRDA:378,22,1,0
BRF:42
BRH:0
end_of_record
TN:
SF:components/dashboard/DocumentsList.tsx
FN:42,DocumentsList
FN:46,(anonymous_3)
FN:47,(anonymous_4)
FN:53,(anonymous_5)
FN:86,(anonymous_6)
FN:131,(anonymous_7)
FNF:6
FNH:6
FNDA:25,DocumentsList
FNDA:13,(anonymous_3)
FNDA:13,(anonymous_4)
FNDA:14,(anonymous_5)
FNDA:39,(anonymous_6)
FNDA:14,(anonymous_7)
DA:3,1
DA:4,1
DA:5,1
DA:7,1
DA:8,1
DA:16,1
DA:28,1
DA:35,1
DA:42,13
DA:43,25
DA:44,25
DA:46,25
DA:47,13
DA:48,13
DA:49,13
DA:50,13
DA:53,14
DA:63,11
DA:65,1
DA:68,1
DA:70,12
DA:74,13
DA:77,25
DA:87,39
DA:132,14
LF:25
LH:25
BRDA:53,0,0,11
BRDA:53,0,1,1
BRDA:55,1,0,14
BRDA:55,1,1,1
BRDA:56,2,0,14
BRDA:56,2,1,12
BRDA:57,3,0,14
BRDA:57,3,1,5
BRDA:59,4,0,14
BRDA:59,4,1,12
BRDA:60,5,0,14
BRDA:60,5,1,12
BRDA:77,6,0,13
BRDA:77,6,1,12
BRDA:116,7,0,4
BRDA:162,8,0,14
BRDA:178,9,0,12
BRF:17
BRH:17
end_of_record
TN:
SF:components/dashboard/GenerateSectionForm.tsx
FN:52,GenerateSectionForm
FN:74,(anonymous_3)
FN:141,(anonymous_4)
FN:179,(anonymous_5)
FN:203,(anonymous_6)
FNF:5
FNH:0
FNDA:0,GenerateSectionForm
FNDA:0,(anonymous_3)
FNDA:0,(anonymous_4)
FNDA:0,(anonymous_5)
FNDA:0,(anonymous_6)
DA:3,0
DA:4,0
DA:5,0
DA:6,0
DA:7,0
DA:8,0
DA:9,0
DA:10,0
DA:12,0
DA:23,0
DA:36,0
DA:52,0
DA:53,0
DA:54,0
DA:62,0
DA:72,0
DA:74,0
DA:75,0
DA:77,0
DA:78,0
DA:90,0
DA:92,0
DA:93,0
DA:96,0
DA:97,0
DA:99,0
DA:142,0
DA:180,0
DA:181,0
DA:182,0
DA:204,0
LF:31
LH:0
BRDA:92,0,0,0
BRDA:92,0,1,0
BRDA:97,1,0,0
BRDA:97,1,1,0
BRDA:125,2,0,0
BRDA:147,3,0,0
BRDA:164,4,0,0
BRDA:189,5,0,0
BRDA:209,6,0,0
BRDA:236,7,0,0
BRDA:236,7,1,0
BRF:11
BRH:0
end_of_record
TN:
SF:components/dashboard/RecentActivity.tsx
FN:46,RecentActivity
FN:50,(anonymous_2)
FN:51,(anonymous_3)
FN:75,(anonymous_4)
FN:105,(anonymous_5)
FNF:5
FNH:5
FNDA:23,RecentActivity
FNDA:12,(anonymous_2)
FNDA:12,(anonymous_3)
FNDA:60,(anonymous_4)
FNDA:11,(anonymous_5)
DA:3,1
DA:5,1
DA:6,1
DA:13,1
DA:24,1
DA:32,1
DA:38,1
DA:46,12
DA:47,23
DA:48,23
DA:50,23
DA:51,12
DA:52,12
DA:53,12
DA:54,12
DA:57,10
DA:59,1
DA:60,1
DA:62,11
DA:66,12
DA:69,23
DA:76,60
DA:106,11
DA:107,11
LF:24
LH:24
BRDA:57,0,0,10
BRDA:57,0,1,1
BRDA:69,1,0,12
BRDA:69,1,1,11
BRDA:97,2,0,4
BRDA:110,3,0,4
BRDA:110,3,1,7
BRDA:119,4,0,10
BRDA:119,4,1,1
BRDA:120,5,0,1
BRDA:120,5,1,0
BRF:11
BRH:10
end_of_record
TN:
SF:components/dashboard/StatsOverview.tsx
FN:15,StatsOverview
FN:24,(anonymous_2)
FN:25,(anonymous_3)
FN:81,(anonymous_4)
FN:108,(anonymous_5)
FNF:5
FNH:5
FNDA:21,StatsOverview
FNDA:11,(anonymous_2)
FNDA:11,(anonymous_3)
FNDA:44,(anonymous_4)
FNDA:40,(anonymous_5)
DA:3,1
DA:4,1
DA:5,1
DA:15,11
DA:16,21
DA:22,21
DA:24,21
DA:25,11
DA:26,11
DA:27,11
DA:28,11
DA:29,9
DA:36,1
DA:40,10
DA:44,11
DA:47,21
DA:78,21
DA:82,44
DA:109,40
LF:19
LH:19
BRDA:30,0,0,9
BRDA:30,0,1,3
BRDA:31,1,0,9
BRDA:31,1,1,4
BRDA:32,2,0,9
BRDA:32,2,1,4
BRDA:33,3,0,9
BRDA:33,3,1,4
BRDA:78,4,0,11
BRDA:78,4,1,10
BRF:10
BRH:10
end_of_record
TN:
SF:components/games/SnakeGame.tsx
FN:14,SnakeGame
FN:26,(anonymous_2)
FN:33,(anonymous_3)
FN:38,(anonymous_4)
FN:44,(anonymous_5)
FN:48,(anonymous_6)
FN:51,(anonymous_7)
FN:67,(anonymous_8)
FN:68,(anonymous_9)
FN:79,(anonymous_10)
FN:92,(anonymous_11)
FN:93,(anonymous_12)
FN:130,(anonymous_13)
FN:139,(anonymous_14)
FN:143,(anonymous_15)
FN:153,(anonymous_16)
FN:161,(anonymous_17)
FN:163,(anonymous_18)
FN:210,(anonymous_19)
FN:224,(anonymous_20)
FNF:20
FNH:0
FNDA:0,SnakeGame
FNDA:0,(anonymous_2)
FNDA:0,(anonymous_3)
FNDA:0,(anonymous_4)
FNDA:0,(anonymous_5)
FNDA:0,(anonymous_6)
FNDA:0,(anonymous_7)
FNDA:0,(anonymous_8)
FNDA:0,(anonymous_9)
FNDA:0,(anonymous_10)
FNDA:0,(anonymous_11)
FNDA:0,(anonymous_12)
FNDA:0,(anonymous_13)
FNDA:0,(anonymous_14)
FNDA:0,(anonymous_15)
FNDA:0,(anonymous_16)
FNDA:0,(anonymous_17)
FNDA:0,(anonymous_18)
FNDA:0,(anonymous_19)
FNDA:0,(anonymous_20)
DA:3,0
DA:5,0
DA:6,0
DA:7,0
DA:8,0
DA:9,0
DA:14,0
DA:15,0
DA:16,0
DA:17,0
DA:18,0
DA:19,0
DA:20,0
DA:21,0
DA:22,0
DA:23,0
DA:26,0
DA:28,0
DA:29,0
DA:33,0
DA:34,0
DA:38,0
DA:40,0
DA:41,0
DA:44,0
DA:48,0
DA:49,0
DA:51,0
DA:52,0
DA:58,0
DA:59,0
DA:60,0
DA:63,0
DA:66,0
DA:67,0
DA:68,0
DA:69,0
DA:73,0
DA:74,0
DA:79,0
DA:80,0
DA:81,0
DA:82,0
DA:83,0
DA:84,0
DA:85,0
DA:86,0
DA:87,0
DA:88,0
DA:92,0
DA:93,0
DA:94,0
DA:96,0
DA:98,0
DA:99,0
DA:100,0
DA:101,0
DA:103,0
DA:105,0
DA:106,0
DA:107,0
DA:108,0
DA:110,0
DA:112,0
DA:113,0
DA:114,0
DA:115,0
DA:117,0
DA:119,0
DA:120,0
DA:121,0
DA:122,0
DA:124,0
DA:126,0
DA:127,0
DA:128,0
DA:129,0
DA:130,0
DA:132,0
DA:134,0
DA:138,0
DA:139,0
DA:143,0
DA:144,0
DA:145,0
DA:147,0
DA:148,0
DA:149,0
DA:153,0
DA:154,0
DA:155,0
DA:161,0
DA:162,0
DA:163,0
DA:164,0
DA:166,0
DA:167,0
DA:168,0
DA:169,0
DA:170,0
DA:171,0
DA:172,0
DA:174,0
DA:177,0
DA:211,0
DA:212,0
DA:213,0
DA:224,0
LF:108
LH:0
BRDA:26,0,0,0
BRDA:33,1,0,0
BRDA:33,1,1,0
BRDA:40,2,0,0
BRDA:40,2,1,0
BRDA:40,3,0,0
BRDA:40,3,1,0
BRDA:40,3,2,0
BRDA:40,3,3,0
BRDA:44,4,0,0
BRDA:44,4,1,0
BRDA:49,5,0,0
BRDA:49,5,1,0
BRDA:49,6,0,0
BRDA:49,6,1,0
BRDA:49,6,2,0
BRDA:58,7,0,0
BRDA:58,7,1,0
BRDA:66,8,0,0
BRDA:66,8,1,0
BRDA:66,9,0,0
BRDA:66,9,1,0
BRDA:94,10,0,0
BRDA:94,10,1,0
BRDA:94,11,0,0
BRDA:94,11,1,0
BRDA:96,12,0,0
BRDA:96,12,1,0
BRDA:96,12,2,0
BRDA:96,12,3,0
BRDA:96,12,4,0
BRDA:99,13,0,0
BRDA:99,13,1,0
BRDA:106,14,0,0
BRDA:106,14,1,0
BRDA:113,15,0,0
BRDA:113,15,1,0
BRDA:120,16,0,0
BRDA:120,16,1,0
BRDA:127,17,0,0
BRDA:127,17,1,0
BRDA:129,18,0,0
BRDA:129,18,1,0
BRDA:144,19,0,0
BRDA:144,19,1,0
BRDA:144,20,0,0
BRDA:144,20,1,0
BRDA:144,20,2,0
BRDA:147,21,0,0
BRDA:147,21,1,0
BRDA:154,22,0,0
BRDA:154,22,1,0
BRDA:162,23,0,0
BRDA:162,23,1,0
BRDA:163,24,0,0
BRDA:163,24,1,0
BRDA:164,25,0,0
BRDA:164,25,1,0
BRDA:167,26,0,0
BRDA:167,26,1,0
BRDA:169,27,0,0
BRDA:169,27,1,0
BRDA:171,28,0,0
BRDA:171,28,1,0
BRDA:196,29,0,0
BRDA:218,30,0,0
BRDA:232,31,0,0
BRF:67
BRH:0
end_of_record
TN:
SF:components/layout/DashboardLayout.tsx
FN:30,DashboardLayout
FN:37,(anonymous_3)
FN:62,(anonymous_4)
FN:68,(anonymous_5)
FN:82,(anonymous_6)
FN:124,(anonymous_7)
FN:160,(anonymous_8)
FNF:7
FNH:0
FNDA:0,DashboardLayout
FNDA:0,(anonymous_3)
FNDA:0,(anonymous_4)
FNDA:0,(anonymous_5)
FNDA:0,(anonymous_6)
FNDA:0,(anonymous_7)
FNDA:0,(anonymous_8)
DA:3,0
DA:4,0
DA:5,0
DA:6,0
DA:8,0
DA:17,0
DA:19,0
DA:30,0
DA:31,0
DA:32,0
DA:33,0
DA:34,0
DA:37,0
DA:38,0
DA:39,0
DA:44,0
DA:53,0
DA:54,0
DA:62,0
DA:68,0
DA:83,0
DA:84,0
DA:125,0
DA:126,0
DA:160,0
LF:25
LH:0
BRDA:38,0,0,0
BRDA:38,0,1,0
BRDA:38,1,0,0
BRDA:38,1,1,0
BRDA:44,2,0,0
BRDA:44,2,1,0
BRDA:53,3,0,0
BRDA:53,3,1,0
BRDA:60,4,0,0
BRDA:89,5,0,0
BRDA:89,5,1,0
BRDA:96,6,0,0
BRDA:96,6,1,0
BRDA:106,7,0,0
BRDA:106,7,1,0
BRDA:131,8,0,0
BRDA:131,8,1,0
BRDA:138,9,0,0
BRDA:138,9,1,0
BRDA:148,10,0,0
BRDA:148,10,1,0
BRF:21
BRH:0
end_of_record
TN:
SF:components/layout/Footer.tsx
FN:26,Footer
FN:67,(anonymous_2)
FN:79,(anonymous_3)
FN:93,(anonymous_4)
FN:105,(anonymous_5)
FNF:5
FNH:0
FNDA:0,Footer
FNDA:0,(anonymous_2)
FNDA:0,(anonymous_3)
FNDA:0,(anonymous_4)
FNDA:0,(anonymous_5)
DA:3,0
DA:26,0
DA:68,0
DA:80,0
DA:94,0
DA:106,0
LF:6
LH:0
BRF:0
BRH:0
end_of_record
TN:
SF:components/layout/Header.tsx
FN:10,Header
FN:36,(anonymous_3)
FN:71,(anonymous_4)
FN:94,(anonymous_5)
FN:103,(anonymous_6)
FN:108,(anonymous_7)
FNF:6
FNH:0
FNDA:0,Header
FNDA:0,(anonymous_3)
FNDA:0,(anonymous_4)
FNDA:0,(anonymous_5)
FNDA:0,(anonymous_6)
FNDA:0,(anonymous_7)
DA:3,0
DA:4,0
DA:5,0
DA:6,0
DA:7,0
DA:8,0
DA:10,0
DA:11,0
DA:12,0
DA:14,0
DA:37,0
DA:71,0
DA:94,0
DA:104,0
DA:108,0
LF:15
LH:0
BRDA:49,0,0,0
BRDA:51,1,0,0
BRDA:80,2,0,0
BRDA:116,3,0,0
BRF:4
BRH:0
end_of_record
TN:
SF:components/payment/PaymentForm.tsx
FN:28,PaymentForm
FN:35,(anonymous_3)
FN:36,(anonymous_4)
FN:62,(anonymous_5)
FN:87,(anonymous_6)
FNF:5
FNH:4
FNDA:36,PaymentForm
FNDA:15,(anonymous_3)
FNDA:15,(anonymous_4)
FNDA:5,(anonymous_5)
FNDA:0,(anonymous_6)
DA:3,1
DA:4,1
DA:5,1
DA:6,1
DA:7,1
DA:9,1
DA:13,1
DA:28,15
DA:29,36
DA:30,36
DA:31,36
DA:32,36
DA:35,36
DA:36,15
DA:37,15
DA:38,15
DA:39,15
DA:40,13
DA:42,1
DA:44,1
DA:50,1
DA:52,14
DA:55,15
DA:58,36
DA:59,36
DA:60,36
DA:62,36
DA:63,5
DA:64,5
DA:66,5
DA:67,5
DA:68,5
DA:69,1
DA:70,1
DA:71,1
DA:76,4
DA:86,3
DA:87,1
DA:88,1
DA:91,2
DA:93,2
DA:95,1
DA:97,1
DA:100,2
DA:101,2
DA:104,2
LF:46
LH:46
BRDA:58,0,0,36
BRDA:58,0,1,15
BRDA:68,1,0,1
BRDA:68,1,1,4
BRDA:86,2,0,1
BRDA:86,2,1,2
BRDA:88,3,0,1
BRDA:88,3,1,0
BRDA:93,4,0,1
BRDA:93,4,1,1
BRDA:102,5,0,2
BRDA:102,5,1,0
BRDA:126,6,0,15
BRDA:126,6,1,21
BRDA:162,7,0,5
BRDA:162,7,1,31
BRDA:172,8,0,36
BRF:17
BRH:15
end_of_record
TN:
SF:components/providers/AuthProvider.tsx
FN:58,useAuth
FN:66,AuthProvider
FN:71,(anonymous_6)
FN:76,(anonymous_7)
FN:126,(anonymous_8)
FN:141,(anonymous_9)
FN:167,(anonymous_10)
FNF:7
FNH:7
FNDA:71,useAuth
FNDA:50,AuthProvider
FNDA:18,(anonymous_6)
FNDA:18,(anonymous_7)
FNDA:3,(anonymous_8)
FNDA:3,(anonymous_9)
FNDA:2,(anonymous_10)
DA:3,2
DA:4,2
DA:5,2
DA:6,2
DA:44,2
DA:58,71
DA:59,71
DA:60,70
DA:61,4
DA:63,66
DA:66,18
DA:67,50
DA:68,50
DA:69,50
DA:71,50
DA:73,18
DA:76,50
DA:77,18
DA:78,18
DA:79,18
DA:81,12
DA:82,12
DA:83,2
DA:84,2
DA:90,12
DA:91,12
DA:95,6
DA:96,6
DA:97,4
DA:100,4
DA:103,2
DA:104,2
DA:105,1
DA:106,1
DA:109,0
DA:110,0
DA:113,1
DA:114,1
DA:118,0
DA:119,0
DA:120,0
DA:122,18
DA:126,50
DA:127,3
DA:128,3
DA:130,3
DA:131,2
DA:133,1
DA:134,1
DA:135,1
DA:137,3
DA:141,50
DA:142,3
DA:143,3
DA:145,3
DA:148,2
DA:149,1
DA:150,1
DA:151,1
DA:152,1
DA:153,1
DA:154,1
DA:157,1
DA:159,1
DA:160,1
DA:161,1
DA:163,3
DA:167,50
DA:168,2
DA:170,2
DA:171,2
DA:174,1
DA:177,2
DA:178,2
DA:179,2
DA:180,2
DA:182,0
DA:184,0
DA:185,0
DA:186,0
DA:190,50
LF:81
LH:72
BRDA:60,0,0,4
BRDA:60,0,1,66
BRDA:79,1,0,12
BRDA:79,1,1,6
BRDA:82,2,0,2
BRDA:82,2,1,10
BRDA:104,3,0,1
BRDA:104,3,1,1
BRDA:148,4,0,1
BRDA:148,4,1,1
BRDA:148,5,0,2
BRDA:148,5,1,2
BRDA:148,5,2,2
BRF:13
BRH:13
end_of_record
TN:
SF:components/sections/Features.tsx
FN:43,Features
FN:59,(anonymous_2)
FNF:2
FNH:0
FNDA:0,Features
FNDA:0,(anonymous_2)
DA:8,0
DA:10,0
DA:43,0
DA:60,0
LF:4
LH:0
BRF:0
BRH:0
end_of_record
TN:
SF:components/sections/Hero.tsx
FN:5,Hero
FNF:1
FNH:0
FNDA:0,Hero
DA:1,0
DA:2,0
DA:3,0
DA:5,0
LF:4
LH:0
BRF:0
BRH:0
end_of_record
TN:
SF:components/sections/HowItWorks.tsx
FN:35,HowItWorks
FN:51,(anonymous_2)
FNF:2
FNH:0
FNDA:0,HowItWorks
FNDA:0,(anonymous_2)
DA:6,0
DA:8,0
DA:35,0
DA:52,0
LF:4
LH:0
BRDA:62,0,0,0
BRF:1
BRH:0
end_of_record
TN:
SF:components/sections/Pricing.tsx
FN:56,Pricing
FN:70,(anonymous_2)
FN:101,(anonymous_3)
FNF:3
FNH:0
FNDA:0,Pricing
FNDA:0,(anonymous_2)
FNDA:0,(anonymous_3)
DA:1,0
DA:2,0
DA:4,0
DA:56,0
DA:71,0
DA:102,0
LF:6
LH:0
BRDA:74,0,0,0
BRDA:74,0,1,0
BRDA:82,1,0,0
BRDA:82,1,1,0
BRDA:87,2,0,0
BRDA:87,2,1,0
BRDA:112,3,0,0
BRDA:112,3,1,0
BRF:8
BRH:0
end_of_record
TN:
SF:components/ui/Button.tsx
FN:11,(anonymous_1)
FNF:1
FNH:1
FNDA:106,(anonymous_1)
DA:1,2
DA:2,2
DA:10,2
DA:12,106
DA:14,106
DA:22,106
DA:29,106
DA:45,2
DA:47,106
LF:9
LH:9
BRDA:11,0,0,54
BRDA:11,1,0,62
BRDA:11,2,0,54
BRDA:29,3,0,52
BRDA:29,3,1,54
BRF:5
BRH:5
end_of_record
TN:
SF:components/ui/ErrorBoundary.tsx
FN:16,(anonymous_2)
FN:21,(anonymous_3)
FN:25,(anonymous_4)
FN:30,(anonymous_5)
FNF:4
FNH:0
FNDA:0,(anonymous_2)
FNDA:0,(anonymous_3)
FNDA:0,(anonymous_4)
FNDA:0,(anonymous_5)
DA:3,0
DA:15,0
DA:17,0
DA:18,0
DA:22,0
DA:27,0
DA:31,0
DA:39,0
LF:8
LH:0
BRDA:31,0,0,0
BRDA:31,0,1,0
BRDA:32,1,0,0
BRF:3
BRH:0
end_of_record
TN:
SF:components/ui/LoadingSpinner.tsx
FN:6,LoadingSpinner
FNF:1
FNH:1
FNDA:5,LoadingSpinner
DA:6,5
DA:7,5
LF:2
LH:2
BRDA:6,0,0,0
BRDA:6,1,0,5
BRF:2
BRH:1
end_of_record
TN:
SF:components/ui/UserMenu.tsx
FN:22,UserMenu
FN:26,(anonymous_3)
FN:35,(anonymous_4)
FN:47,(anonymous_5)
FN:60,(anonymous_6)
FN:69,(anonymous_7)
FN:78,(anonymous_8)
FNF:7
FNH:0
FNDA:0,UserMenu
FNDA:0,(anonymous_3)
FNDA:0,(anonymous_4)
FNDA:0,(anonymous_5)
FNDA:0,(anonymous_6)
FNDA:0,(anonymous_7)
FNDA:0,(anonymous_8)
DA:3,0
DA:4,0
DA:5,0
DA:6,0
DA:12,0
DA:22,0
DA:23,0
DA:24,0
DA:26,0
DA:27,0
DA:28,0
DA:35,0
DA:47,0
DA:60,0
DA:69,0
DA:78,0
LF:16
LH:0
BRDA:43,0,0,0
BRDA:53,1,0,0
BRDA:53,1,1,0
BRF:3
BRH:0
end_of_record
TN:
SF:lib/api.ts
FN:51,(anonymous_7)
FN:59,(anonymous_8)
FN:67,(anonymous_9)
FN:76,(anonymous_10)
FN:85,(anonymous_11)
FN:110,(anonymous_12)
FN:117,(anonymous_13)
FN:160,(anonymous_14)
FN:183,(anonymous_15)
FN:189,(anonymous_16)
FN:207,(anonymous_17)
FN:222,(anonymous_18)
FN:234,(anonymous_19)
FN:244,(anonymous_20)
FN:255,(anonymous_21)
FN:266,(anonymous_22)
FN:303,(anonymous_23)
FN:304,(anonymous_24)
FN:305,(anonymous_25)
FN:306,(anonymous_26)
FN:329,(anonymous_27)
FN:345,(anonymous_28)
FN:346,(anonymous_29)
FN:359,(anonymous_30)
FN:360,(anonymous_31)
FN:361,(anonymous_32)
FN:362,(anonymous_33)
FN:363,(anonymous_34)
FNF:28
FNH:15
FNDA:22,(anonymous_7)
FNDA:12,(anonymous_8)
FNDA:20,(anonymous_9)
FNDA:4,(anonymous_10)
FNDA:15,(anonymous_11)
FNDA:14,(anonymous_12)
FNDA:12,(anonymous_13)
FNDA:15,(anonymous_14)
FNDA:15,(anonymous_15)
FNDA:0,(anonymous_16)
FNDA:15,(anonymous_17)
FNDA:0,(anonymous_18)
FNDA:15,(anonymous_19)
FNDA:0,(anonymous_20)
FNDA:0,(anonymous_21)
FNDA:0,(anonymous_22)
FNDA:1,(anonymous_23)
FNDA:1,(anonymous_24)
FNDA:1,(anonymous_25)
FNDA:1,(anonymous_26)
FNDA:0,(anonymous_27)
FNDA:0,(anonymous_28)
FNDA:0,(anonymous_29)
FNDA:0,(anonymous_30)
FNDA:0,(anonymous_31)
FNDA:0,(anonymous_32)
FNDA:0,(anonymous_33)
FNDA:0,(anonymous_34)
DA:39,2
DA:40,2
DA:41,2
DA:42,2
DA:51,7
DA:52,22
DA:53,22
DA:59,2
DA:60,12
DA:61,12
DA:67,12
DA:68,20
DA:69,20
DA:70,20
DA:76,2
DA:77,4
DA:78,4
DA:79,4
DA:85,2
DA:86,15
DA:88,15
DA:89,15
DA:91,14
DA:92,14
DA:93,14
DA:95,0
DA:103,2
DA:104,2
DA:110,2
DA:112,14
DA:113,2
DA:116,12
DA:117,12
DA:118,12
DA:119,12
DA:120,12
DA:121,1
DA:122,1
DA:125,11
DA:133,10
DA:134,2
DA:135,2
DA:138,8
DA:139,8
DA:140,8
DA:142,8
DA:143,8
DA:145,1
DA:146,1
DA:147,1
DA:149,12
DA:150,12
DA:154,12
DA:160,2
DA:161,15
DA:163,15
DA:164,0
DA:168,15
DA:169,11
DA:170,11
DA:173,4
DA:183,2
DA:184,15
DA:188,15
DA:189,0
DA:190,0
DA:191,0
DA:196,15
DA:197,15
DA:198,13
DA:201,15
DA:207,2
DA:208,15
DA:210,3
DA:211,3
DA:212,3
DA:214,2
DA:215,2
DA:217,2
DA:219,1
DA:222,0
DA:223,0
DA:226,11
DA:227,11
DA:233,24
DA:235,15
DA:236,15
DA:241,15
DA:245,0
DA:246,0
DA:252,0
DA:256,0
DA:257,0
DA:263,0
DA:267,0
DA:268,0
DA:273,0
DA:281,21
DA:303,1
DA:304,1
DA:305,1
DA:306,1
DA:329,0
DA:345,0
DA:346,0
DA:359,0
DA:360,0
DA:361,0
DA:362,0
DA:363,0
DA:370,2
LF:111
LH:87
BRDA:39,0,0,2
BRDA:39,0,1,2
BRDA:52,1,0,0
BRDA:52,1,1,22
BRDA:60,2,0,0
BRDA:60,2,1,12
BRDA:68,3,0,0
BRDA:68,3,1,20
BRDA:77,4,0,0
BRDA:77,4,1,4
BRDA:89,5,0,1
BRDA:89,5,1,14
BRDA:112,6,0,2
BRDA:112,6,1,12
BRDA:112,7,0,14
BRDA:112,7,1,2
BRDA:120,8,0,1
BRDA:120,8,1,11
BRDA:133,9,0,2
BRDA:133,9,1,8
BRDA:140,10,0,8
BRDA:140,10,1,1
BRDA:163,11,0,0
BRDA:163,11,1,15
BRDA:168,12,0,11
BRDA:168,12,1,4
BRDA:188,13,0,0
BRDA:188,13,1,15
BRDA:190,14,0,0
BRDA:190,14,1,0
BRDA:197,15,0,13
BRDA:197,15,1,2
BRDA:208,16,0,3
BRDA:208,16,1,11
BRDA:210,17,0,3
BRDA:210,17,1,0
BRDA:212,18,0,2
BRDA:212,18,1,1
BRDA:214,19,0,2
BRDA:214,19,1,0
BRDA:223,20,0,0
BRDA:223,20,1,0
BRDA:223,20,2,0
BRF:43
BRH:30
end_of_record
TN:
SF:lib/utils.ts
FN:18,cn
FN:27,formatDate
FN:47,formatDateTime
FN:63,formatDateOnly
FN:86,sanitizeText
FN:102,truncate
FN:118,formatCurrency
FN:128,sleep
FN:129,(anonymous_17)
FNF:9
FNH:5
FNDA:106,cn
FNDA:14,formatDate
FNDA:11,formatDateTime
FNDA:86,formatDateOnly
FNDA:28,sanitizeText
FNDA:0,truncate
FNDA:0,formatCurrency
FNDA:0,sleep
FNDA:0,(anonymous_17)
DA:18,106
DA:19,106
DA:27,14
DA:28,14
DA:29,14
DA:47,11
DA:48,11
DA:49,11
DA:50,11
DA:63,86
DA:64,86
DA:65,72
DA:66,72
DA:86,28
DA:87,28
DA:88,28
DA:89,28
DA:102,0
DA:103,0
DA:104,0
DA:118,0
DA:119,0
DA:128,0
DA:129,0
LF:24
LH:17
BRDA:28,0,0,14
BRDA:28,0,1,0
BRDA:47,1,0,11
BRDA:48,2,0,0
BRDA:48,2,1,11
BRDA:49,3,0,11
BRDA:49,3,1,0
BRDA:63,4,0,43
BRDA:64,5,0,14
BRDA:64,5,1,72
BRDA:65,6,0,72
BRDA:65,6,1,0
BRDA:103,7,0,0
BRDA:103,7,1,0
BRDA:118,8,0,0
BRF:15
BRH:8
end_of_record
TN:
SF:lib/api/admin.ts
FN:195,(anonymous_1)
FN:198,(anonymous_2)
FN:214,(anonymous_3)
FN:219,(anonymous_4)
FN:224,(anonymous_5)
FN:229,(anonymous_6)
FN:235,(anonymous_7)
FN:241,(anonymous_8)
FN:247,(anonymous_9)
FN:252,(anonymous_10)
FN:257,(anonymous_11)
FN:261,(anonymous_12)
FN:265,(anonymous_13)
FN:269,(anonymous_14)
FN:273,(anonymous_15)
FN:278,(anonymous_16)
FN:283,(anonymous_17)
FN:288,(anonymous_18)
FN:293,(anonymous_19)
FN:297,(anonymous_20)
FN:301,(anonymous_21)
FN:307,(anonymous_22)
FN:312,(anonymous_23)
FN:317,(anonymous_24)
FN:322,(anonymous_25)
FN:327,(anonymous_26)
FN:331,(anonymous_27)
FN:338,(anonymous_28)
FN:343,(anonymous_29)
FN:348,(anonymous_30)
FN:353,(anonymous_31)
FN:358,(anonymous_32)
FN:365,(anonymous_33)
FN:369,(anonymous_34)
FN:375,(anonymous_35)
FN:380,(anonymous_36)
FN:384,(anonymous_37)
FN:388,(anonymous_38)
FN:392,(anonymous_39)
FNF:39
FNH:0
FNDA:0,(anonymous_1)
FNDA:0,(anonymous_2)
FNDA:0,(anonymous_3)
FNDA:0,(anonymous_4)
FNDA:0,(anonymous_5)
FNDA:0,(anonymous_6)
FNDA:0,(anonymous_7)
FNDA:0,(anonymous_8)
FNDA:0,(anonymous_9)
FNDA:0,(anonymous_10)
FNDA:0,(anonymous_11)
FNDA:0,(anonymous_12)
FNDA:0,(anonymous_13)
FNDA:0,(anonymous_14)
FNDA:0,(anonymous_15)
FNDA:0,(anonymous_16)
FNDA:0,(anonymous_17)
FNDA:0,(anonymous_18)
FNDA:0,(anonymous_19)
FNDA:0,(anonymous_20)
FNDA:0,(anonymous_21)
FNDA:0,(anonymous_22)
FNDA:0,(anonymous_23)
FNDA:0,(anonymous_24)
FNDA:0,(anonymous_25)
FNDA:0,(anonymous_26)
FNDA:0,(anonymous_27)
FNDA:0,(anonymous_28)
FNDA:0,(anonymous_29)
FNDA:0,(anonymous_30)
FNDA:0,(anonymous_31)
FNDA:0,(anonymous_32)
FNDA:0,(anonymous_33)
FNDA:0,(anonymous_34)
FNDA:0,(anonymous_35)
FNDA:0,(anonymous_36)
FNDA:0,(anonymous_37)
FNDA:0,(anonymous_38)
FNDA:0,(anonymous_39)
DA:192,0
DA:195,0
DA:196,0
DA:197,0
DA:198,0
DA:199,0
DA:200,0
DA:203,0
DA:204,0
DA:207,0
DA:215,0
DA:216,0
DA:220,0
DA:225,0
DA:226,0
DA:230,0
DA:231,0
DA:232,0
DA:236,0
DA:237,0
DA:238,0
DA:242,0
DA:243,0
DA:248,0
DA:249,0
DA:253,0
DA:254,0
DA:258,0
DA:262,0
DA:266,0
DA:270,0
DA:274,0
DA:279,0
DA:280,0
DA:284,0
DA:285,0
DA:289,0
DA:290,0
DA:294,0
DA:298,0
DA:302,0
DA:303,0
DA:308,0
DA:309,0
DA:313,0
DA:314,0
DA:318,0
DA:319,0
DA:323,0
DA:324,0
DA:328,0
DA:332,0
DA:333,0
DA:334,0
DA:339,0
DA:340,0
DA:344,0
DA:345,0
DA:349,0
DA:350,0
DA:354,0
DA:355,0
DA:359,0
DA:366,0
DA:370,0
DA:371,0
DA:376,0
DA:377,0
DA:381,0
DA:385,0
DA:389,0
DA:393,0
LF:72
LH:0
BRDA:196,0,0,0
BRDA:196,0,1,0
BRDA:199,1,0,0
BRDA:199,1,1,0
BRDA:199,2,0,0
BRDA:199,2,1,0
BRDA:204,3,0,0
BRDA:204,3,1,0
BRDA:301,4,0,0
BRDA:301,5,0,0
BRDA:312,6,0,0
BRDA:312,7,0,0
BRF:12
BRH:0
end_of_record
TN:
SF:lib/api/refunds.ts
FN:58,(anonymous_1)
FN:66,(anonymous_2)
FN:74,(anonymous_3)
FNF:3
FNH:0
FNDA:0,(anonymous_1)
FNDA:0,(anonymous_2)
FNDA:0,(anonymous_3)
DA:19,0
DA:54,0
DA:59,0
DA:60,0
DA:67,0
DA:68,0
DA:75,0
DA:76,0
LF:8
LH:0
BRF:0
BRH:0
end_of_record
TN:
SF:lib/utils/date.ts
FNF:0
FNH:0
DA:6,0
LF:1
LH:0
BRF:0
BRH:0
end_of_record
